java(6754): Operation not permitted
java(8707): Operation not permitted
java: no process found
rm -f *.class
javac Node.java
javac Server.java
Server ready
Requesting Join
Join Accepted By Master, Provider Set To: 54.153.0.234
here
221,1557849344679,aa
Curr Log Value 221--Offset in ms: 6404


HELLO 1
here
221,1557849344679,aa
226,1557849349679,aa
Curr Log Value 226--Offset in ms: 4746


MISSED DATABLOCK
here
221,1557849344679,aa
226,1557849349679,aa
227,1557849350679,aa
Curr Log Value 227--Offset in ms: 4226


here
221,1557849344679,aa
226,1557849349679,aa
227,1557849350679,aa
227,1557849350679,aa
Curr Log Value 227--Offset in ms: 4801


MISSED DATABLOCK
here
221,1557849344679,aa
226,1557849349679,aa
227,1557849350679,aa
227,1557849350679,aa
228,1557849351679,aa
Curr Log Value 228--Offset in ms: 4263


here
221,1557849344679,aa
226,1557849349679,aa
227,1557849350679,aa
227,1557849350679,aa
228,1557849351679,aa
228,1557849351679,aa
Curr Log Value 228--Offset in ms: 4723


MISSED DATABLOCK
here
226,1557849349679,aa
227,1557849350679,aa
227,1557849350679,aa
228,1557849351679,aa
228,1557849351679,aa
229,1557849352679,aa
Curr Log Value 229--Offset in ms: 4203


here
227,1557849350679,aa
227,1557849350679,aa
228,1557849351679,aa
228,1557849351679,aa
229,1557849352679,aa
229,1557849352679,aa
Curr Log Value 229--Offset in ms: 4780


MISSED DATABLOCK
here
227,1557849350679,aa
228,1557849351679,aa
228,1557849351679,aa
229,1557849352679,aa
229,1557849352679,aa
230,1557849353679,aa
Curr Log Value 230--Offset in ms: 4345


here
228,1557849351679,aa
228,1557849351679,aa
229,1557849352679,aa
229,1557849352679,aa
230,1557849353679,aa
230,1557849353679,aa
Curr Log Value 230--Offset in ms: 4817


MISSED DATABLOCK
here
228,1557849351679,aa
229,1557849352679,aa
229,1557849352679,aa
230,1557849353679,aa
230,1557849353679,aa
231,1557849354679,aa
Curr Log Value 231--Offset in ms: 4286


here
229,1557849352679,aa
229,1557849352679,aa
230,1557849353679,aa
230,1557849353679,aa
231,1557849354679,aa
232,1557849355680,aa
Curr Log Value 232--Offset in ms: 4280


here
229,1557849352679,aa
230,1557849353679,aa
230,1557849353679,aa
231,1557849354679,aa
232,1557849355680,aa
233,1557849356680,aa
Curr Log Value 233--Offset in ms: 4273


here
230,1557849353679,aa
230,1557849353679,aa
231,1557849354679,aa
232,1557849355680,aa
233,1557849356680,aa
234,1557849357679,aa
Curr Log Value 234--Offset in ms: 4284


here
230,1557849353679,aa
231,1557849354679,aa
232,1557849355680,aa
233,1557849356680,aa
234,1557849357679,aa
235,1557849358680,aa
Curr Log Value 235--Offset in ms: 4275


here
231,1557849354679,aa
232,1557849355680,aa
233,1557849356680,aa
234,1557849357679,aa
235,1557849358680,aa
236,1557849359679,aa
Curr Log Value 236--Offset in ms: 4283


here
232,1557849355680,aa
233,1557849356680,aa
234,1557849357679,aa
235,1557849358680,aa
236,1557849359679,aa
237,1557849360679,aa
Curr Log Value 237--Offset in ms: 4274


here
233,1557849356680,aa
234,1557849357679,aa
235,1557849358680,aa
236,1557849359679,aa
237,1557849360679,aa
238,1557849361680,aa
Curr Log Value 238--Offset in ms: 4385


here
234,1557849357679,aa
235,1557849358680,aa
236,1557849359679,aa
237,1557849360679,aa
238,1557849361680,aa
239,1557849362680,aa
Curr Log Value 239--Offset in ms: 4275


here
235,1557849358680,aa
236,1557849359679,aa
237,1557849360679,aa
238,1557849361680,aa
239,1557849362680,aa
240,1557849363679,aa
Curr Log Value 240--Offset in ms: 4393


here
236,1557849359679,aa
237,1557849360679,aa
238,1557849361680,aa
239,1557849362680,aa
240,1557849363679,aa
241,1557849364679,aa
Curr Log Value 241--Offset in ms: 4278


here
237,1557849360679,aa
238,1557849361680,aa
239,1557849362680,aa
240,1557849363679,aa
241,1557849364679,aa
242,1557849365679,aa
Curr Log Value 242--Offset in ms: 4385


here
238,1557849361680,aa
239,1557849362680,aa
240,1557849363679,aa
241,1557849364679,aa
242,1557849365679,aa
243,1557849366679,aa
Curr Log Value 243--Offset in ms: 4275


here
239,1557849362680,aa
240,1557849363679,aa
241,1557849364679,aa
242,1557849365679,aa
243,1557849366679,aa
244,1557849367679,aa
Curr Log Value 244--Offset in ms: 4393


here
240,1557849363679,aa
241,1557849364679,aa
242,1557849365679,aa
243,1557849366679,aa
244,1557849367679,aa
245,1557849368679,aa
Curr Log Value 245--Offset in ms: 4272


here
241,1557849364679,aa
242,1557849365679,aa
243,1557849366679,aa
244,1557849367679,aa
245,1557849368679,aa
246,1557849369679,aa
Curr Log Value 246--Offset in ms: 4381


here
242,1557849365679,aa
243,1557849366679,aa
244,1557849367679,aa
245,1557849368679,aa
246,1557849369679,aa
247,1557849370679,aa
Curr Log Value 247--Offset in ms: 4272


here
243,1557849366679,aa
244,1557849367679,aa
245,1557849368679,aa
246,1557849369679,aa
247,1557849370679,aa
248,1557849371679,aa
Curr Log Value 248--Offset in ms: 4392


here
244,1557849367679,aa
245,1557849368679,aa
246,1557849369679,aa
247,1557849370679,aa
248,1557849371679,aa
249,1557849372679,aa
Curr Log Value 249--Offset in ms: 4272


here
245,1557849368679,aa
246,1557849369679,aa
247,1557849370679,aa
248,1557849371679,aa
249,1557849372679,aa
250,1557849373679,aa
Curr Log Value 250--Offset in ms: 4382


here
246,1557849369679,aa
247,1557849370679,aa
248,1557849371679,aa
249,1557849372679,aa
250,1557849373679,aa
251,1557849374679,aa
Curr Log Value 251--Offset in ms: 4272


here
247,1557849370679,aa
248,1557849371679,aa
249,1557849372679,aa
250,1557849373679,aa
251,1557849374679,aa
252,1557849375679,aa
Curr Log Value 252--Offset in ms: 4390


here
248,1557849371679,aa
249,1557849372679,aa
250,1557849373679,aa
251,1557849374679,aa
252,1557849375679,aa
253,1557849376679,aa
Curr Log Value 253--Offset in ms: 4269


here
249,1557849372679,aa
250,1557849373679,aa
251,1557849374679,aa
252,1557849375679,aa
253,1557849376679,aa
254,1557849377679,aa
Curr Log Value 254--Offset in ms: 4384


here
250,1557849373679,aa
251,1557849374679,aa
252,1557849375679,aa
253,1557849376679,aa
254,1557849377679,aa
255,1557849378679,aa
Curr Log Value 255--Offset in ms: 4270


here
251,1557849374679,aa
252,1557849375679,aa
253,1557849376679,aa
254,1557849377679,aa
255,1557849378679,aa
256,1557849379679,aa
Curr Log Value 256--Offset in ms: 4393


here
252,1557849375679,aa
253,1557849376679,aa
254,1557849377679,aa
255,1557849378679,aa
256,1557849379679,aa
257,1557849380680,aa
Curr Log Value 257--Offset in ms: 4271


here
253,1557849376679,aa
254,1557849377679,aa
255,1557849378679,aa
256,1557849379679,aa
257,1557849380680,aa
257,1557849380680,aa
Curr Log Value 257--Offset in ms: 5380


MISSED DATABLOCK
HELLO 2
here
254,1557849377679,aa
255,1557849378679,aa
256,1557849379679,aa
257,1557849380680,aa
257,1557849380680,aa
259,1557849382679,aa
Curr Log Value 259--Offset in ms: 5267


MISSED DATABLOCK
HELLO 3
here
255,1557849378679,aa
256,1557849379679,aa
257,1557849380680,aa
257,1557849380680,aa
259,1557849382679,aa
264,1557849387679,aa
Curr Log Value 264--Offset in ms: 4794


MISSED DATABLOCK
here
256,1557849379679,aa
257,1557849380680,aa
257,1557849380680,aa
259,1557849382679,aa
264,1557849387679,aa
264,1557849387679,aa
Curr Log Value 264--Offset in ms: 5309


MISSED DATABLOCK
HELLO 4
here
257,1557849380680,aa
257,1557849380680,aa
259,1557849382679,aa
264,1557849387679,aa
264,1557849387679,aa
269,1557849392679,aa
Curr Log Value 269--Offset in ms: 3597


MISSED DATABLOCK
here
257,1557849380680,aa
259,1557849382679,aa
264,1557849387679,aa
264,1557849387679,aa
269,1557849392679,aa
270,1557849393679,aa
Curr Log Value 270--Offset in ms: 3069


here
259,1557849382679,aa
264,1557849387679,aa
264,1557849387679,aa
269,1557849392679,aa
270,1557849393679,aa
270,1557849393679,aa
Curr Log Value 270--Offset in ms: 3650


MISSED DATABLOCK
here
264,1557849387679,aa
264,1557849387679,aa
269,1557849392679,aa
270,1557849393679,aa
270,1557849393679,aa
271,1557849394679,aa
Curr Log Value 271--Offset in ms: 3233


here
264,1557849387679,aa
269,1557849392679,aa
270,1557849393679,aa
270,1557849393679,aa
271,1557849394679,aa
271,1557849394679,aa
Curr Log Value 271--Offset in ms: 3815


MISSED DATABLOCK
here
269,1557849392679,aa
270,1557849393679,aa
270,1557849393679,aa
271,1557849394679,aa
271,1557849394679,aa
272,1557849395679,aa
Curr Log Value 272--Offset in ms: 3399


here
270,1557849393679,aa
270,1557849393679,aa
271,1557849394679,aa
271,1557849394679,aa
272,1557849395679,aa
272,1557849395679,aa
Curr Log Value 272--Offset in ms: 4093


MISSED DATABLOCK
here
270,1557849393679,aa
271,1557849394679,aa
271,1557849394679,aa
272,1557849395679,aa
272,1557849395679,aa
273,1557849396679,aa
Curr Log Value 273--Offset in ms: 3902


here
271,1557849394679,aa
271,1557849394679,aa
272,1557849395679,aa
272,1557849395679,aa
273,1557849396679,aa
274,1557849397679,aa
Curr Log Value 274--Offset in ms: 3713


Client exception: java.rmi.UnmarshalException: Error unmarshaling return header; nested exception is: 
	java.io.EOFException
request Data failed, requesting new Provider
Requesting new Provider other than 35.178.15.57
FATAL ERROR: Master Failure To Respond
misssed 13 out of 53
MISSRATE = 0
