java(24824): Operation not permitted
java(30754): Operation not permitted
java: no process found
rm -f *.class
javac Node.java
javac Server.java
Server ready
Requesting Join
Join Accepted By Master, Provider Set To: 54.153.0.234
here
186,1557849309679,aa
Curr Log Value 186--Offset in ms: 5347


HELLO 1
here
186,1557849309679,aa
190,1557849313679,aa
Curr Log Value 190--Offset in ms: 5516


MISSED DATABLOCK
HELLO 2
here
186,1557849309679,aa
190,1557849313679,aa
194,1557849317679,aa
Curr Log Value 194--Offset in ms: 6986


MISSED DATABLOCK
HELLO 3
here
186,1557849309679,aa
190,1557849313679,aa
194,1557849317679,aa
199,1557849322679,aa
Curr Log Value 199--Offset in ms: 5652


MISSED DATABLOCK
HELLO 4
here
186,1557849309679,aa
190,1557849313679,aa
194,1557849317679,aa
199,1557849322679,aa
206,1557849329680,aa
Curr Log Value 206--Offset in ms: 1394


MISSED DATABLOCK
here
186,1557849309679,aa
190,1557849313679,aa
194,1557849317679,aa
199,1557849322679,aa
206,1557849329680,aa
207,1557849330679,aa
Curr Log Value 207--Offset in ms: 988


here
190,1557849313679,aa
194,1557849317679,aa
199,1557849322679,aa
206,1557849329680,aa
207,1557849330679,aa
208,1557849331679,aa
Curr Log Value 208--Offset in ms: 704


here
194,1557849317679,aa
199,1557849322679,aa
206,1557849329680,aa
207,1557849330679,aa
208,1557849331679,aa
208,1557849331679,aa
Curr Log Value 208--Offset in ms: 1151


MISSED DATABLOCK
here
199,1557849322679,aa
206,1557849329680,aa
207,1557849330679,aa
208,1557849331679,aa
208,1557849331679,aa
209,1557849332679,aa
Curr Log Value 209--Offset in ms: 606


here
206,1557849329680,aa
207,1557849330679,aa
208,1557849331679,aa
208,1557849331679,aa
209,1557849332679,aa
209,1557849332679,aa
Curr Log Value 209--Offset in ms: 1194


MISSED DATABLOCK
here
207,1557849330679,aa
208,1557849331679,aa
208,1557849331679,aa
209,1557849332679,aa
209,1557849332679,aa
210,1557849333679,aa
Curr Log Value 210--Offset in ms: 773


here
208,1557849331679,aa
208,1557849331679,aa
209,1557849332679,aa
209,1557849332679,aa
210,1557849333679,aa
210,1557849333679,aa
Curr Log Value 210--Offset in ms: 1348


MISSED DATABLOCK
here
208,1557849331679,aa
209,1557849332679,aa
209,1557849332679,aa
210,1557849333679,aa
210,1557849333679,aa
211,1557849334679,aa
Curr Log Value 211--Offset in ms: 1060


here
209,1557849332679,aa
209,1557849332679,aa
210,1557849333679,aa
210,1557849333679,aa
211,1557849334679,aa
212,1557849335679,aa
Curr Log Value 212--Offset in ms: 782


here
209,1557849332679,aa
210,1557849333679,aa
210,1557849333679,aa
211,1557849334679,aa
212,1557849335679,aa
212,1557849335679,aa
Curr Log Value 212--Offset in ms: 1492


MISSED DATABLOCK
here
210,1557849333679,aa
210,1557849333679,aa
211,1557849334679,aa
212,1557849335679,aa
212,1557849335679,aa
213,1557849336679,aa
Curr Log Value 213--Offset in ms: 1073


here
210,1557849333679,aa
211,1557849334679,aa
212,1557849335679,aa
212,1557849335679,aa
213,1557849336679,aa
214,1557849337679,aa
Curr Log Value 214--Offset in ms: 655


here
211,1557849334679,aa
212,1557849335679,aa
212,1557849335679,aa
213,1557849336679,aa
214,1557849337679,aa
214,1557849337679,aa
Curr Log Value 214--Offset in ms: 1380


MISSED DATABLOCK
here
212,1557849335679,aa
212,1557849335679,aa
213,1557849336679,aa
214,1557849337679,aa
214,1557849337679,aa
215,1557849338679,aa
Curr Log Value 215--Offset in ms: 1099


here
212,1557849335679,aa
213,1557849336679,aa
214,1557849337679,aa
214,1557849337679,aa
215,1557849338679,aa
216,1557849339679,aa
Curr Log Value 216--Offset in ms: 814


here
213,1557849336679,aa
214,1557849337679,aa
214,1557849337679,aa
215,1557849338679,aa
216,1557849339679,aa
217,1557849340679,aa
Curr Log Value 217--Offset in ms: 532


here
214,1557849337679,aa
214,1557849337679,aa
215,1557849338679,aa
216,1557849339679,aa
217,1557849340679,aa
217,1557849340679,aa
Curr Log Value 217--Offset in ms: 1257


MISSED DATABLOCK
here
214,1557849337679,aa
215,1557849338679,aa
216,1557849339679,aa
217,1557849340679,aa
217,1557849340679,aa
218,1557849341679,aa
Curr Log Value 218--Offset in ms: 978


here
215,1557849338679,aa
216,1557849339679,aa
217,1557849340679,aa
217,1557849340679,aa
218,1557849341679,aa
219,1557849342679,aa
Curr Log Value 219--Offset in ms: 693


here
216,1557849339679,aa
217,1557849340679,aa
217,1557849340679,aa
218,1557849341679,aa
219,1557849342679,aa
219,1557849342679,aa
Curr Log Value 219--Offset in ms: 1413


MISSED DATABLOCK
here
217,1557849340679,aa
217,1557849340679,aa
218,1557849341679,aa
219,1557849342679,aa
219,1557849342679,aa
220,1557849343680,aa
Curr Log Value 220--Offset in ms: 1133


here
217,1557849340679,aa
218,1557849341679,aa
219,1557849342679,aa
219,1557849342679,aa
220,1557849343680,aa
221,1557849344679,aa
Curr Log Value 221--Offset in ms: 848


here
218,1557849341679,aa
219,1557849342679,aa
219,1557849342679,aa
220,1557849343680,aa
221,1557849344679,aa
222,1557849345679,aa
Curr Log Value 222--Offset in ms: 561


here
219,1557849342679,aa
219,1557849342679,aa
220,1557849343680,aa
221,1557849344679,aa
222,1557849345679,aa
222,1557849345679,aa
Curr Log Value 222--Offset in ms: 1275


MISSED DATABLOCK
here
219,1557849342679,aa
220,1557849343680,aa
221,1557849344679,aa
222,1557849345679,aa
222,1557849345679,aa
223,1557849346679,aa
Curr Log Value 223--Offset in ms: 999


here
220,1557849343680,aa
221,1557849344679,aa
222,1557849345679,aa
222,1557849345679,aa
223,1557849346679,aa
224,1557849347679,aa
Curr Log Value 224--Offset in ms: 714


here
221,1557849344679,aa
222,1557849345679,aa
222,1557849345679,aa
223,1557849346679,aa
224,1557849347679,aa
224,1557849347679,aa
Curr Log Value 224--Offset in ms: 1426


MISSED DATABLOCK
here
222,1557849345679,aa
222,1557849345679,aa
223,1557849346679,aa
224,1557849347679,aa
224,1557849347679,aa
225,1557849348679,aa
Curr Log Value 225--Offset in ms: 1139


here
222,1557849345679,aa
223,1557849346679,aa
224,1557849347679,aa
224,1557849347679,aa
225,1557849348679,aa
226,1557849349679,aa
Curr Log Value 226--Offset in ms: 876


here
223,1557849346679,aa
224,1557849347679,aa
224,1557849347679,aa
225,1557849348679,aa
226,1557849349679,aa
227,1557849350679,aa
Curr Log Value 227--Offset in ms: 588


here
224,1557849347679,aa
224,1557849347679,aa
225,1557849348679,aa
226,1557849349679,aa
227,1557849350679,aa
227,1557849350679,aa
Curr Log Value 227--Offset in ms: 1300


MISSED DATABLOCK
here
224,1557849347679,aa
225,1557849348679,aa
226,1557849349679,aa
227,1557849350679,aa
227,1557849350679,aa
228,1557849351679,aa
Curr Log Value 228--Offset in ms: 1013


here
225,1557849348679,aa
226,1557849349679,aa
227,1557849350679,aa
227,1557849350679,aa
228,1557849351679,aa
229,1557849352679,aa
Curr Log Value 229--Offset in ms: 735


here
226,1557849349679,aa
227,1557849350679,aa
227,1557849350679,aa
228,1557849351679,aa
229,1557849352679,aa
229,1557849352679,aa
Curr Log Value 229--Offset in ms: 1447


MISSED DATABLOCK
here
227,1557849350679,aa
227,1557849350679,aa
228,1557849351679,aa
229,1557849352679,aa
229,1557849352679,aa
230,1557849353679,aa
Curr Log Value 230--Offset in ms: 1158


here
227,1557849350679,aa
228,1557849351679,aa
229,1557849352679,aa
229,1557849352679,aa
230,1557849353679,aa
231,1557849354679,aa
Curr Log Value 231--Offset in ms: 870


here
228,1557849351679,aa
229,1557849352679,aa
229,1557849352679,aa
230,1557849353679,aa
231,1557849354679,aa
232,1557849355680,aa
Curr Log Value 232--Offset in ms: 588


here
229,1557849352679,aa
229,1557849352679,aa
230,1557849353679,aa
231,1557849354679,aa
232,1557849355680,aa
232,1557849355680,aa
Curr Log Value 232--Offset in ms: 1304


MISSED DATABLOCK
here
229,1557849352679,aa
230,1557849353679,aa
231,1557849354679,aa
232,1557849355680,aa
232,1557849355680,aa
233,1557849356680,aa
Curr Log Value 233--Offset in ms: 887


here
230,1557849353679,aa
231,1557849354679,aa
232,1557849355680,aa
232,1557849355680,aa
233,1557849356680,aa
234,1557849357679,aa
Curr Log Value 234--Offset in ms: 468


here
231,1557849354679,aa
232,1557849355680,aa
232,1557849355680,aa
233,1557849356680,aa
234,1557849357679,aa
234,1557849357679,aa
Curr Log Value 234--Offset in ms: 1057


MISSED DATABLOCK
here
232,1557849355680,aa
232,1557849355680,aa
233,1557849356680,aa
234,1557849357679,aa
234,1557849357679,aa
235,1557849358680,aa
Curr Log Value 235--Offset in ms: 638


here
232,1557849355680,aa
233,1557849356680,aa
234,1557849357679,aa
234,1557849357679,aa
235,1557849358680,aa
236,1557849359679,aa
Curr Log Value 236--Offset in ms: 799


here
233,1557849356680,aa
234,1557849357679,aa
234,1557849357679,aa
235,1557849358680,aa
236,1557849359679,aa
237,1557849360679,aa
Curr Log Value 237--Offset in ms: 654


here
234,1557849357679,aa
234,1557849357679,aa
235,1557849358680,aa
236,1557849359679,aa
237,1557849360679,aa
238,1557849361680,aa
Curr Log Value 238--Offset in ms: 796


here
234,1557849357679,aa
235,1557849358680,aa
236,1557849359679,aa
237,1557849360679,aa
238,1557849361680,aa
239,1557849362680,aa
Curr Log Value 239--Offset in ms: 657


here
235,1557849358680,aa
236,1557849359679,aa
237,1557849360679,aa
238,1557849361680,aa
239,1557849362680,aa
240,1557849363679,aa
Curr Log Value 240--Offset in ms: 662


here
236,1557849359679,aa
237,1557849360679,aa
238,1557849361680,aa
239,1557849362680,aa
240,1557849363679,aa
241,1557849364679,aa
Curr Log Value 241--Offset in ms: 660


here
237,1557849360679,aa
238,1557849361680,aa
239,1557849362680,aa
240,1557849363679,aa
241,1557849364679,aa
242,1557849365679,aa
Curr Log Value 242--Offset in ms: 669


here
238,1557849361680,aa
239,1557849362680,aa
240,1557849363679,aa
241,1557849364679,aa
242,1557849365679,aa
243,1557849366679,aa
Curr Log Value 243--Offset in ms: 659


here
239,1557849362680,aa
240,1557849363679,aa
241,1557849364679,aa
242,1557849365679,aa
243,1557849366679,aa
244,1557849367679,aa
Curr Log Value 244--Offset in ms: 659


here
240,1557849363679,aa
241,1557849364679,aa
242,1557849365679,aa
243,1557849366679,aa
244,1557849367679,aa
245,1557849368679,aa
Curr Log Value 245--Offset in ms: 657


here
241,1557849364679,aa
242,1557849365679,aa
243,1557849366679,aa
244,1557849367679,aa
245,1557849368679,aa
246,1557849369679,aa
Curr Log Value 246--Offset in ms: 670


here
242,1557849365679,aa
243,1557849366679,aa
244,1557849367679,aa
245,1557849368679,aa
246,1557849369679,aa
247,1557849370679,aa
Curr Log Value 247--Offset in ms: 657


here
243,1557849366679,aa
244,1557849367679,aa
245,1557849368679,aa
246,1557849369679,aa
247,1557849370679,aa
248,1557849371679,aa
Curr Log Value 248--Offset in ms: 662


here
244,1557849367679,aa
245,1557849368679,aa
246,1557849369679,aa
247,1557849370679,aa
248,1557849371679,aa
249,1557849372679,aa
Curr Log Value 249--Offset in ms: 656


here
245,1557849368679,aa
246,1557849369679,aa
247,1557849370679,aa
248,1557849371679,aa
249,1557849372679,aa
250,1557849373679,aa
Curr Log Value 250--Offset in ms: 665


here
246,1557849369679,aa
247,1557849370679,aa
248,1557849371679,aa
249,1557849372679,aa
250,1557849373679,aa
251,1557849374679,aa
Curr Log Value 251--Offset in ms: 656


here
247,1557849370679,aa
248,1557849371679,aa
249,1557849372679,aa
250,1557849373679,aa
251,1557849374679,aa
252,1557849375679,aa
Curr Log Value 252--Offset in ms: 660


here
248,1557849371679,aa
249,1557849372679,aa
250,1557849373679,aa
251,1557849374679,aa
252,1557849375679,aa
253,1557849376679,aa
Curr Log Value 253--Offset in ms: 659


here
249,1557849372679,aa
250,1557849373679,aa
251,1557849374679,aa
252,1557849375679,aa
253,1557849376679,aa
254,1557849377679,aa
Curr Log Value 254--Offset in ms: 665


here
250,1557849373679,aa
251,1557849374679,aa
252,1557849375679,aa
253,1557849376679,aa
254,1557849377679,aa
255,1557849378679,aa
Curr Log Value 255--Offset in ms: 657


here
251,1557849374679,aa
252,1557849375679,aa
253,1557849376679,aa
254,1557849377679,aa
255,1557849378679,aa
256,1557849379679,aa
Curr Log Value 256--Offset in ms: 656


here
252,1557849375679,aa
253,1557849376679,aa
254,1557849377679,aa
255,1557849378679,aa
256,1557849379679,aa
257,1557849380680,aa
Curr Log Value 257--Offset in ms: 708


here
253,1557849376679,aa
254,1557849377679,aa
255,1557849378679,aa
256,1557849379679,aa
257,1557849380680,aa
258,1557849381680,aa
Curr Log Value 258--Offset in ms: 665


here
254,1557849377679,aa
255,1557849378679,aa
256,1557849379679,aa
257,1557849380680,aa
258,1557849381680,aa
259,1557849382679,aa
Curr Log Value 259--Offset in ms: 659


here
255,1557849378679,aa
256,1557849379679,aa
257,1557849380680,aa
258,1557849381680,aa
259,1557849382679,aa
260,1557849383679,aa
Curr Log Value 260--Offset in ms: 765


here
256,1557849379679,aa
257,1557849380680,aa
258,1557849381680,aa
259,1557849382679,aa
260,1557849383679,aa
261,1557849384679,aa
Curr Log Value 261--Offset in ms: 525


here
257,1557849380680,aa
258,1557849381680,aa
259,1557849382679,aa
260,1557849383679,aa
261,1557849384679,aa
262,1557849385679,aa
Curr Log Value 262--Offset in ms: 807


here
258,1557849381680,aa
259,1557849382679,aa
260,1557849383679,aa
261,1557849384679,aa
262,1557849385679,aa
263,1557849386680,aa
Curr Log Value 263--Offset in ms: 520


here
259,1557849382679,aa
260,1557849383679,aa
261,1557849384679,aa
262,1557849385679,aa
263,1557849386680,aa
264,1557849387679,aa
Curr Log Value 264--Offset in ms: 808


here
260,1557849383679,aa
261,1557849384679,aa
262,1557849385679,aa
263,1557849386680,aa
264,1557849387679,aa
265,1557849388679,aa
Curr Log Value 265--Offset in ms: 574


here
261,1557849384679,aa
262,1557849385679,aa
263,1557849386680,aa
264,1557849387679,aa
265,1557849388679,aa
266,1557849389680,aa
Curr Log Value 266--Offset in ms: 811


here
262,1557849385679,aa
263,1557849386680,aa
264,1557849387679,aa
265,1557849388679,aa
266,1557849389680,aa
267,1557849390679,aa
Curr Log Value 267--Offset in ms: 656


here
263,1557849386680,aa
264,1557849387679,aa
265,1557849388679,aa
266,1557849389680,aa
267,1557849390679,aa
268,1557849391679,aa
Curr Log Value 268--Offset in ms: 662


here
264,1557849387679,aa
265,1557849388679,aa
266,1557849389680,aa
267,1557849390679,aa
268,1557849391679,aa
269,1557849392679,aa
Curr Log Value 269--Offset in ms: 670


here
265,1557849388679,aa
266,1557849389680,aa
267,1557849390679,aa
268,1557849391679,aa
269,1557849392679,aa
270,1557849393679,aa
Curr Log Value 270--Offset in ms: 666


here
266,1557849389680,aa
267,1557849390679,aa
268,1557849391679,aa
269,1557849392679,aa
270,1557849393679,aa
271,1557849394679,aa
Curr Log Value 271--Offset in ms: 658


here
267,1557849390679,aa
268,1557849391679,aa
269,1557849392679,aa
270,1557849393679,aa
271,1557849394679,aa
272,1557849395679,aa
Curr Log Value 272--Offset in ms: 661


here
268,1557849391679,aa
269,1557849392679,aa
270,1557849393679,aa
271,1557849394679,aa
272,1557849395679,aa
273,1557849396679,aa
Curr Log Value 273--Offset in ms: 657


here
269,1557849392679,aa
270,1557849393679,aa
271,1557849394679,aa
272,1557849395679,aa
273,1557849396679,aa
274,1557849397679,aa
Curr Log Value 274--Offset in ms: 664


here
270,1557849393679,aa
271,1557849394679,aa
272,1557849395679,aa
273,1557849396679,aa
274,1557849397679,aa
275,1557849398679,aa
Curr Log Value 275--Offset in ms: 656


Client exception: java.rmi.UnmarshalException: Error unmarshaling return header; nested exception is: 
	java.io.EOFException
FATAL ERROR: Master Failure To Respond
misssed 17 out of 89
MISSRATE = 0
