java(25758): Operation not permitted
java(31488): Operation not permitted
java(31617): Operation not permitted
java: no process found
rm -f *.class
javac Node.java
javac Server.java
Server ready
Requesting Join
Join Accepted By Master, Provider Set To: 52.24.143.203
here
31,1557849154679,aaa
Curr Log Value 31--Offset in ms: 1742


here
31,1557849154679,aaa
32,1557849155679,aaa
Curr Log Value 32--Offset in ms: 1670


here
31,1557849154679,aaa
32,1557849155679,aaa
33,1557849156679,aaa
Curr Log Value 33--Offset in ms: 1434


here
31,1557849154679,aaa
32,1557849155679,aaa
33,1557849156679,aaa
34,1557849157680,aaa
Curr Log Value 34--Offset in ms: 1199


here
31,1557849154679,aaa
32,1557849155679,aaa
33,1557849156679,aaa
34,1557849157680,aaa
34,1557849157680,aaa
Curr Log Value 34--Offset in ms: 1972


MISSED DATABLOCK
here
31,1557849154679,aaa
32,1557849155679,aaa
33,1557849156679,aaa
34,1557849157680,aaa
34,1557849157680,aaa
35,1557849158679,aaa
Curr Log Value 35--Offset in ms: 1732


here
32,1557849155679,aaa
33,1557849156679,aaa
34,1557849157680,aaa
34,1557849157680,aaa
35,1557849158679,aaa
36,1557849159679,aaa
Curr Log Value 36--Offset in ms: 1612


here
33,1557849156679,aaa
34,1557849157680,aaa
34,1557849157680,aaa
35,1557849158679,aaa
36,1557849159679,aaa
37,1557849160680,aaa
Curr Log Value 37--Offset in ms: 1629


here
34,1557849157680,aaa
34,1557849157680,aaa
35,1557849158679,aaa
36,1557849159679,aaa
37,1557849160680,aaa
38,1557849161679,aaa
Curr Log Value 38--Offset in ms: 1621


here
34,1557849157680,aaa
35,1557849158679,aaa
36,1557849159679,aaa
37,1557849160680,aaa
38,1557849161679,aaa
39,1557849162679,aaa
Curr Log Value 39--Offset in ms: 1624


here
35,1557849158679,aaa
36,1557849159679,aaa
37,1557849160680,aaa
38,1557849161679,aaa
39,1557849162679,aaa
40,1557849163679,aaa
Curr Log Value 40--Offset in ms: 1623


here
36,1557849159679,aaa
37,1557849160680,aaa
38,1557849161679,aaa
39,1557849162679,aaa
40,1557849163679,aaa
41,1557849164679,aaa
Curr Log Value 41--Offset in ms: 1628


here
37,1557849160680,aaa
38,1557849161679,aaa
39,1557849162679,aaa
40,1557849163679,aaa
41,1557849164679,aaa
42,1557849165680,aaa
Curr Log Value 42--Offset in ms: 1623


here
38,1557849161679,aaa
39,1557849162679,aaa
40,1557849163679,aaa
41,1557849164679,aaa
42,1557849165680,aaa
43,1557849166679,aaa
Curr Log Value 43--Offset in ms: 1622


here
39,1557849162679,aaa
40,1557849163679,aaa
41,1557849164679,aaa
42,1557849165680,aaa
43,1557849166679,aaa
44,1557849167679,aaa
Curr Log Value 44--Offset in ms: 1621


here
40,1557849163679,aaa
41,1557849164679,aaa
42,1557849165680,aaa
43,1557849166679,aaa
44,1557849167679,aaa
45,1557849168679,aaa
Curr Log Value 45--Offset in ms: 1631


here
41,1557849164679,aaa
42,1557849165680,aaa
43,1557849166679,aaa
44,1557849167679,aaa
45,1557849168679,aaa
46,1557849169680,aaa
Curr Log Value 46--Offset in ms: 1622


here
42,1557849165680,aaa
43,1557849166679,aaa
44,1557849167679,aaa
45,1557849168679,aaa
46,1557849169680,aaa
47,1557849170679,aaa
Curr Log Value 47--Offset in ms: 1641


here
43,1557849166679,aaa
44,1557849167679,aaa
45,1557849168679,aaa
46,1557849169680,aaa
47,1557849170679,aaa
48,1557849171679,aaa
Curr Log Value 48--Offset in ms: 1724


here
44,1557849167679,aaa
45,1557849168679,aaa
46,1557849169680,aaa
47,1557849170679,aaa
48,1557849171679,aaa
49,1557849172679,aaa
Curr Log Value 49--Offset in ms: 1497


here
45,1557849168679,aaa
46,1557849169680,aaa
47,1557849170679,aaa
48,1557849171679,aaa
49,1557849172679,aaa
50,1557849173679,aaa
Curr Log Value 50--Offset in ms: 1777


here
46,1557849169680,aaa
47,1557849170679,aaa
48,1557849171679,aaa
49,1557849172679,aaa
50,1557849173679,aaa
51,1557849174679,aaa
Curr Log Value 51--Offset in ms: 1470


here
47,1557849170679,aaa
48,1557849171679,aaa
49,1557849172679,aaa
50,1557849173679,aaa
51,1557849174679,aaa
52,1557849175679,aaa
Curr Log Value 52--Offset in ms: 1768


here
48,1557849171679,aaa
49,1557849172679,aaa
50,1557849173679,aaa
51,1557849174679,aaa
52,1557849175679,aaa
53,1557849176679,aaa
Curr Log Value 53--Offset in ms: 1481


here
49,1557849172679,aaa
50,1557849173679,aaa
51,1557849174679,aaa
52,1557849175679,aaa
53,1557849176679,aaa
54,1557849177679,aaa
Curr Log Value 54--Offset in ms: 1769


here
50,1557849173679,aaa
51,1557849174679,aaa
52,1557849175679,aaa
53,1557849176679,aaa
54,1557849177679,aaa
55,1557849178679,aaa
Curr Log Value 55--Offset in ms: 1480


here
51,1557849174679,aaa
52,1557849175679,aaa
53,1557849176679,aaa
54,1557849177679,aaa
55,1557849178679,aaa
56,1557849179679,aaa
Curr Log Value 56--Offset in ms: 1788


here
52,1557849175679,aaa
53,1557849176679,aaa
54,1557849177679,aaa
55,1557849178679,aaa
56,1557849179679,aaa
57,1557849180679,aaa
Curr Log Value 57--Offset in ms: 1488


here
53,1557849176679,aaa
54,1557849177679,aaa
55,1557849178679,aaa
56,1557849179679,aaa
57,1557849180679,aaa
58,1557849181679,aaa
Curr Log Value 58--Offset in ms: 1782


here
54,1557849177679,aaa
55,1557849178679,aaa
56,1557849179679,aaa
57,1557849180679,aaa
58,1557849181679,aaa
59,1557849182679,aaa
Curr Log Value 59--Offset in ms: 1636


here
55,1557849178679,aaa
56,1557849179679,aaa
57,1557849180679,aaa
58,1557849181679,aaa
59,1557849182679,aaa
60,1557849183679,aaa
Curr Log Value 60--Offset in ms: 1627


here
56,1557849179679,aaa
57,1557849180679,aaa
58,1557849181679,aaa
59,1557849182679,aaa
60,1557849183679,aaa
61,1557849184679,aaa
Curr Log Value 61--Offset in ms: 1625


here
57,1557849180679,aaa
58,1557849181679,aaa
59,1557849182679,aaa
60,1557849183679,aaa
61,1557849184679,aaa
62,1557849185679,aaa
Curr Log Value 62--Offset in ms: 1638


here
58,1557849181679,aaa
59,1557849182679,aaa
60,1557849183679,aaa
61,1557849184679,aaa
62,1557849185679,aaa
63,1557849186680,aaa
Curr Log Value 63--Offset in ms: 1624


here
59,1557849182679,aaa
60,1557849183679,aaa
61,1557849184679,aaa
62,1557849185679,aaa
63,1557849186680,aaa
64,1557849187679,aaa
Curr Log Value 64--Offset in ms: 1635


here
60,1557849183679,aaa
61,1557849184679,aaa
62,1557849185679,aaa
63,1557849186680,aaa
64,1557849187679,aaa
65,1557849188679,aaa
Curr Log Value 65--Offset in ms: 1627


here
61,1557849184679,aaa
62,1557849185679,aaa
63,1557849186680,aaa
64,1557849187679,aaa
65,1557849188679,aaa
66,1557849189679,aaa
Curr Log Value 66--Offset in ms: 1618


here
62,1557849185679,aaa
63,1557849186680,aaa
64,1557849187679,aaa
65,1557849188679,aaa
66,1557849189679,aaa
67,1557849190679,aaa
Curr Log Value 67--Offset in ms: 1617


here
63,1557849186680,aaa
64,1557849187679,aaa
65,1557849188679,aaa
66,1557849189679,aaa
67,1557849190679,aaa
68,1557849191679,aaa
Curr Log Value 68--Offset in ms: 1631


here
64,1557849187679,aaa
65,1557849188679,aaa
66,1557849189679,aaa
67,1557849190679,aaa
68,1557849191679,aaa
69,1557849192680,aaa
Curr Log Value 69--Offset in ms: 1615


here
65,1557849188679,aaa
66,1557849189679,aaa
67,1557849190679,aaa
68,1557849191679,aaa
69,1557849192680,aaa
70,1557849193679,aaa
Curr Log Value 70--Offset in ms: 1619


here
66,1557849189679,aaa
67,1557849190679,aaa
68,1557849191679,aaa
69,1557849192680,aaa
70,1557849193679,aaa
71,1557849194679,aaa
Curr Log Value 71--Offset in ms: 1626


here
67,1557849190679,aaa
68,1557849191679,aaa
69,1557849192680,aaa
70,1557849193679,aaa
71,1557849194679,aaa
72,1557849195679,aaa
Curr Log Value 72--Offset in ms: 1617


here
68,1557849191679,aaa
69,1557849192680,aaa
70,1557849193679,aaa
71,1557849194679,aaa
72,1557849195679,aaa
73,1557849196679,aaa
Curr Log Value 73--Offset in ms: 1613


here
69,1557849192680,aaa
70,1557849193679,aaa
71,1557849194679,aaa
72,1557849195679,aaa
73,1557849196679,aaa
74,1557849197679,aaa
Curr Log Value 74--Offset in ms: 1628


here
70,1557849193679,aaa
71,1557849194679,aaa
72,1557849195679,aaa
73,1557849196679,aaa
74,1557849197679,aaa
75,1557849198679,aaa
Curr Log Value 75--Offset in ms: 1614


here
71,1557849194679,aaa
72,1557849195679,aaa
73,1557849196679,aaa
74,1557849197679,aaa
75,1557849198679,aaa
76,1557849199679,aaa
Curr Log Value 76--Offset in ms: 1627


here
72,1557849195679,aaa
73,1557849196679,aaa
74,1557849197679,aaa
75,1557849198679,aaa
76,1557849199679,aaa
77,1557849200679,aaa
Curr Log Value 77--Offset in ms: 1640


here
73,1557849196679,aaa
74,1557849197679,aaa
75,1557849198679,aaa
76,1557849199679,aaa
77,1557849200679,aaa
78,1557849201679,aaa
Curr Log Value 78--Offset in ms: 1629


here
74,1557849197679,aaa
75,1557849198679,aaa
76,1557849199679,aaa
77,1557849200679,aaa
78,1557849201679,aaa
79,1557849202679,aaa
Curr Log Value 79--Offset in ms: 1641


here
75,1557849198679,aaa
76,1557849199679,aaa
77,1557849200679,aaa
78,1557849201679,aaa
79,1557849202679,aaa
80,1557849203679,aaa
Curr Log Value 80--Offset in ms: 1642


here
76,1557849199679,aaa
77,1557849200679,aaa
78,1557849201679,aaa
79,1557849202679,aaa
80,1557849203679,aaa
81,1557849204679,aaa
Curr Log Value 81--Offset in ms: 1618


here
77,1557849200679,aaa
78,1557849201679,aaa
79,1557849202679,aaa
80,1557849203679,aaa
81,1557849204679,aaa
82,1557849205679,aaa
Curr Log Value 82--Offset in ms: 1615


here
78,1557849201679,aaa
79,1557849202679,aaa
80,1557849203679,aaa
81,1557849204679,aaa
82,1557849205679,aaa
83,1557849206679,aaa
Curr Log Value 83--Offset in ms: 1645


here
79,1557849202679,aaa
80,1557849203679,aaa
81,1557849204679,aaa
82,1557849205679,aaa
83,1557849206679,aaa
84,1557849207680,aaa
Curr Log Value 84--Offset in ms: 1625


here
80,1557849203679,aaa
81,1557849204679,aaa
82,1557849205679,aaa
83,1557849206679,aaa
84,1557849207680,aaa
85,1557849208679,aaa
Curr Log Value 85--Offset in ms: 1617


here
81,1557849204679,aaa
82,1557849205679,aaa
83,1557849206679,aaa
84,1557849207680,aaa
85,1557849208679,aaa
86,1557849209679,aaa
Curr Log Value 86--Offset in ms: 1491


here
82,1557849205679,aaa
83,1557849206679,aaa
84,1557849207680,aaa
85,1557849208679,aaa
86,1557849209679,aaa
87,1557849210680,aaa
Curr Log Value 87--Offset in ms: 1765


here
83,1557849206679,aaa
84,1557849207680,aaa
85,1557849208679,aaa
86,1557849209679,aaa
87,1557849210680,aaa
88,1557849211679,aaa
Curr Log Value 88--Offset in ms: 1474


here
84,1557849207680,aaa
85,1557849208679,aaa
86,1557849209679,aaa
87,1557849210680,aaa
88,1557849211679,aaa
89,1557849212680,aaa
Curr Log Value 89--Offset in ms: 1786


here
85,1557849208679,aaa
86,1557849209679,aaa
87,1557849210680,aaa
88,1557849211679,aaa
89,1557849212680,aaa
90,1557849213679,aaa
Curr Log Value 90--Offset in ms: 1471


here
86,1557849209679,aaa
87,1557849210680,aaa
88,1557849211679,aaa
89,1557849212680,aaa
90,1557849213679,aaa
91,1557849214679,aaa
Curr Log Value 91--Offset in ms: 1771


here
87,1557849210680,aaa
88,1557849211679,aaa
89,1557849212680,aaa
90,1557849213679,aaa
91,1557849214679,aaa
92,1557849215680,aaa
Curr Log Value 92--Offset in ms: 1484


here
88,1557849211679,aaa
89,1557849212680,aaa
90,1557849213679,aaa
91,1557849214679,aaa
92,1557849215680,aaa
93,1557849216679,aaa
Curr Log Value 93--Offset in ms: 1768


here
89,1557849212680,aaa
90,1557849213679,aaa
91,1557849214679,aaa
92,1557849215680,aaa
93,1557849216679,aaa
94,1557849217679,aaa
Curr Log Value 94--Offset in ms: 1621


here
90,1557849213679,aaa
91,1557849214679,aaa
92,1557849215680,aaa
93,1557849216679,aaa
94,1557849217679,aaa
95,1557849218680,aaa
Curr Log Value 95--Offset in ms: 1772


here
91,1557849214679,aaa
92,1557849215680,aaa
93,1557849216679,aaa
94,1557849217679,aaa
95,1557849218680,aaa
96,1557849219679,aaa
Curr Log Value 96--Offset in ms: 1615


here
92,1557849215680,aaa
93,1557849216679,aaa
94,1557849217679,aaa
95,1557849218680,aaa
96,1557849219679,aaa
97,1557849220679,aaa
Curr Log Value 97--Offset in ms: 1621


here
93,1557849216679,aaa
94,1557849217679,aaa
95,1557849218680,aaa
96,1557849219679,aaa
97,1557849220679,aaa
98,1557849221679,aaa
Curr Log Value 98--Offset in ms: 1630


here
94,1557849217679,aaa
95,1557849218680,aaa
96,1557849219679,aaa
97,1557849220679,aaa
98,1557849221679,aaa
99,1557849222680,aaa
Curr Log Value 99--Offset in ms: 1619


here
95,1557849218680,aaa
96,1557849219679,aaa
97,1557849220679,aaa
98,1557849221679,aaa
99,1557849222680,aaa
100,1557849223679,aa
Curr Log Value 100--Offset in ms: 1618


here
96,1557849219679,aaa
97,1557849220679,aaa
98,1557849221679,aaa
99,1557849222680,aaa
100,1557849223679,aa
101,1557849224679,aa
Curr Log Value 101--Offset in ms: 1632


here
97,1557849220679,aaa
98,1557849221679,aaa
99,1557849222680,aaa
100,1557849223679,aa
101,1557849224679,aa
102,1557849225679,aa
Curr Log Value 102--Offset in ms: 1618


here
98,1557849221679,aaa
99,1557849222680,aaa
100,1557849223679,aa
101,1557849224679,aa
102,1557849225679,aa
103,1557849226679,aa
Curr Log Value 103--Offset in ms: 1623


here
99,1557849222680,aaa
100,1557849223679,aa
101,1557849224679,aa
102,1557849225679,aa
103,1557849226679,aa
104,1557849227679,aa
Curr Log Value 104--Offset in ms: 1630


here
100,1557849223679,aa
101,1557849224679,aa
102,1557849225679,aa
103,1557849226679,aa
104,1557849227679,aa
105,1557849228679,aa
Curr Log Value 105--Offset in ms: 1619


here
101,1557849224679,aa
102,1557849225679,aa
103,1557849226679,aa
104,1557849227679,aa
105,1557849228679,aa
106,1557849229679,aa
Curr Log Value 106--Offset in ms: 1619


here
102,1557849225679,aa
103,1557849226679,aa
104,1557849227679,aa
105,1557849228679,aa
106,1557849229679,aa
107,1557849230679,aa
Curr Log Value 107--Offset in ms: 1632


here
103,1557849226679,aa
104,1557849227679,aa
105,1557849228679,aa
106,1557849229679,aa
107,1557849230679,aa
108,1557849231679,aa
Curr Log Value 108--Offset in ms: 1619


here
104,1557849227679,aa
105,1557849228679,aa
106,1557849229679,aa
107,1557849230679,aa
108,1557849231679,aa
109,1557849232679,aa
Curr Log Value 109--Offset in ms: 1618


here
105,1557849228679,aa
106,1557849229679,aa
107,1557849230679,aa
108,1557849231679,aa
109,1557849232679,aa
110,1557849233679,aa
Curr Log Value 110--Offset in ms: 1631


here
106,1557849229679,aa
107,1557849230679,aa
108,1557849231679,aa
109,1557849232679,aa
110,1557849233679,aa
111,1557849234679,aa
Curr Log Value 111--Offset in ms: 1618


here
107,1557849230679,aa
108,1557849231679,aa
109,1557849232679,aa
110,1557849233679,aa
111,1557849234679,aa
112,1557849235679,aa
Curr Log Value 112--Offset in ms: 1619


here
108,1557849231679,aa
109,1557849232679,aa
110,1557849233679,aa
111,1557849234679,aa
112,1557849235679,aa
113,1557849236680,aa
Curr Log Value 113--Offset in ms: 1630


here
109,1557849232679,aa
110,1557849233679,aa
111,1557849234679,aa
112,1557849235679,aa
113,1557849236680,aa
114,1557849237679,aa
Curr Log Value 114--Offset in ms: 1619


here
110,1557849233679,aa
111,1557849234679,aa
112,1557849235679,aa
113,1557849236680,aa
114,1557849237679,aa
115,1557849238679,aa
Curr Log Value 115--Offset in ms: 1626


here
111,1557849234679,aa
112,1557849235679,aa
113,1557849236680,aa
114,1557849237679,aa
115,1557849238679,aa
116,1557849239679,aa
Curr Log Value 116--Offset in ms: 1638


here
112,1557849235679,aa
113,1557849236680,aa
114,1557849237679,aa
115,1557849238679,aa
116,1557849239679,aa
117,1557849240680,aa
Curr Log Value 117--Offset in ms: 1790


here
113,1557849236680,aa
114,1557849237679,aa
115,1557849238679,aa
116,1557849239679,aa
117,1557849240680,aa
118,1557849241679,aa
Curr Log Value 118--Offset in ms: 1643


here
114,1557849237679,aa
115,1557849238679,aa
116,1557849239679,aa
117,1557849240680,aa
118,1557849241679,aa
119,1557849242680,aa
Curr Log Value 119--Offset in ms: 1653


here
115,1557849238679,aa
116,1557849239679,aa
117,1557849240680,aa
118,1557849241679,aa
119,1557849242680,aa
120,1557849243679,aa
Curr Log Value 120--Offset in ms: 1674


here
116,1557849239679,aa
117,1557849240680,aa
118,1557849241679,aa
119,1557849242680,aa
120,1557849243679,aa
121,1557849244679,aa
Curr Log Value 121--Offset in ms: 1634


here
117,1557849240680,aa
118,1557849241679,aa
119,1557849242680,aa
120,1557849243679,aa
121,1557849244679,aa
122,1557849245679,aa
Curr Log Value 122--Offset in ms: 1633


here
118,1557849241679,aa
119,1557849242680,aa
120,1557849243679,aa
121,1557849244679,aa
122,1557849245679,aa
123,1557849246679,aa
Curr Log Value 123--Offset in ms: 1645


here
119,1557849242680,aa
120,1557849243679,aa
121,1557849244679,aa
122,1557849245679,aa
123,1557849246679,aa
124,1557849247679,aa
Curr Log Value 124--Offset in ms: 1644


here
120,1557849243679,aa
121,1557849244679,aa
122,1557849245679,aa
123,1557849246679,aa
124,1557849247679,aa
125,1557849248679,aa
Curr Log Value 125--Offset in ms: 1637


here
121,1557849244679,aa
122,1557849245679,aa
123,1557849246679,aa
124,1557849247679,aa
125,1557849248679,aa
126,1557849249679,aa
Curr Log Value 126--Offset in ms: 1637


here
122,1557849245679,aa
123,1557849246679,aa
124,1557849247679,aa
125,1557849248679,aa
126,1557849249679,aa
127,1557849250679,aa
Curr Log Value 127--Offset in ms: 1623


here
123,1557849246679,aa
124,1557849247679,aa
125,1557849248679,aa
126,1557849249679,aa
127,1557849250679,aa
128,1557849251680,aa
Curr Log Value 128--Offset in ms: 1652


here
124,1557849247679,aa
125,1557849248679,aa
126,1557849249679,aa
127,1557849250679,aa
128,1557849251680,aa
129,1557849252680,aa
Curr Log Value 129--Offset in ms: 1636


here
125,1557849248679,aa
126,1557849249679,aa
127,1557849250679,aa
128,1557849251680,aa
129,1557849252680,aa
130,1557849253680,aa
Curr Log Value 130--Offset in ms: 1635


here
126,1557849249679,aa
127,1557849250679,aa
128,1557849251680,aa
129,1557849252680,aa
130,1557849253680,aa
131,1557849254679,aa
Curr Log Value 131--Offset in ms: 1649


here
127,1557849250679,aa
128,1557849251680,aa
129,1557849252680,aa
130,1557849253680,aa
131,1557849254679,aa
132,1557849255679,aa
Curr Log Value 132--Offset in ms: 1633


here
128,1557849251680,aa
129,1557849252680,aa
130,1557849253680,aa
131,1557849254679,aa
132,1557849255679,aa
133,1557849256679,aa
Curr Log Value 133--Offset in ms: 1780


here
129,1557849252680,aa
130,1557849253680,aa
131,1557849254679,aa
132,1557849255679,aa
133,1557849256679,aa
134,1557849257680,aa
Curr Log Value 134--Offset in ms: 1651


here
130,1557849253680,aa
131,1557849254679,aa
132,1557849255679,aa
133,1557849256679,aa
134,1557849257680,aa
135,1557849258679,aa
Curr Log Value 135--Offset in ms: 1624


here
131,1557849254679,aa
132,1557849255679,aa
133,1557849256679,aa
134,1557849257680,aa
135,1557849258679,aa
136,1557849259679,aa
Curr Log Value 136--Offset in ms: 1635


here
132,1557849255679,aa
133,1557849256679,aa
134,1557849257680,aa
135,1557849258679,aa
136,1557849259679,aa
137,1557849260679,aa
Curr Log Value 137--Offset in ms: 1651


here
133,1557849256679,aa
134,1557849257680,aa
135,1557849258679,aa
136,1557849259679,aa
137,1557849260679,aa
138,1557849261679,aa
Curr Log Value 138--Offset in ms: 1644


here
134,1557849257680,aa
135,1557849258679,aa
136,1557849259679,aa
137,1557849260679,aa
138,1557849261679,aa
139,1557849262679,aa
Curr Log Value 139--Offset in ms: 1645


here
135,1557849258679,aa
136,1557849259679,aa
137,1557849260679,aa
138,1557849261679,aa
139,1557849262679,aa
140,1557849263679,aa
Curr Log Value 140--Offset in ms: 1646


here
136,1557849259679,aa
137,1557849260679,aa
138,1557849261679,aa
139,1557849262679,aa
140,1557849263679,aa
141,1557849264679,aa
Curr Log Value 141--Offset in ms: 1630


here
137,1557849260679,aa
138,1557849261679,aa
139,1557849262679,aa
140,1557849263679,aa
141,1557849264679,aa
142,1557849265679,aa
Curr Log Value 142--Offset in ms: 1625


here
138,1557849261679,aa
139,1557849262679,aa
140,1557849263679,aa
141,1557849264679,aa
142,1557849265679,aa
143,1557849266679,aa
Curr Log Value 143--Offset in ms: 1639


here
139,1557849262679,aa
140,1557849263679,aa
141,1557849264679,aa
142,1557849265679,aa
143,1557849266679,aa
144,1557849267680,aa
Curr Log Value 144--Offset in ms: 1635


here
140,1557849263679,aa
141,1557849264679,aa
142,1557849265679,aa
143,1557849266679,aa
144,1557849267680,aa
145,1557849268680,aa
Curr Log Value 145--Offset in ms: 1624


here
141,1557849264679,aa
142,1557849265679,aa
143,1557849266679,aa
144,1557849267680,aa
145,1557849268680,aa
146,1557849269679,aa
Curr Log Value 146--Offset in ms: 1642


here
142,1557849265679,aa
143,1557849266679,aa
144,1557849267680,aa
145,1557849268680,aa
146,1557849269679,aa
147,1557849270679,aa
Curr Log Value 147--Offset in ms: 1644


here
143,1557849266679,aa
144,1557849267680,aa
145,1557849268680,aa
146,1557849269679,aa
147,1557849270679,aa
148,1557849271679,aa
Curr Log Value 148--Offset in ms: 1779


here
144,1557849267680,aa
145,1557849268680,aa
146,1557849269679,aa
147,1557849270679,aa
148,1557849271679,aa
149,1557849272679,aa
Curr Log Value 149--Offset in ms: 1651


here
145,1557849268680,aa
146,1557849269679,aa
147,1557849270679,aa
148,1557849271679,aa
149,1557849272679,aa
150,1557849273679,aa
Curr Log Value 150--Offset in ms: 1623


here
146,1557849269679,aa
147,1557849270679,aa
148,1557849271679,aa
149,1557849272679,aa
150,1557849273679,aa
151,1557849274679,aa
Curr Log Value 151--Offset in ms: 1624


here
147,1557849270679,aa
148,1557849271679,aa
149,1557849272679,aa
150,1557849273679,aa
151,1557849274679,aa
152,1557849275679,aa
Curr Log Value 152--Offset in ms: 1652


here
148,1557849271679,aa
149,1557849272679,aa
150,1557849273679,aa
151,1557849274679,aa
152,1557849275679,aa
153,1557849276679,aa
Curr Log Value 153--Offset in ms: 1633


here
149,1557849272679,aa
150,1557849273679,aa
151,1557849274679,aa
152,1557849275679,aa
153,1557849276679,aa
154,1557849277679,aa
Curr Log Value 154--Offset in ms: 1622


here
150,1557849273679,aa
151,1557849274679,aa
152,1557849275679,aa
153,1557849276679,aa
154,1557849277679,aa
155,1557849278679,aa
Curr Log Value 155--Offset in ms: 1642


here
151,1557849274679,aa
152,1557849275679,aa
153,1557849276679,aa
154,1557849277679,aa
155,1557849278679,aa
156,1557849279679,aa
Curr Log Value 156--Offset in ms: 1644


here
152,1557849275679,aa
153,1557849276679,aa
154,1557849277679,aa
155,1557849278679,aa
156,1557849279679,aa
157,1557849280679,aa
Curr Log Value 157--Offset in ms: 1643


here
153,1557849276679,aa
154,1557849277679,aa
155,1557849278679,aa
156,1557849279679,aa
157,1557849280679,aa
158,1557849281679,aa
Curr Log Value 158--Offset in ms: 1639


here
154,1557849277679,aa
155,1557849278679,aa
156,1557849279679,aa
157,1557849280679,aa
158,1557849281679,aa
159,1557849282679,aa
Curr Log Value 159--Offset in ms: 1632


here
155,1557849278679,aa
156,1557849279679,aa
157,1557849280679,aa
158,1557849281679,aa
159,1557849282679,aa
160,1557849283679,aa
Curr Log Value 160--Offset in ms: 1628


here
156,1557849279679,aa
157,1557849280679,aa
158,1557849281679,aa
159,1557849282679,aa
160,1557849283679,aa
161,1557849284680,aa
Curr Log Value 161--Offset in ms: 1796


here
157,1557849280679,aa
158,1557849281679,aa
159,1557849282679,aa
160,1557849283679,aa
161,1557849284680,aa
162,1557849285679,aa
Curr Log Value 162--Offset in ms: 1630


here
158,1557849281679,aa
159,1557849282679,aa
160,1557849283679,aa
161,1557849284680,aa
162,1557849285679,aa
163,1557849286679,aa
Curr Log Value 163--Offset in ms: 1634


here
159,1557849282679,aa
160,1557849283679,aa
161,1557849284680,aa
162,1557849285679,aa
163,1557849286679,aa
164,1557849287679,aa
Curr Log Value 164--Offset in ms: 1638


here
160,1557849283679,aa
161,1557849284680,aa
162,1557849285679,aa
163,1557849286679,aa
164,1557849287679,aa
165,1557849288679,aa
Curr Log Value 165--Offset in ms: 1632


here
161,1557849284680,aa
162,1557849285679,aa
163,1557849286679,aa
164,1557849287679,aa
165,1557849288679,aa
166,1557849289679,aa
Curr Log Value 166--Offset in ms: 1790


here
162,1557849285679,aa
163,1557849286679,aa
164,1557849287679,aa
165,1557849288679,aa
166,1557849289679,aa
167,1557849290679,aa
Curr Log Value 167--Offset in ms: 1642


here
163,1557849286679,aa
164,1557849287679,aa
165,1557849288679,aa
166,1557849289679,aa
167,1557849290679,aa
168,1557849291679,aa
Curr Log Value 168--Offset in ms: 2379


here
164,1557849287679,aa
165,1557849288679,aa
166,1557849289679,aa
167,1557849290679,aa
168,1557849291679,aa
170,1557849293679,aa
Curr Log Value 170--Offset in ms: 1437


MISSED DATABLOCK
here
165,1557849288679,aa
166,1557849289679,aa
167,1557849290679,aa
168,1557849291679,aa
170,1557849293679,aa
171,1557849294679,aa
Curr Log Value 171--Offset in ms: 1507


here
166,1557849289679,aa
167,1557849290679,aa
168,1557849291679,aa
170,1557849293679,aa
171,1557849294679,aa
172,1557849295679,aa
Curr Log Value 172--Offset in ms: 1586


here
167,1557849290679,aa
168,1557849291679,aa
170,1557849293679,aa
171,1557849294679,aa
172,1557849295679,aa
173,1557849296679,aa
Curr Log Value 173--Offset in ms: 1656


here
168,1557849291679,aa
170,1557849293679,aa
171,1557849294679,aa
172,1557849295679,aa
173,1557849296679,aa
174,1557849297679,aa
Curr Log Value 174--Offset in ms: 1739


here
170,1557849293679,aa
171,1557849294679,aa
172,1557849295679,aa
173,1557849296679,aa
174,1557849297679,aa
175,1557849298679,aa
Curr Log Value 175--Offset in ms: 1798


here
171,1557849294679,aa
172,1557849295679,aa
173,1557849296679,aa
174,1557849297679,aa
175,1557849298679,aa
176,1557849299680,aa
Curr Log Value 176--Offset in ms: 1879


here
172,1557849295679,aa
173,1557849296679,aa
174,1557849297679,aa
175,1557849298679,aa
176,1557849299680,aa
177,1557849300679,aa
Curr Log Value 177--Offset in ms: 1966


here
173,1557849296679,aa
174,1557849297679,aa
175,1557849298679,aa
176,1557849299680,aa
177,1557849300679,aa
178,1557849301679,aa
Curr Log Value 178--Offset in ms: 2021


here
174,1557849297679,aa
175,1557849298679,aa
176,1557849299680,aa
177,1557849300679,aa
178,1557849301679,aa
179,1557849302679,aa
Curr Log Value 179--Offset in ms: 2071


here
175,1557849298679,aa
176,1557849299680,aa
177,1557849300679,aa
178,1557849301679,aa
179,1557849302679,aa
180,1557849303680,aa
Curr Log Value 180--Offset in ms: 1995


here
176,1557849299680,aa
177,1557849300679,aa
178,1557849301679,aa
179,1557849302679,aa
180,1557849303680,aa
181,1557849304679,aa
Curr Log Value 181--Offset in ms: 1908


here
177,1557849300679,aa
178,1557849301679,aa
179,1557849302679,aa
180,1557849303680,aa
181,1557849304679,aa
182,1557849305679,aa
Curr Log Value 182--Offset in ms: 1807


here
178,1557849301679,aa
179,1557849302679,aa
180,1557849303680,aa
181,1557849304679,aa
182,1557849305679,aa
183,1557849306679,aa
Curr Log Value 183--Offset in ms: 1731


here
179,1557849302679,aa
180,1557849303680,aa
181,1557849304679,aa
182,1557849305679,aa
183,1557849306679,aa
184,1557849307679,aa
Curr Log Value 184--Offset in ms: 1488


here
180,1557849303680,aa
181,1557849304679,aa
182,1557849305679,aa
183,1557849306679,aa
184,1557849307679,aa
185,1557849308679,aa
Curr Log Value 185--Offset in ms: 1251


here
181,1557849304679,aa
182,1557849305679,aa
183,1557849306679,aa
184,1557849307679,aa
185,1557849308679,aa
186,1557849309679,aa
Curr Log Value 186--Offset in ms: 1024


here
182,1557849305679,aa
183,1557849306679,aa
184,1557849307679,aa
185,1557849308679,aa
186,1557849309679,aa
186,1557849309679,aa
Curr Log Value 186--Offset in ms: 1801


MISSED DATABLOCK
here
183,1557849306679,aa
184,1557849307679,aa
185,1557849308679,aa
186,1557849309679,aa
186,1557849309679,aa
187,1557849310679,aa
Curr Log Value 187--Offset in ms: 1487


here
184,1557849307679,aa
185,1557849308679,aa
186,1557849309679,aa
186,1557849309679,aa
187,1557849310679,aa
188,1557849311679,aa
Curr Log Value 188--Offset in ms: 1789


here
185,1557849308679,aa
186,1557849309679,aa
186,1557849309679,aa
187,1557849310679,aa
188,1557849311679,aa
189,1557849312680,aa
Curr Log Value 189--Offset in ms: 1482


here
186,1557849309679,aa
186,1557849309679,aa
187,1557849310679,aa
188,1557849311679,aa
189,1557849312680,aa
190,1557849313679,aa
Curr Log Value 190--Offset in ms: 1776


here
186,1557849309679,aa
187,1557849310679,aa
188,1557849311679,aa
189,1557849312680,aa
190,1557849313679,aa
191,1557849314679,aa
Curr Log Value 191--Offset in ms: 1495


here
187,1557849310679,aa
188,1557849311679,aa
189,1557849312680,aa
190,1557849313679,aa
191,1557849314679,aa
192,1557849315679,aa
Curr Log Value 192--Offset in ms: 1637


here
188,1557849311679,aa
189,1557849312680,aa
190,1557849313679,aa
191,1557849314679,aa
192,1557849315679,aa
193,1557849316680,aa
Curr Log Value 193--Offset in ms: 1786


here
189,1557849312680,aa
190,1557849313679,aa
191,1557849314679,aa
192,1557849315679,aa
193,1557849316680,aa
194,1557849317679,aa
Curr Log Value 194--Offset in ms: 1506


here
190,1557849313679,aa
191,1557849314679,aa
192,1557849315679,aa
193,1557849316680,aa
194,1557849317679,aa
195,1557849318679,aa
Curr Log Value 195--Offset in ms: 1795


here
191,1557849314679,aa
192,1557849315679,aa
193,1557849316680,aa
194,1557849317679,aa
195,1557849318679,aa
196,1557849319680,aa
Curr Log Value 196--Offset in ms: 1495


here
192,1557849315679,aa
193,1557849316680,aa
194,1557849317679,aa
195,1557849318679,aa
196,1557849319680,aa
197,1557849320680,aa
Curr Log Value 197--Offset in ms: 1663


here
193,1557849316680,aa
194,1557849317679,aa
195,1557849318679,aa
196,1557849319680,aa
197,1557849320680,aa
198,1557849321679,aa
Curr Log Value 198--Offset in ms: 1489


here
194,1557849317679,aa
195,1557849318679,aa
196,1557849319680,aa
197,1557849320680,aa
198,1557849321679,aa
199,1557849322679,aa
Curr Log Value 199--Offset in ms: 1637


here
195,1557849318679,aa
196,1557849319680,aa
197,1557849320680,aa
198,1557849321679,aa
199,1557849322679,aa
200,1557849323680,aa
Curr Log Value 200--Offset in ms: 1495


here
196,1557849319680,aa
197,1557849320680,aa
198,1557849321679,aa
199,1557849322679,aa
200,1557849323680,aa
201,1557849324679,aa
Curr Log Value 201--Offset in ms: 1638


here
197,1557849320680,aa
198,1557849321679,aa
199,1557849322679,aa
200,1557849323680,aa
201,1557849324679,aa
202,1557849325679,aa
Curr Log Value 202--Offset in ms: 1782


here
198,1557849321679,aa
199,1557849322679,aa
200,1557849323680,aa
201,1557849324679,aa
202,1557849325679,aa
203,1557849326679,aa
Curr Log Value 203--Offset in ms: 1785


here
199,1557849322679,aa
200,1557849323680,aa
201,1557849324679,aa
202,1557849325679,aa
203,1557849326679,aa
204,1557849327679,aa
Curr Log Value 204--Offset in ms: 1627


here
200,1557849323680,aa
201,1557849324679,aa
202,1557849325679,aa
203,1557849326679,aa
204,1557849327679,aa
205,1557849328679,aa
Curr Log Value 205--Offset in ms: 1766


here
201,1557849324679,aa
202,1557849325679,aa
203,1557849326679,aa
204,1557849327679,aa
205,1557849328679,aa
206,1557849329680,aa
Curr Log Value 206--Offset in ms: 1658


here
202,1557849325679,aa
203,1557849326679,aa
204,1557849327679,aa
205,1557849328679,aa
206,1557849329680,aa
207,1557849330679,aa
Curr Log Value 207--Offset in ms: 1637


here
203,1557849326679,aa
204,1557849327679,aa
205,1557849328679,aa
206,1557849329680,aa
207,1557849330679,aa
208,1557849331679,aa
Curr Log Value 208--Offset in ms: 1627


here
204,1557849327679,aa
205,1557849328679,aa
206,1557849329680,aa
207,1557849330679,aa
208,1557849331679,aa
209,1557849332679,aa
Curr Log Value 209--Offset in ms: 1645


here
205,1557849328679,aa
206,1557849329680,aa
207,1557849330679,aa
208,1557849331679,aa
209,1557849332679,aa
210,1557849333679,aa
Curr Log Value 210--Offset in ms: 1641


here
206,1557849329680,aa
207,1557849330679,aa
208,1557849331679,aa
209,1557849332679,aa
210,1557849333679,aa
211,1557849334679,aa
Curr Log Value 211--Offset in ms: 1634


here
207,1557849330679,aa
208,1557849331679,aa
209,1557849332679,aa
210,1557849333679,aa
211,1557849334679,aa
212,1557849335679,aa
Curr Log Value 212--Offset in ms: 1635


here
208,1557849331679,aa
209,1557849332679,aa
210,1557849333679,aa
211,1557849334679,aa
212,1557849335679,aa
213,1557849336679,aa
Curr Log Value 213--Offset in ms: 1631


here
209,1557849332679,aa
210,1557849333679,aa
211,1557849334679,aa
212,1557849335679,aa
213,1557849336679,aa
214,1557849337679,aa
Curr Log Value 214--Offset in ms: 1629


here
210,1557849333679,aa
211,1557849334679,aa
212,1557849335679,aa
213,1557849336679,aa
214,1557849337679,aa
215,1557849338679,aa
Curr Log Value 215--Offset in ms: 1788


here
211,1557849334679,aa
212,1557849335679,aa
213,1557849336679,aa
214,1557849337679,aa
215,1557849338679,aa
216,1557849339679,aa
Curr Log Value 216--Offset in ms: 1619


here
212,1557849335679,aa
213,1557849336679,aa
214,1557849337679,aa
215,1557849338679,aa
216,1557849339679,aa
217,1557849340679,aa
Curr Log Value 217--Offset in ms: 1646


here
213,1557849336679,aa
214,1557849337679,aa
215,1557849338679,aa
216,1557849339679,aa
217,1557849340679,aa
218,1557849341679,aa
Curr Log Value 218--Offset in ms: 1647


here
214,1557849337679,aa
215,1557849338679,aa
216,1557849339679,aa
217,1557849340679,aa
218,1557849341679,aa
219,1557849342679,aa
Curr Log Value 219--Offset in ms: 1638


here
215,1557849338679,aa
216,1557849339679,aa
217,1557849340679,aa
218,1557849341679,aa
219,1557849342679,aa
220,1557849343680,aa
Curr Log Value 220--Offset in ms: 1625


here
216,1557849339679,aa
217,1557849340679,aa
218,1557849341679,aa
219,1557849342679,aa
220,1557849343680,aa
221,1557849344679,aa
Curr Log Value 221--Offset in ms: 1650


here
217,1557849340679,aa
218,1557849341679,aa
219,1557849342679,aa
220,1557849343680,aa
221,1557849344679,aa
222,1557849345679,aa
Curr Log Value 222--Offset in ms: 1637


here
218,1557849341679,aa
219,1557849342679,aa
220,1557849343680,aa
221,1557849344679,aa
222,1557849345679,aa
223,1557849346679,aa
Curr Log Value 223--Offset in ms: 1633


here
219,1557849342679,aa
220,1557849343680,aa
221,1557849344679,aa
222,1557849345679,aa
223,1557849346679,aa
224,1557849347679,aa
Curr Log Value 224--Offset in ms: 1643


here
220,1557849343680,aa
221,1557849344679,aa
222,1557849345679,aa
223,1557849346679,aa
224,1557849347679,aa
225,1557849348679,aa
Curr Log Value 225--Offset in ms: 1634


here
221,1557849344679,aa
222,1557849345679,aa
223,1557849346679,aa
224,1557849347679,aa
225,1557849348679,aa
226,1557849349679,aa
Curr Log Value 226--Offset in ms: 1624


here
222,1557849345679,aa
223,1557849346679,aa
224,1557849347679,aa
225,1557849348679,aa
226,1557849349679,aa
227,1557849350679,aa
Curr Log Value 227--Offset in ms: 1651


here
223,1557849346679,aa
224,1557849347679,aa
225,1557849348679,aa
226,1557849349679,aa
227,1557849350679,aa
228,1557849351679,aa
Curr Log Value 228--Offset in ms: 1655


here
224,1557849347679,aa
225,1557849348679,aa
226,1557849349679,aa
227,1557849350679,aa
228,1557849351679,aa
229,1557849352679,aa
Curr Log Value 229--Offset in ms: 1632


here
225,1557849348679,aa
226,1557849349679,aa
227,1557849350679,aa
228,1557849351679,aa
229,1557849352679,aa
230,1557849353679,aa
Curr Log Value 230--Offset in ms: 1641


here
226,1557849349679,aa
227,1557849350679,aa
228,1557849351679,aa
229,1557849352679,aa
230,1557849353679,aa
231,1557849354679,aa
Curr Log Value 231--Offset in ms: 1636


here
227,1557849350679,aa
228,1557849351679,aa
229,1557849352679,aa
230,1557849353679,aa
231,1557849354679,aa
232,1557849355680,aa
Curr Log Value 232--Offset in ms: 1629


here
228,1557849351679,aa
229,1557849352679,aa
230,1557849353679,aa
231,1557849354679,aa
232,1557849355680,aa
233,1557849356680,aa
Curr Log Value 233--Offset in ms: 1645


here
229,1557849352679,aa
230,1557849353679,aa
231,1557849354679,aa
232,1557849355680,aa
233,1557849356680,aa
234,1557849357679,aa
Curr Log Value 234--Offset in ms: 1769


here
230,1557849353679,aa
231,1557849354679,aa
232,1557849355680,aa
233,1557849356680,aa
234,1557849357679,aa
235,1557849358680,aa
Curr Log Value 235--Offset in ms: 1484


here
231,1557849354679,aa
232,1557849355680,aa
233,1557849356680,aa
234,1557849357679,aa
235,1557849358680,aa
236,1557849359679,aa
Curr Log Value 236--Offset in ms: 1802


here
232,1557849355680,aa
233,1557849356680,aa
234,1557849357679,aa
235,1557849358680,aa
236,1557849359679,aa
237,1557849360679,aa
Curr Log Value 237--Offset in ms: 1491


here
233,1557849356680,aa
234,1557849357679,aa
235,1557849358680,aa
236,1557849359679,aa
237,1557849360679,aa
238,1557849361680,aa
Curr Log Value 238--Offset in ms: 1788


here
234,1557849357679,aa
235,1557849358680,aa
236,1557849359679,aa
237,1557849360679,aa
238,1557849361680,aa
239,1557849362680,aa
Curr Log Value 239--Offset in ms: 1495


here
235,1557849358680,aa
236,1557849359679,aa
237,1557849360679,aa
238,1557849361680,aa
239,1557849362680,aa
240,1557849363679,aa
Curr Log Value 240--Offset in ms: 1772


here
236,1557849359679,aa
237,1557849360679,aa
238,1557849361680,aa
239,1557849362680,aa
240,1557849363679,aa
241,1557849364679,aa
Curr Log Value 241--Offset in ms: 1788


here
237,1557849360679,aa
238,1557849361680,aa
239,1557849362680,aa
240,1557849363679,aa
241,1557849364679,aa
242,1557849365679,aa
Curr Log Value 242--Offset in ms: 1646


here
238,1557849361680,aa
239,1557849362680,aa
240,1557849363679,aa
241,1557849364679,aa
242,1557849365679,aa
243,1557849366679,aa
Curr Log Value 243--Offset in ms: 1628


here
239,1557849362680,aa
240,1557849363679,aa
241,1557849364679,aa
242,1557849365679,aa
243,1557849366679,aa
244,1557849367679,aa
Curr Log Value 244--Offset in ms: 1647


here
240,1557849363679,aa
241,1557849364679,aa
242,1557849365679,aa
243,1557849366679,aa
244,1557849367679,aa
245,1557849368679,aa
Curr Log Value 245--Offset in ms: 1659


here
241,1557849364679,aa
242,1557849365679,aa
243,1557849366679,aa
244,1557849367679,aa
245,1557849368679,aa
246,1557849369679,aa
Curr Log Value 246--Offset in ms: 1638


here
242,1557849365679,aa
243,1557849366679,aa
244,1557849367679,aa
245,1557849368679,aa
246,1557849369679,aa
247,1557849370679,aa
Curr Log Value 247--Offset in ms: 1630


here
243,1557849366679,aa
244,1557849367679,aa
245,1557849368679,aa
246,1557849369679,aa
247,1557849370679,aa
248,1557849371679,aa
Curr Log Value 248--Offset in ms: 1655


here
244,1557849367679,aa
245,1557849368679,aa
246,1557849369679,aa
247,1557849370679,aa
248,1557849371679,aa
249,1557849372679,aa
Curr Log Value 249--Offset in ms: 1639


here
245,1557849368679,aa
246,1557849369679,aa
247,1557849370679,aa
248,1557849371679,aa
249,1557849372679,aa
250,1557849373679,aa
Curr Log Value 250--Offset in ms: 1639


here
246,1557849369679,aa
247,1557849370679,aa
248,1557849371679,aa
249,1557849372679,aa
250,1557849373679,aa
251,1557849374679,aa
Curr Log Value 251--Offset in ms: 1649


here
247,1557849370679,aa
248,1557849371679,aa
249,1557849372679,aa
250,1557849373679,aa
251,1557849374679,aa
252,1557849375679,aa
Curr Log Value 252--Offset in ms: 1634


here
248,1557849371679,aa
249,1557849372679,aa
250,1557849373679,aa
251,1557849374679,aa
252,1557849375679,aa
253,1557849376679,aa
Curr Log Value 253--Offset in ms: 1782


here
249,1557849372679,aa
250,1557849373679,aa
251,1557849374679,aa
252,1557849375679,aa
253,1557849376679,aa
254,1557849377679,aa
Curr Log Value 254--Offset in ms: 1779


here
250,1557849373679,aa
251,1557849374679,aa
252,1557849375679,aa
253,1557849376679,aa
254,1557849377679,aa
255,1557849378679,aa
Curr Log Value 255--Offset in ms: 1630


here
251,1557849374679,aa
252,1557849375679,aa
253,1557849376679,aa
254,1557849377679,aa
255,1557849378679,aa
256,1557849379679,aa
Curr Log Value 256--Offset in ms: 1783


here
252,1557849375679,aa
253,1557849376679,aa
254,1557849377679,aa
255,1557849378679,aa
256,1557849379679,aa
257,1557849380680,aa
Curr Log Value 257--Offset in ms: 1643


here
253,1557849376679,aa
254,1557849377679,aa
255,1557849378679,aa
256,1557849379679,aa
257,1557849380680,aa
258,1557849381680,aa
Curr Log Value 258--Offset in ms: 1634


here
254,1557849377679,aa
255,1557849378679,aa
256,1557849379679,aa
257,1557849380680,aa
258,1557849381680,aa
259,1557849382679,aa
Curr Log Value 259--Offset in ms: 1633


here
255,1557849378679,aa
256,1557849379679,aa
257,1557849380680,aa
258,1557849381680,aa
259,1557849382679,aa
260,1557849383679,aa
Curr Log Value 260--Offset in ms: 1637


here
256,1557849379679,aa
257,1557849380680,aa
258,1557849381680,aa
259,1557849382679,aa
260,1557849383679,aa
261,1557849384679,aa
Curr Log Value 261--Offset in ms: 1635


here
257,1557849380680,aa
258,1557849381680,aa
259,1557849382679,aa
260,1557849383679,aa
261,1557849384679,aa
262,1557849385679,aa
Curr Log Value 262--Offset in ms: 1632


here
258,1557849381680,aa
259,1557849382679,aa
260,1557849383679,aa
261,1557849384679,aa
262,1557849385679,aa
263,1557849386680,aa
Curr Log Value 263--Offset in ms: 1644


here
259,1557849382679,aa
260,1557849383679,aa
261,1557849384679,aa
262,1557849385679,aa
263,1557849386680,aa
264,1557849387679,aa
Curr Log Value 264--Offset in ms: 1622


here
260,1557849383679,aa
261,1557849384679,aa
262,1557849385679,aa
263,1557849386680,aa
264,1557849387679,aa
265,1557849388679,aa
Curr Log Value 265--Offset in ms: 1624


here
261,1557849384679,aa
262,1557849385679,aa
263,1557849386680,aa
264,1557849387679,aa
265,1557849388679,aa
266,1557849389680,aa
Curr Log Value 266--Offset in ms: 1644


here
262,1557849385679,aa
263,1557849386680,aa
264,1557849387679,aa
265,1557849388679,aa
266,1557849389680,aa
267,1557849390679,aa
Curr Log Value 267--Offset in ms: 1632


here
263,1557849386680,aa
264,1557849387679,aa
265,1557849388679,aa
266,1557849389680,aa
267,1557849390679,aa
268,1557849391679,aa
Curr Log Value 268--Offset in ms: 1621


here
264,1557849387679,aa
265,1557849388679,aa
266,1557849389680,aa
267,1557849390679,aa
268,1557849391679,aa
269,1557849392679,aa
Curr Log Value 269--Offset in ms: 1645


here
265,1557849388679,aa
266,1557849389680,aa
267,1557849390679,aa
268,1557849391679,aa
269,1557849392679,aa
270,1557849393679,aa
Curr Log Value 270--Offset in ms: 1631


here
266,1557849389680,aa
267,1557849390679,aa
268,1557849391679,aa
269,1557849392679,aa
270,1557849393679,aa
271,1557849394679,aa
Curr Log Value 271--Offset in ms: 1628


here
267,1557849390679,aa
268,1557849391679,aa
269,1557849392679,aa
270,1557849393679,aa
271,1557849394679,aa
272,1557849395679,aa
Curr Log Value 272--Offset in ms: 1644


here
268,1557849391679,aa
269,1557849392679,aa
270,1557849393679,aa
271,1557849394679,aa
272,1557849395679,aa
273,1557849396679,aa
Curr Log Value 273--Offset in ms: 1636


here
269,1557849392679,aa
270,1557849393679,aa
271,1557849394679,aa
272,1557849395679,aa
273,1557849396679,aa
274,1557849397679,aa
Curr Log Value 274--Offset in ms: 1636


here
270,1557849393679,aa
271,1557849394679,aa
272,1557849395679,aa
273,1557849396679,aa
274,1557849397679,aa
275,1557849398679,aa
Curr Log Value 275--Offset in ms: 1641


Client exception: java.rmi.UnmarshalException: Error unmarshaling return header; nested exception is: 
	java.io.EOFException
request Data failed, requesting new Provider
Requesting new Provider other than 52.24.143.203
FATAL ERROR: Master Failure To Respond
misssed 3 out of 244
MISSRATE = 0
