java(3967): Operation not permitted
java(9851): Operation not permitted
java: no process found
rm -f *.class
javac Node.java
javac Server.java
Server ready
Requesting Join
Join Accepted By Master, Provider Set To: 13.233.83.84
here
HELLO 1
221,1557849344679,aa
Curr Log Value 221--Offset in ms: 8766


HELLO 2
here
221,1557849344679,aa
226,1557849349679,aa
Curr Log Value 226--Offset in ms: 6337


MISSED DATABLOCK
HELLO 3
here
221,1557849344679,aa
226,1557849349679,aa
229,1557849352679,aa
Curr Log Value 229--Offset in ms: 4557


MISSED DATABLOCK
here
221,1557849344679,aa
226,1557849349679,aa
229,1557849352679,aa
230,1557849353679,aa
Curr Log Value 230--Offset in ms: 3971


here
221,1557849344679,aa
226,1557849349679,aa
229,1557849352679,aa
230,1557849353679,aa
230,1557849353679,aa
Curr Log Value 230--Offset in ms: 4392


MISSED DATABLOCK
here
221,1557849344679,aa
226,1557849349679,aa
229,1557849352679,aa
230,1557849353679,aa
230,1557849353679,aa
230,1557849353679,aa
Curr Log Value 230--Offset in ms: 5012


MISSED DATABLOCK
HELLO 4
here
226,1557849349679,aa
229,1557849352679,aa
230,1557849353679,aa
230,1557849353679,aa
230,1557849353679,aa
235,1557849358680,aa
Curr Log Value 235--Offset in ms: 1982


MISSED DATABLOCK
here
229,1557849352679,aa
230,1557849353679,aa
230,1557849353679,aa
230,1557849353679,aa
235,1557849358680,aa
236,1557849359679,aa
Curr Log Value 236--Offset in ms: 1636


here
230,1557849353679,aa
230,1557849353679,aa
230,1557849353679,aa
235,1557849358680,aa
236,1557849359679,aa
237,1557849360679,aa
Curr Log Value 237--Offset in ms: 1302


here
230,1557849353679,aa
230,1557849353679,aa
235,1557849358680,aa
236,1557849359679,aa
237,1557849360679,aa
237,1557849360679,aa
Curr Log Value 237--Offset in ms: 1958


MISSED DATABLOCK
here
230,1557849353679,aa
235,1557849358680,aa
236,1557849359679,aa
237,1557849360679,aa
237,1557849360679,aa
238,1557849361680,aa
Curr Log Value 238--Offset in ms: 1609


here
235,1557849358680,aa
236,1557849359679,aa
237,1557849360679,aa
237,1557849360679,aa
238,1557849361680,aa
239,1557849362680,aa
Curr Log Value 239--Offset in ms: 1277


here
236,1557849359679,aa
237,1557849360679,aa
237,1557849360679,aa
238,1557849361680,aa
239,1557849362680,aa
239,1557849362680,aa
Curr Log Value 239--Offset in ms: 1934


MISSED DATABLOCK
here
237,1557849360679,aa
237,1557849360679,aa
238,1557849361680,aa
239,1557849362680,aa
239,1557849362680,aa
240,1557849363679,aa
Curr Log Value 240--Offset in ms: 1592


here
237,1557849360679,aa
238,1557849361680,aa
239,1557849362680,aa
239,1557849362680,aa
240,1557849363679,aa
241,1557849364679,aa
Curr Log Value 241--Offset in ms: 1267


here
238,1557849361680,aa
239,1557849362680,aa
239,1557849362680,aa
240,1557849363679,aa
241,1557849364679,aa
241,1557849364679,aa
Curr Log Value 241--Offset in ms: 1920


MISSED DATABLOCK
here
239,1557849362680,aa
239,1557849362680,aa
240,1557849363679,aa
241,1557849364679,aa
241,1557849364679,aa
242,1557849365679,aa
Curr Log Value 242--Offset in ms: 1949


here
239,1557849362680,aa
240,1557849363679,aa
241,1557849364679,aa
241,1557849364679,aa
242,1557849365679,aa
243,1557849366679,aa
Curr Log Value 243--Offset in ms: 1845


here
240,1557849363679,aa
241,1557849364679,aa
241,1557849364679,aa
242,1557849365679,aa
243,1557849366679,aa
244,1557849367679,aa
Curr Log Value 244--Offset in ms: 1957


here
241,1557849364679,aa
241,1557849364679,aa
242,1557849365679,aa
243,1557849366679,aa
244,1557849367679,aa
245,1557849368679,aa
Curr Log Value 245--Offset in ms: 1826


here
241,1557849364679,aa
242,1557849365679,aa
243,1557849366679,aa
244,1557849367679,aa
245,1557849368679,aa
246,1557849369679,aa
Curr Log Value 246--Offset in ms: 1959


here
242,1557849365679,aa
243,1557849366679,aa
244,1557849367679,aa
245,1557849368679,aa
246,1557849369679,aa
247,1557849370679,aa
Curr Log Value 247--Offset in ms: 1821


here
243,1557849366679,aa
244,1557849367679,aa
245,1557849368679,aa
246,1557849369679,aa
247,1557849370679,aa
248,1557849371679,aa
Curr Log Value 248--Offset in ms: 1950


here
244,1557849367679,aa
245,1557849368679,aa
246,1557849369679,aa
247,1557849370679,aa
248,1557849371679,aa
249,1557849372679,aa
Curr Log Value 249--Offset in ms: 1836


here
245,1557849368679,aa
246,1557849369679,aa
247,1557849370679,aa
248,1557849371679,aa
249,1557849372679,aa
250,1557849373679,aa
Curr Log Value 250--Offset in ms: 1943


here
246,1557849369679,aa
247,1557849370679,aa
248,1557849371679,aa
249,1557849372679,aa
250,1557849373679,aa
251,1557849374679,aa
Curr Log Value 251--Offset in ms: 1820


here
247,1557849370679,aa
248,1557849371679,aa
249,1557849372679,aa
250,1557849373679,aa
251,1557849374679,aa
252,1557849375679,aa
Curr Log Value 252--Offset in ms: 1958


here
248,1557849371679,aa
249,1557849372679,aa
250,1557849373679,aa
251,1557849374679,aa
252,1557849375679,aa
253,1557849376679,aa
Curr Log Value 253--Offset in ms: 1830


here
249,1557849372679,aa
250,1557849373679,aa
251,1557849374679,aa
252,1557849375679,aa
253,1557849376679,aa
254,1557849377679,aa
Curr Log Value 254--Offset in ms: 1950


here
250,1557849373679,aa
251,1557849374679,aa
252,1557849375679,aa
253,1557849376679,aa
254,1557849377679,aa
255,1557849378679,aa
Curr Log Value 255--Offset in ms: 1828


here
251,1557849374679,aa
252,1557849375679,aa
253,1557849376679,aa
254,1557849377679,aa
255,1557849378679,aa
256,1557849379679,aa
Curr Log Value 256--Offset in ms: 1950


here
252,1557849375679,aa
253,1557849376679,aa
254,1557849377679,aa
255,1557849378679,aa
256,1557849379679,aa
257,1557849380680,aa
Curr Log Value 257--Offset in ms: 1813


here
253,1557849376679,aa
254,1557849377679,aa
255,1557849378679,aa
256,1557849379679,aa
257,1557849380680,aa
258,1557849381680,aa
Curr Log Value 258--Offset in ms: 1949


here
254,1557849377679,aa
255,1557849378679,aa
256,1557849379679,aa
257,1557849380680,aa
258,1557849381680,aa
259,1557849382679,aa
Curr Log Value 259--Offset in ms: 1818


here
255,1557849378679,aa
256,1557849379679,aa
257,1557849380680,aa
258,1557849381680,aa
259,1557849382679,aa
260,1557849383679,aa
Curr Log Value 260--Offset in ms: 1945


here
256,1557849379679,aa
257,1557849380680,aa
258,1557849381680,aa
259,1557849382679,aa
260,1557849383679,aa
261,1557849384679,aa
Curr Log Value 261--Offset in ms: 1828


here
257,1557849380680,aa
258,1557849381680,aa
259,1557849382679,aa
260,1557849383679,aa
261,1557849384679,aa
262,1557849385679,aa
Curr Log Value 262--Offset in ms: 1948


here
258,1557849381680,aa
259,1557849382679,aa
260,1557849383679,aa
261,1557849384679,aa
262,1557849385679,aa
263,1557849386680,aa
Curr Log Value 263--Offset in ms: 1815


here
259,1557849382679,aa
260,1557849383679,aa
261,1557849384679,aa
262,1557849385679,aa
263,1557849386680,aa
264,1557849387679,aa
Curr Log Value 264--Offset in ms: 1955


here
260,1557849383679,aa
261,1557849384679,aa
262,1557849385679,aa
263,1557849386680,aa
264,1557849387679,aa
265,1557849388679,aa
Curr Log Value 265--Offset in ms: 1927


here
261,1557849384679,aa
262,1557849385679,aa
263,1557849386680,aa
264,1557849387679,aa
265,1557849388679,aa
266,1557849389680,aa
Curr Log Value 266--Offset in ms: 1830


here
262,1557849385679,aa
263,1557849386680,aa
264,1557849387679,aa
265,1557849388679,aa
266,1557849389680,aa
267,1557849390679,aa
Curr Log Value 267--Offset in ms: 1955


here
263,1557849386680,aa
264,1557849387679,aa
265,1557849388679,aa
266,1557849389680,aa
267,1557849390679,aa
268,1557849391679,aa
Curr Log Value 268--Offset in ms: 1825


here
264,1557849387679,aa
265,1557849388679,aa
266,1557849389680,aa
267,1557849390679,aa
268,1557849391679,aa
269,1557849392679,aa
Curr Log Value 269--Offset in ms: 1952


here
265,1557849388679,aa
266,1557849389680,aa
267,1557849390679,aa
268,1557849391679,aa
269,1557849392679,aa
270,1557849393679,aa
Curr Log Value 270--Offset in ms: 1833


here
266,1557849389680,aa
267,1557849390679,aa
268,1557849391679,aa
269,1557849392679,aa
270,1557849393679,aa
271,1557849394679,aa
Curr Log Value 271--Offset in ms: 1940


here
267,1557849390679,aa
268,1557849391679,aa
269,1557849392679,aa
270,1557849393679,aa
271,1557849394679,aa
272,1557849395679,aa
Curr Log Value 272--Offset in ms: 1812


here
268,1557849391679,aa
269,1557849392679,aa
270,1557849393679,aa
271,1557849394679,aa
272,1557849395679,aa
273,1557849396679,aa
Curr Log Value 273--Offset in ms: 2078


here
269,1557849392679,aa
270,1557849393679,aa
271,1557849394679,aa
272,1557849395679,aa
273,1557849396679,aa
274,1557849397679,aa
Curr Log Value 274--Offset in ms: 1822


Client exception: java.rmi.UnmarshalException: Error unmarshaling return header; nested exception is: 
	java.io.EOFException
request Data failed, requesting new Provider
Requesting new Provider other than 18.228.190.7
FATAL ERROR: Master Failure To Respond
misssed 8 out of 53
MISSRATE = 0
