java(790): Operation not permitted
java(26259): Operation not permitted
java(26502): Operation not permitted
java: no process found
rm -f *.class
javac Node.java
javac Server.java
Server ready
Requesting Join
Join Accepted By Master, Provider Set To: 34.221.171.231
here
145,1557849268680,aa
Curr Log Value 145--Offset in ms: 5288


HELLO 1
here
145,1557849268680,aa
147,1557849270679,aa
Curr Log Value 147--Offset in ms: 4695


MISSED DATABLOCK
here
145,1557849268680,aa
147,1557849270679,aa
148,1557849271679,aa
Curr Log Value 148--Offset in ms: 4146


here
145,1557849268680,aa
147,1557849270679,aa
148,1557849271679,aa
148,1557849271679,aa
Curr Log Value 148--Offset in ms: 4842


MISSED DATABLOCK
here
145,1557849268680,aa
147,1557849270679,aa
148,1557849271679,aa
148,1557849271679,aa
149,1557849272679,aa
Curr Log Value 149--Offset in ms: 4928


here
145,1557849268680,aa
147,1557849270679,aa
148,1557849271679,aa
148,1557849271679,aa
149,1557849272679,aa
150,1557849273679,aa
Curr Log Value 150--Offset in ms: 4837


here
147,1557849270679,aa
148,1557849271679,aa
148,1557849271679,aa
149,1557849272679,aa
150,1557849273679,aa
151,1557849274679,aa
Curr Log Value 151--Offset in ms: 4835


here
148,1557849271679,aa
148,1557849271679,aa
149,1557849272679,aa
150,1557849273679,aa
151,1557849274679,aa
152,1557849275679,aa
Curr Log Value 152--Offset in ms: 4845


here
148,1557849271679,aa
149,1557849272679,aa
150,1557849273679,aa
151,1557849274679,aa
152,1557849275679,aa
153,1557849276679,aa
Curr Log Value 153--Offset in ms: 4836


here
149,1557849272679,aa
150,1557849273679,aa
151,1557849274679,aa
152,1557849275679,aa
153,1557849276679,aa
154,1557849277679,aa
Curr Log Value 154--Offset in ms: 4844


here
150,1557849273679,aa
151,1557849274679,aa
152,1557849275679,aa
153,1557849276679,aa
154,1557849277679,aa
155,1557849278679,aa
Curr Log Value 155--Offset in ms: 4835


here
151,1557849274679,aa
152,1557849275679,aa
153,1557849276679,aa
154,1557849277679,aa
155,1557849278679,aa
156,1557849279679,aa
Curr Log Value 156--Offset in ms: 4845


here
152,1557849275679,aa
153,1557849276679,aa
154,1557849277679,aa
155,1557849278679,aa
156,1557849279679,aa
157,1557849280679,aa
Curr Log Value 157--Offset in ms: 4836


here
153,1557849276679,aa
154,1557849277679,aa
155,1557849278679,aa
156,1557849279679,aa
157,1557849280679,aa
158,1557849281679,aa
Curr Log Value 158--Offset in ms: 4833


here
154,1557849277679,aa
155,1557849278679,aa
156,1557849279679,aa
157,1557849280679,aa
158,1557849281679,aa
159,1557849282679,aa
Curr Log Value 159--Offset in ms: 4835


here
155,1557849278679,aa
156,1557849279679,aa
157,1557849280679,aa
158,1557849281679,aa
159,1557849282679,aa
160,1557849283679,aa
Curr Log Value 160--Offset in ms: 4848


here
156,1557849279679,aa
157,1557849280679,aa
158,1557849281679,aa
159,1557849282679,aa
160,1557849283679,aa
161,1557849284680,aa
Curr Log Value 161--Offset in ms: 4831


here
157,1557849280679,aa
158,1557849281679,aa
159,1557849282679,aa
160,1557849283679,aa
161,1557849284680,aa
162,1557849285679,aa
Curr Log Value 162--Offset in ms: 4838


here
158,1557849281679,aa
159,1557849282679,aa
160,1557849283679,aa
161,1557849284680,aa
162,1557849285679,aa
163,1557849286679,aa
Curr Log Value 163--Offset in ms: 4848


here
159,1557849282679,aa
160,1557849283679,aa
161,1557849284680,aa
162,1557849285679,aa
163,1557849286679,aa
164,1557849287679,aa
Curr Log Value 164--Offset in ms: 4832


here
160,1557849283679,aa
161,1557849284680,aa
162,1557849285679,aa
163,1557849286679,aa
164,1557849287679,aa
165,1557849288679,aa
Curr Log Value 165--Offset in ms: 4838


here
161,1557849284680,aa
162,1557849285679,aa
163,1557849286679,aa
164,1557849287679,aa
165,1557849288679,aa
165,1557849288679,aa
Curr Log Value 165--Offset in ms: 5849


MISSED DATABLOCK
HELLO 2
here
162,1557849285679,aa
163,1557849286679,aa
164,1557849287679,aa
165,1557849288679,aa
165,1557849288679,aa
168,1557849291679,aa
Curr Log Value 168--Offset in ms: 5951


MISSED DATABLOCK
HELLO 3
here
163,1557849286679,aa
164,1557849287679,aa
165,1557849288679,aa
165,1557849288679,aa
168,1557849291679,aa
173,1557849296679,aa
Curr Log Value 173--Offset in ms: 3038


MISSED DATABLOCK
here
164,1557849287679,aa
165,1557849288679,aa
165,1557849288679,aa
168,1557849291679,aa
173,1557849296679,aa
174,1557849297679,aa
Curr Log Value 174--Offset in ms: 2548


here
165,1557849288679,aa
165,1557849288679,aa
168,1557849291679,aa
173,1557849296679,aa
174,1557849297679,aa
175,1557849298679,aa
Curr Log Value 175--Offset in ms: 2337


here
165,1557849288679,aa
168,1557849291679,aa
173,1557849296679,aa
174,1557849297679,aa
175,1557849298679,aa
176,1557849299680,aa
Curr Log Value 176--Offset in ms: 1974


here
168,1557849291679,aa
173,1557849296679,aa
174,1557849297679,aa
175,1557849298679,aa
176,1557849299680,aa
176,1557849299680,aa
Curr Log Value 176--Offset in ms: 2623


MISSED DATABLOCK
here
173,1557849296679,aa
174,1557849297679,aa
175,1557849298679,aa
176,1557849299680,aa
176,1557849299680,aa
177,1557849300679,aa
Curr Log Value 177--Offset in ms: 2257


here
174,1557849297679,aa
175,1557849298679,aa
176,1557849299680,aa
176,1557849299680,aa
177,1557849300679,aa
177,1557849300679,aa
Curr Log Value 177--Offset in ms: 2890


MISSED DATABLOCK
here
175,1557849298679,aa
176,1557849299680,aa
176,1557849299680,aa
177,1557849300679,aa
177,1557849300679,aa
178,1557849301679,aa
Curr Log Value 178--Offset in ms: 2536


here
176,1557849299680,aa
176,1557849299680,aa
177,1557849300679,aa
177,1557849300679,aa
178,1557849301679,aa
178,1557849301679,aa
Curr Log Value 178--Offset in ms: 3168


MISSED DATABLOCK
here
176,1557849299680,aa
177,1557849300679,aa
177,1557849300679,aa
178,1557849301679,aa
178,1557849301679,aa
179,1557849302679,aa
Curr Log Value 179--Offset in ms: 2940


here
177,1557849300679,aa
177,1557849300679,aa
178,1557849301679,aa
178,1557849301679,aa
179,1557849302679,aa
180,1557849303680,aa
Curr Log Value 180--Offset in ms: 3119


here
177,1557849300679,aa
178,1557849301679,aa
178,1557849301679,aa
179,1557849302679,aa
180,1557849303680,aa
181,1557849304679,aa
Curr Log Value 181--Offset in ms: 2946


here
178,1557849301679,aa
178,1557849301679,aa
179,1557849302679,aa
180,1557849303680,aa
181,1557849304679,aa
182,1557849305679,aa
Curr Log Value 182--Offset in ms: 3106


here
178,1557849301679,aa
179,1557849302679,aa
180,1557849303680,aa
181,1557849304679,aa
182,1557849305679,aa
183,1557849306679,aa
Curr Log Value 183--Offset in ms: 2960


here
179,1557849302679,aa
180,1557849303680,aa
181,1557849304679,aa
182,1557849305679,aa
183,1557849306679,aa
184,1557849307679,aa
Curr Log Value 184--Offset in ms: 3105


here
180,1557849303680,aa
181,1557849304679,aa
182,1557849305679,aa
183,1557849306679,aa
184,1557849307679,aa
185,1557849308679,aa
Curr Log Value 185--Offset in ms: 2947


here
181,1557849304679,aa
182,1557849305679,aa
183,1557849306679,aa
184,1557849307679,aa
185,1557849308679,aa
186,1557849309679,aa
Curr Log Value 186--Offset in ms: 3113


here
182,1557849305679,aa
183,1557849306679,aa
184,1557849307679,aa
185,1557849308679,aa
186,1557849309679,aa
187,1557849310679,aa
Curr Log Value 187--Offset in ms: 2944


here
183,1557849306679,aa
184,1557849307679,aa
185,1557849308679,aa
186,1557849309679,aa
187,1557849310679,aa
188,1557849311679,aa
Curr Log Value 188--Offset in ms: 3101


here
184,1557849307679,aa
185,1557849308679,aa
186,1557849309679,aa
187,1557849310679,aa
188,1557849311679,aa
189,1557849312680,aa
Curr Log Value 189--Offset in ms: 2958


here
185,1557849308679,aa
186,1557849309679,aa
187,1557849310679,aa
188,1557849311679,aa
189,1557849312680,aa
190,1557849313679,aa
Curr Log Value 190--Offset in ms: 3098


here
186,1557849309679,aa
187,1557849310679,aa
188,1557849311679,aa
189,1557849312680,aa
190,1557849313679,aa
191,1557849314679,aa
Curr Log Value 191--Offset in ms: 2945


here
187,1557849310679,aa
188,1557849311679,aa
189,1557849312680,aa
190,1557849313679,aa
191,1557849314679,aa
192,1557849315679,aa
Curr Log Value 192--Offset in ms: 3112


here
188,1557849311679,aa
189,1557849312680,aa
190,1557849313679,aa
191,1557849314679,aa
192,1557849315679,aa
193,1557849316680,aa
Curr Log Value 193--Offset in ms: 2944


here
189,1557849312680,aa
190,1557849313679,aa
191,1557849314679,aa
192,1557849315679,aa
193,1557849316680,aa
194,1557849317679,aa
Curr Log Value 194--Offset in ms: 3098


here
190,1557849313679,aa
191,1557849314679,aa
192,1557849315679,aa
193,1557849316680,aa
194,1557849317679,aa
195,1557849318679,aa
Curr Log Value 195--Offset in ms: 2960


here
191,1557849314679,aa
192,1557849315679,aa
193,1557849316680,aa
194,1557849317679,aa
195,1557849318679,aa
196,1557849319680,aa
Curr Log Value 196--Offset in ms: 3099


here
192,1557849315679,aa
193,1557849316680,aa
194,1557849317679,aa
195,1557849318679,aa
196,1557849319680,aa
197,1557849320680,aa
Curr Log Value 197--Offset in ms: 2944


here
193,1557849316680,aa
194,1557849317679,aa
195,1557849318679,aa
196,1557849319680,aa
197,1557849320680,aa
198,1557849321679,aa
Curr Log Value 198--Offset in ms: 3112


here
194,1557849317679,aa
195,1557849318679,aa
196,1557849319680,aa
197,1557849320680,aa
198,1557849321679,aa
199,1557849322679,aa
Curr Log Value 199--Offset in ms: 2943


here
195,1557849318679,aa
196,1557849319680,aa
197,1557849320680,aa
198,1557849321679,aa
199,1557849322679,aa
200,1557849323680,aa
Curr Log Value 200--Offset in ms: 3101


here
196,1557849319680,aa
197,1557849320680,aa
198,1557849321679,aa
199,1557849322679,aa
200,1557849323680,aa
201,1557849324679,aa
Curr Log Value 201--Offset in ms: 2807


here
197,1557849320680,aa
198,1557849321679,aa
199,1557849322679,aa
200,1557849323680,aa
201,1557849324679,aa
202,1557849325679,aa
Curr Log Value 202--Offset in ms: 3097


here
198,1557849321679,aa
199,1557849322679,aa
200,1557849323680,aa
201,1557849324679,aa
202,1557849325679,aa
203,1557849326679,aa
Curr Log Value 203--Offset in ms: 2942


here
199,1557849322679,aa
200,1557849323680,aa
201,1557849324679,aa
202,1557849325679,aa
203,1557849326679,aa
204,1557849327679,aa
Curr Log Value 204--Offset in ms: 3110


here
200,1557849323680,aa
201,1557849324679,aa
202,1557849325679,aa
203,1557849326679,aa
204,1557849327679,aa
205,1557849328679,aa
Curr Log Value 205--Offset in ms: 2942


here
201,1557849324679,aa
202,1557849325679,aa
203,1557849326679,aa
204,1557849327679,aa
205,1557849328679,aa
206,1557849329680,aa
Curr Log Value 206--Offset in ms: 3098


here
202,1557849325679,aa
203,1557849326679,aa
204,1557849327679,aa
205,1557849328679,aa
206,1557849329680,aa
207,1557849330679,aa
Curr Log Value 207--Offset in ms: 2956


here
203,1557849326679,aa
204,1557849327679,aa
205,1557849328679,aa
206,1557849329680,aa
207,1557849330679,aa
208,1557849331679,aa
Curr Log Value 208--Offset in ms: 3098


here
204,1557849327679,aa
205,1557849328679,aa
206,1557849329680,aa
207,1557849330679,aa
208,1557849331679,aa
209,1557849332679,aa
Curr Log Value 209--Offset in ms: 2942


here
205,1557849328679,aa
206,1557849329680,aa
207,1557849330679,aa
208,1557849331679,aa
209,1557849332679,aa
210,1557849333679,aa
Curr Log Value 210--Offset in ms: 3113


here
206,1557849329680,aa
207,1557849330679,aa
208,1557849331679,aa
209,1557849332679,aa
210,1557849333679,aa
211,1557849334679,aa
Curr Log Value 211--Offset in ms: 2943


here
207,1557849330679,aa
208,1557849331679,aa
209,1557849332679,aa
210,1557849333679,aa
211,1557849334679,aa
212,1557849335679,aa
Curr Log Value 212--Offset in ms: 3098


here
208,1557849331679,aa
209,1557849332679,aa
210,1557849333679,aa
211,1557849334679,aa
212,1557849335679,aa
213,1557849336679,aa
Curr Log Value 213--Offset in ms: 2954


here
209,1557849332679,aa
210,1557849333679,aa
211,1557849334679,aa
212,1557849335679,aa
213,1557849336679,aa
214,1557849337679,aa
Curr Log Value 214--Offset in ms: 3096


here
210,1557849333679,aa
211,1557849334679,aa
212,1557849335679,aa
213,1557849336679,aa
214,1557849337679,aa
215,1557849338679,aa
Curr Log Value 215--Offset in ms: 2944


here
211,1557849334679,aa
212,1557849335679,aa
213,1557849336679,aa
214,1557849337679,aa
215,1557849338679,aa
216,1557849339679,aa
Curr Log Value 216--Offset in ms: 3111


here
212,1557849335679,aa
213,1557849336679,aa
214,1557849337679,aa
215,1557849338679,aa
216,1557849339679,aa
217,1557849340679,aa
Curr Log Value 217--Offset in ms: 2945


here
213,1557849336679,aa
214,1557849337679,aa
215,1557849338679,aa
216,1557849339679,aa
217,1557849340679,aa
218,1557849341679,aa
Curr Log Value 218--Offset in ms: 3098


here
214,1557849337679,aa
215,1557849338679,aa
216,1557849339679,aa
217,1557849340679,aa
218,1557849341679,aa
219,1557849342679,aa
Curr Log Value 219--Offset in ms: 2953


here
215,1557849338679,aa
216,1557849339679,aa
217,1557849340679,aa
218,1557849341679,aa
219,1557849342679,aa
220,1557849343680,aa
Curr Log Value 220--Offset in ms: 3099


here
216,1557849339679,aa
217,1557849340679,aa
218,1557849341679,aa
219,1557849342679,aa
220,1557849343680,aa
221,1557849344679,aa
Curr Log Value 221--Offset in ms: 2941


here
217,1557849340679,aa
218,1557849341679,aa
219,1557849342679,aa
220,1557849343680,aa
221,1557849344679,aa
222,1557849345679,aa
Curr Log Value 222--Offset in ms: 3108


here
218,1557849341679,aa
219,1557849342679,aa
220,1557849343680,aa
221,1557849344679,aa
222,1557849345679,aa
223,1557849346679,aa
Curr Log Value 223--Offset in ms: 2941


here
219,1557849342679,aa
220,1557849343680,aa
221,1557849344679,aa
222,1557849345679,aa
223,1557849346679,aa
224,1557849347679,aa
Curr Log Value 224--Offset in ms: 3093


here
220,1557849343680,aa
221,1557849344679,aa
222,1557849345679,aa
223,1557849346679,aa
224,1557849347679,aa
225,1557849348679,aa
Curr Log Value 225--Offset in ms: 2952


here
221,1557849344679,aa
222,1557849345679,aa
223,1557849346679,aa
224,1557849347679,aa
225,1557849348679,aa
226,1557849349679,aa
Curr Log Value 226--Offset in ms: 3090


here
222,1557849345679,aa
223,1557849346679,aa
224,1557849347679,aa
225,1557849348679,aa
226,1557849349679,aa
227,1557849350679,aa
Curr Log Value 227--Offset in ms: 2938


here
223,1557849346679,aa
224,1557849347679,aa
225,1557849348679,aa
226,1557849349679,aa
227,1557849350679,aa
228,1557849351679,aa
Curr Log Value 228--Offset in ms: 2962


here
224,1557849347679,aa
225,1557849348679,aa
226,1557849349679,aa
227,1557849350679,aa
228,1557849351679,aa
229,1557849352679,aa
Curr Log Value 229--Offset in ms: 3092


here
225,1557849348679,aa
226,1557849349679,aa
227,1557849350679,aa
228,1557849351679,aa
229,1557849352679,aa
230,1557849353679,aa
Curr Log Value 230--Offset in ms: 2795


here
226,1557849349679,aa
227,1557849350679,aa
228,1557849351679,aa
229,1557849352679,aa
230,1557849353679,aa
231,1557849354679,aa
Curr Log Value 231--Offset in ms: 3105


here
227,1557849350679,aa
228,1557849351679,aa
229,1557849352679,aa
230,1557849353679,aa
231,1557849354679,aa
232,1557849355680,aa
Curr Log Value 232--Offset in ms: 2953


here
228,1557849351679,aa
229,1557849352679,aa
230,1557849353679,aa
231,1557849354679,aa
232,1557849355680,aa
233,1557849356680,aa
Curr Log Value 233--Offset in ms: 3095


here
229,1557849352679,aa
230,1557849353679,aa
231,1557849354679,aa
232,1557849355680,aa
233,1557849356680,aa
234,1557849357679,aa
Curr Log Value 234--Offset in ms: 2959


here
230,1557849353679,aa
231,1557849354679,aa
232,1557849355680,aa
233,1557849356680,aa
234,1557849357679,aa
235,1557849358680,aa
Curr Log Value 235--Offset in ms: 3105


here
231,1557849354679,aa
232,1557849355680,aa
233,1557849356680,aa
234,1557849357679,aa
235,1557849358680,aa
236,1557849359679,aa
Curr Log Value 236--Offset in ms: 2797


here
232,1557849355680,aa
233,1557849356680,aa
234,1557849357679,aa
235,1557849358680,aa
236,1557849359679,aa
237,1557849360679,aa
Curr Log Value 237--Offset in ms: 3110


here
233,1557849356680,aa
234,1557849357679,aa
235,1557849358680,aa
236,1557849359679,aa
237,1557849360679,aa
238,1557849361680,aa
Curr Log Value 238--Offset in ms: 2946


here
234,1557849357679,aa
235,1557849358680,aa
236,1557849359679,aa
237,1557849360679,aa
238,1557849361680,aa
239,1557849362680,aa
Curr Log Value 239--Offset in ms: 3096


here
235,1557849358680,aa
236,1557849359679,aa
237,1557849360679,aa
238,1557849361680,aa
239,1557849362680,aa
240,1557849363679,aa
Curr Log Value 240--Offset in ms: 2954


here
236,1557849359679,aa
237,1557849360679,aa
238,1557849361680,aa
239,1557849362680,aa
240,1557849363679,aa
241,1557849364679,aa
Curr Log Value 241--Offset in ms: 3095


here
237,1557849360679,aa
238,1557849361680,aa
239,1557849362680,aa
240,1557849363679,aa
241,1557849364679,aa
242,1557849365679,aa
Curr Log Value 242--Offset in ms: 2944


here
238,1557849361680,aa
239,1557849362680,aa
240,1557849363679,aa
241,1557849364679,aa
242,1557849365679,aa
243,1557849366679,aa
Curr Log Value 243--Offset in ms: 3113


here
239,1557849362680,aa
240,1557849363679,aa
241,1557849364679,aa
242,1557849365679,aa
243,1557849366679,aa
244,1557849367679,aa
Curr Log Value 244--Offset in ms: 2950


here
240,1557849363679,aa
241,1557849364679,aa
242,1557849365679,aa
243,1557849366679,aa
244,1557849367679,aa
245,1557849368679,aa
Curr Log Value 245--Offset in ms: 3246


here
241,1557849364679,aa
242,1557849365679,aa
243,1557849366679,aa
244,1557849367679,aa
245,1557849368679,aa
246,1557849369679,aa
Curr Log Value 246--Offset in ms: 2954


here
242,1557849365679,aa
243,1557849366679,aa
244,1557849367679,aa
245,1557849368679,aa
246,1557849369679,aa
247,1557849370679,aa
Curr Log Value 247--Offset in ms: 3102


here
243,1557849366679,aa
244,1557849367679,aa
245,1557849368679,aa
246,1557849369679,aa
247,1557849370679,aa
248,1557849371679,aa
Curr Log Value 248--Offset in ms: 2945


here
244,1557849367679,aa
245,1557849368679,aa
246,1557849369679,aa
247,1557849370679,aa
248,1557849371679,aa
249,1557849372679,aa
Curr Log Value 249--Offset in ms: 3113


here
245,1557849368679,aa
246,1557849369679,aa
247,1557849370679,aa
248,1557849371679,aa
249,1557849372679,aa
250,1557849373679,aa
Curr Log Value 250--Offset in ms: 2946


here
246,1557849369679,aa
247,1557849370679,aa
248,1557849371679,aa
249,1557849372679,aa
250,1557849373679,aa
251,1557849374679,aa
Curr Log Value 251--Offset in ms: 3102


here
247,1557849370679,aa
248,1557849371679,aa
249,1557849372679,aa
250,1557849373679,aa
251,1557849374679,aa
252,1557849375679,aa
Curr Log Value 252--Offset in ms: 2961


here
248,1557849371679,aa
249,1557849372679,aa
250,1557849373679,aa
251,1557849374679,aa
252,1557849375679,aa
253,1557849376679,aa
Curr Log Value 253--Offset in ms: 3099


here
249,1557849372679,aa
250,1557849373679,aa
251,1557849374679,aa
252,1557849375679,aa
253,1557849376679,aa
254,1557849377679,aa
Curr Log Value 254--Offset in ms: 2948


here
250,1557849373679,aa
251,1557849374679,aa
252,1557849375679,aa
253,1557849376679,aa
254,1557849377679,aa
255,1557849378679,aa
Curr Log Value 255--Offset in ms: 3115


here
251,1557849374679,aa
252,1557849375679,aa
253,1557849376679,aa
254,1557849377679,aa
255,1557849378679,aa
256,1557849379679,aa
Curr Log Value 256--Offset in ms: 2947


here
252,1557849375679,aa
253,1557849376679,aa
254,1557849377679,aa
255,1557849378679,aa
256,1557849379679,aa
257,1557849380680,aa
Curr Log Value 257--Offset in ms: 3103


here
253,1557849376679,aa
254,1557849377679,aa
255,1557849378679,aa
256,1557849379679,aa
257,1557849380680,aa
258,1557849381680,aa
Curr Log Value 258--Offset in ms: 2962


here
254,1557849377679,aa
255,1557849378679,aa
256,1557849379679,aa
257,1557849380680,aa
258,1557849381680,aa
259,1557849382679,aa
Curr Log Value 259--Offset in ms: 3101


here
255,1557849378679,aa
256,1557849379679,aa
257,1557849380680,aa
258,1557849381680,aa
259,1557849382679,aa
259,1557849382679,aa
Curr Log Value 259--Offset in ms: 3944


MISSED DATABLOCK
here
256,1557849379679,aa
257,1557849380680,aa
258,1557849381680,aa
259,1557849382679,aa
259,1557849382679,aa
260,1557849383679,aa
Curr Log Value 260--Offset in ms: 4117


here
257,1557849380680,aa
258,1557849381680,aa
259,1557849382679,aa
259,1557849382679,aa
260,1557849383679,aa
261,1557849384679,aa
Curr Log Value 261--Offset in ms: 3935


here
258,1557849381680,aa
259,1557849382679,aa
259,1557849382679,aa
260,1557849383679,aa
261,1557849384679,aa
263,1557849386680,aa
Curr Log Value 263--Offset in ms: 3103


MISSED DATABLOCK
here
259,1557849382679,aa
259,1557849382679,aa
260,1557849383679,aa
261,1557849384679,aa
263,1557849386680,aa
264,1557849387679,aa
Curr Log Value 264--Offset in ms: 2949


here
259,1557849382679,aa
260,1557849383679,aa
261,1557849384679,aa
263,1557849386680,aa
264,1557849387679,aa
264,1557849387679,aa
Curr Log Value 264--Offset in ms: 4100


MISSED DATABLOCK
here
260,1557849383679,aa
261,1557849384679,aa
263,1557849386680,aa
264,1557849387679,aa
264,1557849387679,aa
265,1557849388679,aa
Curr Log Value 265--Offset in ms: 3944


here
261,1557849384679,aa
263,1557849386680,aa
264,1557849387679,aa
264,1557849387679,aa
265,1557849388679,aa
266,1557849389680,aa
Curr Log Value 266--Offset in ms: 4116


here
263,1557849386680,aa
264,1557849387679,aa
264,1557849387679,aa
265,1557849388679,aa
266,1557849389680,aa
267,1557849390679,aa
Curr Log Value 267--Offset in ms: 3943


here
264,1557849387679,aa
264,1557849387679,aa
265,1557849388679,aa
266,1557849389680,aa
267,1557849390679,aa
268,1557849391679,aa
Curr Log Value 268--Offset in ms: 4102


here
264,1557849387679,aa
265,1557849388679,aa
266,1557849389680,aa
267,1557849390679,aa
268,1557849391679,aa
270,1557849393679,aa
Curr Log Value 270--Offset in ms: 2957


MISSED DATABLOCK
here
265,1557849388679,aa
266,1557849389680,aa
267,1557849390679,aa
268,1557849391679,aa
270,1557849393679,aa
271,1557849394679,aa
Curr Log Value 271--Offset in ms: 3103


here
266,1557849389680,aa
267,1557849390679,aa
268,1557849391679,aa
270,1557849393679,aa
271,1557849394679,aa
272,1557849395679,aa
Curr Log Value 272--Offset in ms: 2946


here
267,1557849390679,aa
268,1557849391679,aa
270,1557849393679,aa
271,1557849394679,aa
272,1557849395679,aa
272,1557849395679,aa
Curr Log Value 272--Offset in ms: 4113


MISSED DATABLOCK
here
268,1557849391679,aa
270,1557849393679,aa
271,1557849394679,aa
272,1557849395679,aa
272,1557849395679,aa
274,1557849397679,aa
Curr Log Value 274--Offset in ms: 2949


MISSED DATABLOCK
Client exception: java.rmi.ConnectException: Connection refused to host: 54.250.199.120; nested exception is: 
	java.net.ConnectException: Connection refused (Connection refused)
request Data failed, requesting new Provider
Requesting new Provider other than 54.250.199.120
FATAL ERROR: Master Failure To Respond
misssed 14 out of 129
MISSRATE = 0
