java(1106): Operation not permitted
java(5941): Operation not permitted
java(6167): Operation not permitted
java: no process found
rm -f *.class
javac Node.java
javac Server.java
Server ready
Requesting Join
Join Accepted By Master, Provider Set To: 18.185.138.61
here
104,1557849227679,aa
Curr Log Value 104--Offset in ms: 4965


here
104,1557849227679,aa
106,1557849229679,aa
Curr Log Value 106--Offset in ms: 3927


MISSED DATABLOCK
here
104,1557849227679,aa
106,1557849229679,aa
106,1557849229679,aa
Curr Log Value 106--Offset in ms: 4918


MISSED DATABLOCK
here
104,1557849227679,aa
106,1557849229679,aa
106,1557849229679,aa
108,1557849231679,aa
Curr Log Value 108--Offset in ms: 3922


MISSED DATABLOCK
here
104,1557849227679,aa
106,1557849229679,aa
106,1557849229679,aa
108,1557849231679,aa
108,1557849231679,aa
Curr Log Value 108--Offset in ms: 4940


MISSED DATABLOCK
here
104,1557849227679,aa
106,1557849229679,aa
106,1557849229679,aa
108,1557849231679,aa
108,1557849231679,aa
109,1557849232679,aa
Curr Log Value 109--Offset in ms: 4953


here
106,1557849229679,aa
106,1557849229679,aa
108,1557849231679,aa
108,1557849231679,aa
109,1557849232679,aa
111,1557849234679,aa
Curr Log Value 111--Offset in ms: 3944


MISSED DATABLOCK
here
106,1557849229679,aa
108,1557849231679,aa
108,1557849231679,aa
109,1557849232679,aa
111,1557849234679,aa
111,1557849234679,aa
Curr Log Value 111--Offset in ms: 4971


MISSED DATABLOCK
here
108,1557849231679,aa
108,1557849231679,aa
109,1557849232679,aa
111,1557849234679,aa
111,1557849234679,aa
113,1557849236680,aa
Curr Log Value 113--Offset in ms: 3935


MISSED DATABLOCK
here
108,1557849231679,aa
109,1557849232679,aa
111,1557849234679,aa
111,1557849234679,aa
113,1557849236680,aa
113,1557849236680,aa
Curr Log Value 113--Offset in ms: 4945


MISSED DATABLOCK
here
109,1557849232679,aa
111,1557849234679,aa
111,1557849234679,aa
113,1557849236680,aa
113,1557849236680,aa
113,1557849236680,aa
Curr Log Value 113--Offset in ms: 5934


MISSED DATABLOCK
HELLO 1
recieved wait notice: wait
here
111,1557849234679,aa
111,1557849234679,aa
113,1557849236680,aa
113,1557849236680,aa
113,1557849236680,aa
113,1557849236680,aa
Curr Log Value 113--Offset in ms: 7265


MISSED DATABLOCK
HELLO 2
here
111,1557849234679,aa
113,1557849236680,aa
113,1557849236680,aa
113,1557849236680,aa
113,1557849236680,aa
121,1557849244679,aa
Curr Log Value 121--Offset in ms: 738


MISSED DATABLOCK
here
113,1557849236680,aa
113,1557849236680,aa
113,1557849236680,aa
113,1557849236680,aa
121,1557849244679,aa
121,1557849244679,aa
Curr Log Value 121--Offset in ms: 1275


MISSED DATABLOCK
here
113,1557849236680,aa
113,1557849236680,aa
113,1557849236680,aa
121,1557849244679,aa
121,1557849244679,aa
122,1557849245679,aa
Curr Log Value 122--Offset in ms: 1284


here
113,1557849236680,aa
113,1557849236680,aa
121,1557849244679,aa
121,1557849244679,aa
122,1557849245679,aa
123,1557849246679,aa
Curr Log Value 123--Offset in ms: 1422


here
113,1557849236680,aa
121,1557849244679,aa
121,1557849244679,aa
122,1557849245679,aa
123,1557849246679,aa
124,1557849247679,aa
Curr Log Value 124--Offset in ms: 1335


here
121,1557849244679,aa
121,1557849244679,aa
122,1557849245679,aa
123,1557849246679,aa
124,1557849247679,aa
125,1557849248679,aa
Curr Log Value 125--Offset in ms: 1368


here
121,1557849244679,aa
122,1557849245679,aa
123,1557849246679,aa
124,1557849247679,aa
125,1557849248679,aa
126,1557849249679,aa
Curr Log Value 126--Offset in ms: 1346


here
122,1557849245679,aa
123,1557849246679,aa
124,1557849247679,aa
125,1557849248679,aa
126,1557849249679,aa
127,1557849250679,aa
Curr Log Value 127--Offset in ms: 1334


here
123,1557849246679,aa
124,1557849247679,aa
125,1557849248679,aa
126,1557849249679,aa
127,1557849250679,aa
128,1557849251680,aa
Curr Log Value 128--Offset in ms: 1343


here
124,1557849247679,aa
125,1557849248679,aa
126,1557849249679,aa
127,1557849250679,aa
128,1557849251680,aa
129,1557849252680,aa
Curr Log Value 129--Offset in ms: 1488


here
125,1557849248679,aa
126,1557849249679,aa
127,1557849250679,aa
128,1557849251680,aa
129,1557849252680,aa
130,1557849253680,aa
Curr Log Value 130--Offset in ms: 1412


here
126,1557849249679,aa
127,1557849250679,aa
128,1557849251680,aa
129,1557849252680,aa
130,1557849253680,aa
131,1557849254679,aa
Curr Log Value 131--Offset in ms: 1421


here
127,1557849250679,aa
128,1557849251680,aa
129,1557849252680,aa
130,1557849253680,aa
131,1557849254679,aa
132,1557849255679,aa
Curr Log Value 132--Offset in ms: 1562


here
128,1557849251680,aa
129,1557849252680,aa
130,1557849253680,aa
131,1557849254679,aa
132,1557849255679,aa
133,1557849256679,aa
Curr Log Value 133--Offset in ms: 1562


here
129,1557849252680,aa
130,1557849253680,aa
131,1557849254679,aa
132,1557849255679,aa
133,1557849256679,aa
134,1557849257680,aa
Curr Log Value 134--Offset in ms: 1513


here
130,1557849253680,aa
131,1557849254679,aa
132,1557849255679,aa
133,1557849256679,aa
134,1557849257680,aa
135,1557849258679,aa
Curr Log Value 135--Offset in ms: 1561


here
131,1557849254679,aa
132,1557849255679,aa
133,1557849256679,aa
134,1557849257680,aa
135,1557849258679,aa
136,1557849259679,aa
Curr Log Value 136--Offset in ms: 1490


here
132,1557849255679,aa
133,1557849256679,aa
134,1557849257680,aa
135,1557849258679,aa
136,1557849259679,aa
137,1557849260679,aa
Curr Log Value 137--Offset in ms: 1512


here
133,1557849256679,aa
134,1557849257680,aa
135,1557849258679,aa
136,1557849259679,aa
137,1557849260679,aa
138,1557849261679,aa
Curr Log Value 138--Offset in ms: 1512


here
134,1557849257680,aa
135,1557849258679,aa
136,1557849259679,aa
137,1557849260679,aa
138,1557849261679,aa
139,1557849262679,aa
Curr Log Value 139--Offset in ms: 1495


here
135,1557849258679,aa
136,1557849259679,aa
137,1557849260679,aa
138,1557849261679,aa
139,1557849262679,aa
140,1557849263679,aa
Curr Log Value 140--Offset in ms: 1576


here
136,1557849259679,aa
137,1557849260679,aa
138,1557849261679,aa
139,1557849262679,aa
140,1557849263679,aa
141,1557849264679,aa
Curr Log Value 141--Offset in ms: 1488


here
137,1557849260679,aa
138,1557849261679,aa
139,1557849262679,aa
140,1557849263679,aa
141,1557849264679,aa
142,1557849265679,aa
Curr Log Value 142--Offset in ms: 1488


here
138,1557849261679,aa
139,1557849262679,aa
140,1557849263679,aa
141,1557849264679,aa
142,1557849265679,aa
143,1557849266679,aa
Curr Log Value 143--Offset in ms: 1520


here
139,1557849262679,aa
140,1557849263679,aa
141,1557849264679,aa
142,1557849265679,aa
143,1557849266679,aa
144,1557849267680,aa
Curr Log Value 144--Offset in ms: 1495


here
140,1557849263679,aa
141,1557849264679,aa
142,1557849265679,aa
143,1557849266679,aa
144,1557849267680,aa
145,1557849268680,aa
Curr Log Value 145--Offset in ms: 1510


here
141,1557849264679,aa
142,1557849265679,aa
143,1557849266679,aa
144,1557849267680,aa
145,1557849268680,aa
146,1557849269679,aa
Curr Log Value 146--Offset in ms: 1514


here
142,1557849265679,aa
143,1557849266679,aa
144,1557849267680,aa
145,1557849268680,aa
146,1557849269679,aa
147,1557849270679,aa
Curr Log Value 147--Offset in ms: 1502


here
143,1557849266679,aa
144,1557849267680,aa
145,1557849268680,aa
146,1557849269679,aa
147,1557849270679,aa
148,1557849271679,aa
Curr Log Value 148--Offset in ms: 1657


here
144,1557849267680,aa
145,1557849268680,aa
146,1557849269679,aa
147,1557849270679,aa
148,1557849271679,aa
149,1557849272679,aa
Curr Log Value 149--Offset in ms: 1514


here
145,1557849268680,aa
146,1557849269679,aa
147,1557849270679,aa
148,1557849271679,aa
149,1557849272679,aa
150,1557849273679,aa
Curr Log Value 150--Offset in ms: 1568


here
146,1557849269679,aa
147,1557849270679,aa
148,1557849271679,aa
149,1557849272679,aa
150,1557849273679,aa
151,1557849274679,aa
Curr Log Value 151--Offset in ms: 1502


here
147,1557849270679,aa
148,1557849271679,aa
149,1557849272679,aa
150,1557849273679,aa
151,1557849274679,aa
152,1557849275679,aa
Curr Log Value 152--Offset in ms: 1508


here
148,1557849271679,aa
149,1557849272679,aa
150,1557849273679,aa
151,1557849274679,aa
152,1557849275679,aa
153,1557849276679,aa
Curr Log Value 153--Offset in ms: 1500


here
149,1557849272679,aa
150,1557849273679,aa
151,1557849274679,aa
152,1557849275679,aa
153,1557849276679,aa
154,1557849277679,aa
Curr Log Value 154--Offset in ms: 1498


here
150,1557849273679,aa
151,1557849274679,aa
152,1557849275679,aa
153,1557849276679,aa
154,1557849277679,aa
155,1557849278679,aa
Curr Log Value 155--Offset in ms: 1504


here
151,1557849274679,aa
152,1557849275679,aa
153,1557849276679,aa
154,1557849277679,aa
155,1557849278679,aa
156,1557849279679,aa
Curr Log Value 156--Offset in ms: 1499


here
152,1557849275679,aa
153,1557849276679,aa
154,1557849277679,aa
155,1557849278679,aa
156,1557849279679,aa
157,1557849280679,aa
Curr Log Value 157--Offset in ms: 1509


here
153,1557849276679,aa
154,1557849277679,aa
155,1557849278679,aa
156,1557849279679,aa
157,1557849280679,aa
158,1557849281679,aa
Curr Log Value 158--Offset in ms: 1763


here
154,1557849277679,aa
155,1557849278679,aa
156,1557849279679,aa
157,1557849280679,aa
158,1557849281679,aa
159,1557849282679,aa
Curr Log Value 159--Offset in ms: 1569


here
155,1557849278679,aa
156,1557849279679,aa
157,1557849280679,aa
158,1557849281679,aa
159,1557849282679,aa
160,1557849283679,aa
Curr Log Value 160--Offset in ms: 1577


here
156,1557849279679,aa
157,1557849280679,aa
158,1557849281679,aa
159,1557849282679,aa
160,1557849283679,aa
161,1557849284680,aa
Curr Log Value 161--Offset in ms: 1593


here
157,1557849280679,aa
158,1557849281679,aa
159,1557849282679,aa
160,1557849283679,aa
161,1557849284680,aa
162,1557849285679,aa
Curr Log Value 162--Offset in ms: 1563


here
158,1557849281679,aa
159,1557849282679,aa
160,1557849283679,aa
161,1557849284680,aa
162,1557849285679,aa
163,1557849286679,aa
Curr Log Value 163--Offset in ms: 1572


here
159,1557849282679,aa
160,1557849283679,aa
161,1557849284680,aa
162,1557849285679,aa
163,1557849286679,aa
164,1557849287679,aa
Curr Log Value 164--Offset in ms: 1658


here
160,1557849283679,aa
161,1557849284680,aa
162,1557849285679,aa
163,1557849286679,aa
164,1557849287679,aa
165,1557849288679,aa
Curr Log Value 165--Offset in ms: 1641


here
161,1557849284680,aa
162,1557849285679,aa
163,1557849286679,aa
164,1557849287679,aa
165,1557849288679,aa
166,1557849289679,aa
Curr Log Value 166--Offset in ms: 1574


here
162,1557849285679,aa
163,1557849286679,aa
164,1557849287679,aa
165,1557849288679,aa
166,1557849289679,aa
167,1557849290679,aa
Curr Log Value 167--Offset in ms: 1606


here
163,1557849286679,aa
164,1557849287679,aa
165,1557849288679,aa
166,1557849289679,aa
167,1557849290679,aa
168,1557849291679,aa
Curr Log Value 168--Offset in ms: 1501


here
164,1557849287679,aa
165,1557849288679,aa
166,1557849289679,aa
167,1557849290679,aa
168,1557849291679,aa
169,1557849292679,aa
Curr Log Value 169--Offset in ms: 1643


here
165,1557849288679,aa
166,1557849289679,aa
167,1557849290679,aa
168,1557849291679,aa
169,1557849292679,aa
170,1557849293679,aa
Curr Log Value 170--Offset in ms: 1505


here
166,1557849289679,aa
167,1557849290679,aa
168,1557849291679,aa
169,1557849292679,aa
170,1557849293679,aa
171,1557849294679,aa
Curr Log Value 171--Offset in ms: 1578


here
167,1557849290679,aa
168,1557849291679,aa
169,1557849292679,aa
170,1557849293679,aa
171,1557849294679,aa
172,1557849295679,aa
Curr Log Value 172--Offset in ms: 1575


here
168,1557849291679,aa
169,1557849292679,aa
170,1557849293679,aa
171,1557849294679,aa
172,1557849295679,aa
173,1557849296679,aa
Curr Log Value 173--Offset in ms: 1658


here
169,1557849292679,aa
170,1557849293679,aa
171,1557849294679,aa
172,1557849295679,aa
173,1557849296679,aa
174,1557849297679,aa
Curr Log Value 174--Offset in ms: 1632


here
170,1557849293679,aa
171,1557849294679,aa
172,1557849295679,aa
173,1557849296679,aa
174,1557849297679,aa
175,1557849298679,aa
Curr Log Value 175--Offset in ms: 1571


here
171,1557849294679,aa
172,1557849295679,aa
173,1557849296679,aa
174,1557849297679,aa
175,1557849298679,aa
176,1557849299680,aa
Curr Log Value 176--Offset in ms: 1582


here
172,1557849295679,aa
173,1557849296679,aa
174,1557849297679,aa
175,1557849298679,aa
176,1557849299680,aa
177,1557849300679,aa
Curr Log Value 177--Offset in ms: 1738


here
173,1557849296679,aa
174,1557849297679,aa
175,1557849298679,aa
176,1557849299680,aa
177,1557849300679,aa
178,1557849301679,aa
Curr Log Value 178--Offset in ms: 1642


here
174,1557849297679,aa
175,1557849298679,aa
176,1557849299680,aa
177,1557849300679,aa
178,1557849301679,aa
179,1557849302679,aa
Curr Log Value 179--Offset in ms: 1652


here
175,1557849298679,aa
176,1557849299680,aa
177,1557849300679,aa
178,1557849301679,aa
179,1557849302679,aa
180,1557849303680,aa
Curr Log Value 180--Offset in ms: 1636


here
176,1557849299680,aa
177,1557849300679,aa
178,1557849301679,aa
179,1557849302679,aa
180,1557849303680,aa
181,1557849304679,aa
Curr Log Value 181--Offset in ms: 1562


here
177,1557849300679,aa
178,1557849301679,aa
179,1557849302679,aa
180,1557849303680,aa
181,1557849304679,aa
182,1557849305679,aa
Curr Log Value 182--Offset in ms: 1675


here
178,1557849301679,aa
179,1557849302679,aa
180,1557849303680,aa
181,1557849304679,aa
182,1557849305679,aa
183,1557849306679,aa
Curr Log Value 183--Offset in ms: 1567


here
179,1557849302679,aa
180,1557849303680,aa
181,1557849304679,aa
182,1557849305679,aa
183,1557849306679,aa
184,1557849307679,aa
Curr Log Value 184--Offset in ms: 1637


here
180,1557849303680,aa
181,1557849304679,aa
182,1557849305679,aa
183,1557849306679,aa
184,1557849307679,aa
185,1557849308679,aa
Curr Log Value 185--Offset in ms: 1572


here
181,1557849304679,aa
182,1557849305679,aa
183,1557849306679,aa
184,1557849307679,aa
185,1557849308679,aa
186,1557849309679,aa
Curr Log Value 186--Offset in ms: 1644


here
182,1557849305679,aa
183,1557849306679,aa
184,1557849307679,aa
185,1557849308679,aa
186,1557849309679,aa
187,1557849310679,aa
Curr Log Value 187--Offset in ms: 1717


here
183,1557849306679,aa
184,1557849307679,aa
185,1557849308679,aa
186,1557849309679,aa
187,1557849310679,aa
188,1557849311679,aa
Curr Log Value 188--Offset in ms: 1657


here
184,1557849307679,aa
185,1557849308679,aa
186,1557849309679,aa
187,1557849310679,aa
188,1557849311679,aa
189,1557849312680,aa
Curr Log Value 189--Offset in ms: 1748


here
185,1557849308679,aa
186,1557849309679,aa
187,1557849310679,aa
188,1557849311679,aa
189,1557849312680,aa
190,1557849313679,aa
Curr Log Value 190--Offset in ms: 2122


here
186,1557849309679,aa
187,1557849310679,aa
188,1557849311679,aa
189,1557849312680,aa
190,1557849313679,aa
192,1557849315679,aa
Curr Log Value 192--Offset in ms: 1420


MISSED DATABLOCK
here
187,1557849310679,aa
188,1557849311679,aa
189,1557849312680,aa
190,1557849313679,aa
192,1557849315679,aa
193,1557849316680,aa
Curr Log Value 193--Offset in ms: 1627


here
188,1557849311679,aa
189,1557849312680,aa
190,1557849313679,aa
192,1557849315679,aa
193,1557849316680,aa
194,1557849317679,aa
Curr Log Value 194--Offset in ms: 1769


here
189,1557849312680,aa
190,1557849313679,aa
192,1557849315679,aa
193,1557849316680,aa
194,1557849317679,aa
195,1557849318679,aa
Curr Log Value 195--Offset in ms: 1909


here
190,1557849313679,aa
192,1557849315679,aa
193,1557849316680,aa
194,1557849317679,aa
195,1557849318679,aa
197,1557849320680,aa
Curr Log Value 197--Offset in ms: 956


MISSED DATABLOCK
here
192,1557849315679,aa
193,1557849316680,aa
194,1557849317679,aa
195,1557849318679,aa
197,1557849320680,aa
198,1557849321679,aa
Curr Log Value 198--Offset in ms: 995


here
193,1557849316680,aa
194,1557849317679,aa
195,1557849318679,aa
197,1557849320680,aa
198,1557849321679,aa
199,1557849322679,aa
Curr Log Value 199--Offset in ms: 974


here
194,1557849317679,aa
195,1557849318679,aa
197,1557849320680,aa
198,1557849321679,aa
199,1557849322679,aa
200,1557849323680,aa
Curr Log Value 200--Offset in ms: 937


here
195,1557849318679,aa
197,1557849320680,aa
198,1557849321679,aa
199,1557849322679,aa
200,1557849323680,aa
201,1557849324679,aa
Curr Log Value 201--Offset in ms: 747


here
197,1557849320680,aa
198,1557849321679,aa
199,1557849322679,aa
200,1557849323680,aa
201,1557849324679,aa
201,1557849324679,aa
Curr Log Value 201--Offset in ms: 1566


MISSED DATABLOCK
here
198,1557849321679,aa
199,1557849322679,aa
200,1557849323680,aa
201,1557849324679,aa
201,1557849324679,aa
202,1557849325679,aa
Curr Log Value 202--Offset in ms: 1772


here
199,1557849322679,aa
200,1557849323680,aa
201,1557849324679,aa
201,1557849324679,aa
202,1557849325679,aa
203,1557849326679,aa
Curr Log Value 203--Offset in ms: 1895


here
200,1557849323680,aa
201,1557849324679,aa
201,1557849324679,aa
202,1557849325679,aa
203,1557849326679,aa
204,1557849327679,aa
Curr Log Value 204--Offset in ms: 2029


here
201,1557849324679,aa
201,1557849324679,aa
202,1557849325679,aa
203,1557849326679,aa
204,1557849327679,aa
206,1557849329680,aa
Curr Log Value 206--Offset in ms: 1083


MISSED DATABLOCK
here
201,1557849324679,aa
202,1557849325679,aa
203,1557849326679,aa
204,1557849327679,aa
206,1557849329680,aa
207,1557849330679,aa
Curr Log Value 207--Offset in ms: 1156


here
202,1557849325679,aa
203,1557849326679,aa
204,1557849327679,aa
206,1557849329680,aa
207,1557849330679,aa
208,1557849331679,aa
Curr Log Value 208--Offset in ms: 1144


here
203,1557849326679,aa
204,1557849327679,aa
206,1557849329680,aa
207,1557849330679,aa
208,1557849331679,aa
209,1557849332679,aa
Curr Log Value 209--Offset in ms: 1107


here
204,1557849327679,aa
206,1557849329680,aa
207,1557849330679,aa
208,1557849331679,aa
209,1557849332679,aa
210,1557849333679,aa
Curr Log Value 210--Offset in ms: 1067


here
206,1557849329680,aa
207,1557849330679,aa
208,1557849331679,aa
209,1557849332679,aa
210,1557849333679,aa
211,1557849334679,aa
Curr Log Value 211--Offset in ms: 980


here
207,1557849330679,aa
208,1557849331679,aa
209,1557849332679,aa
210,1557849333679,aa
211,1557849334679,aa
212,1557849335679,aa
Curr Log Value 212--Offset in ms: 870


here
208,1557849331679,aa
209,1557849332679,aa
210,1557849333679,aa
211,1557849334679,aa
212,1557849335679,aa
212,1557849335679,aa
Curr Log Value 212--Offset in ms: 1682


MISSED DATABLOCK
here
209,1557849332679,aa
210,1557849333679,aa
211,1557849334679,aa
212,1557849335679,aa
212,1557849335679,aa
213,1557849336679,aa
Curr Log Value 213--Offset in ms: 1424


here
210,1557849333679,aa
211,1557849334679,aa
212,1557849335679,aa
212,1557849335679,aa
213,1557849336679,aa
214,1557849337679,aa
Curr Log Value 214--Offset in ms: 1087


here
211,1557849334679,aa
212,1557849335679,aa
212,1557849335679,aa
213,1557849336679,aa
214,1557849337679,aa
215,1557849338679,aa
Curr Log Value 215--Offset in ms: 747


here
212,1557849335679,aa
212,1557849335679,aa
213,1557849336679,aa
214,1557849337679,aa
215,1557849338679,aa
215,1557849338679,aa
Curr Log Value 215--Offset in ms: 1500


MISSED DATABLOCK
here
212,1557849335679,aa
213,1557849336679,aa
214,1557849337679,aa
215,1557849338679,aa
215,1557849338679,aa
216,1557849339679,aa
Curr Log Value 216--Offset in ms: 1578


here
213,1557849336679,aa
214,1557849337679,aa
215,1557849338679,aa
215,1557849338679,aa
216,1557849339679,aa
217,1557849340679,aa
Curr Log Value 217--Offset in ms: 1509


here
214,1557849337679,aa
215,1557849338679,aa
215,1557849338679,aa
216,1557849339679,aa
217,1557849340679,aa
218,1557849341679,aa
Curr Log Value 218--Offset in ms: 1521


here
215,1557849338679,aa
215,1557849338679,aa
216,1557849339679,aa
217,1557849340679,aa
218,1557849341679,aa
219,1557849342679,aa
Curr Log Value 219--Offset in ms: 1568


here
215,1557849338679,aa
216,1557849339679,aa
217,1557849340679,aa
218,1557849341679,aa
219,1557849342679,aa
220,1557849343680,aa
Curr Log Value 220--Offset in ms: 1646


here
216,1557849339679,aa
217,1557849340679,aa
218,1557849341679,aa
219,1557849342679,aa
220,1557849343680,aa
221,1557849344679,aa
Curr Log Value 221--Offset in ms: 1583


here
217,1557849340679,aa
218,1557849341679,aa
219,1557849342679,aa
220,1557849343680,aa
221,1557849344679,aa
222,1557849345679,aa
Curr Log Value 222--Offset in ms: 1723


here
218,1557849341679,aa
219,1557849342679,aa
220,1557849343680,aa
221,1557849344679,aa
222,1557849345679,aa
223,1557849346679,aa
Curr Log Value 223--Offset in ms: 1640


here
219,1557849342679,aa
220,1557849343680,aa
221,1557849344679,aa
222,1557849345679,aa
223,1557849346679,aa
224,1557849347679,aa
Curr Log Value 224--Offset in ms: 1658


here
220,1557849343680,aa
221,1557849344679,aa
222,1557849345679,aa
223,1557849346679,aa
224,1557849347679,aa
225,1557849348679,aa
Curr Log Value 225--Offset in ms: 1567


here
221,1557849344679,aa
222,1557849345679,aa
223,1557849346679,aa
224,1557849347679,aa
225,1557849348679,aa
226,1557849349679,aa
Curr Log Value 226--Offset in ms: 1663


here
222,1557849345679,aa
223,1557849346679,aa
224,1557849347679,aa
225,1557849348679,aa
226,1557849349679,aa
227,1557849350679,aa
Curr Log Value 227--Offset in ms: 1604


here
223,1557849346679,aa
224,1557849347679,aa
225,1557849348679,aa
226,1557849349679,aa
227,1557849350679,aa
228,1557849351679,aa
Curr Log Value 228--Offset in ms: 1581


here
224,1557849347679,aa
225,1557849348679,aa
226,1557849349679,aa
227,1557849350679,aa
228,1557849351679,aa
229,1557849352679,aa
Curr Log Value 229--Offset in ms: 1659


here
225,1557849348679,aa
226,1557849349679,aa
227,1557849350679,aa
228,1557849351679,aa
229,1557849352679,aa
230,1557849353679,aa
Curr Log Value 230--Offset in ms: 1590


here
226,1557849349679,aa
227,1557849350679,aa
228,1557849351679,aa
229,1557849352679,aa
230,1557849353679,aa
231,1557849354679,aa
Curr Log Value 231--Offset in ms: 1632


here
227,1557849350679,aa
228,1557849351679,aa
229,1557849352679,aa
230,1557849353679,aa
231,1557849354679,aa
232,1557849355680,aa
Curr Log Value 232--Offset in ms: 1480


here
228,1557849351679,aa
229,1557849352679,aa
230,1557849353679,aa
231,1557849354679,aa
232,1557849355680,aa
233,1557849356680,aa
Curr Log Value 233--Offset in ms: 1656


here
229,1557849352679,aa
230,1557849353679,aa
231,1557849354679,aa
232,1557849355680,aa
233,1557849356680,aa
234,1557849357679,aa
Curr Log Value 234--Offset in ms: 1485


here
230,1557849353679,aa
231,1557849354679,aa
232,1557849355680,aa
233,1557849356680,aa
234,1557849357679,aa
235,1557849358680,aa
Curr Log Value 235--Offset in ms: 1559


here
231,1557849354679,aa
232,1557849355680,aa
233,1557849356680,aa
234,1557849357679,aa
235,1557849358680,aa
236,1557849359679,aa
Curr Log Value 236--Offset in ms: 1508


here
232,1557849355680,aa
233,1557849356680,aa
234,1557849357679,aa
235,1557849358680,aa
236,1557849359679,aa
237,1557849360679,aa
Curr Log Value 237--Offset in ms: 1500


here
233,1557849356680,aa
234,1557849357679,aa
235,1557849358680,aa
236,1557849359679,aa
237,1557849360679,aa
238,1557849361680,aa
Curr Log Value 238--Offset in ms: 1410


here
234,1557849357679,aa
235,1557849358680,aa
236,1557849359679,aa
237,1557849360679,aa
238,1557849361680,aa
239,1557849362680,aa
Curr Log Value 239--Offset in ms: 1432


here
235,1557849358680,aa
236,1557849359679,aa
237,1557849360679,aa
238,1557849361680,aa
239,1557849362680,aa
240,1557849363679,aa
Curr Log Value 240--Offset in ms: 1373


here
236,1557849359679,aa
237,1557849360679,aa
238,1557849361680,aa
239,1557849362680,aa
240,1557849363679,aa
241,1557849364679,aa
Curr Log Value 241--Offset in ms: 1349


here
237,1557849360679,aa
238,1557849361680,aa
239,1557849362680,aa
240,1557849363679,aa
241,1557849364679,aa
242,1557849365679,aa
Curr Log Value 242--Offset in ms: 1514


here
238,1557849361680,aa
239,1557849362680,aa
240,1557849363679,aa
241,1557849364679,aa
242,1557849365679,aa
243,1557849366679,aa
Curr Log Value 243--Offset in ms: 1422


here
239,1557849362680,aa
240,1557849363679,aa
241,1557849364679,aa
242,1557849365679,aa
243,1557849366679,aa
244,1557849367679,aa
Curr Log Value 244--Offset in ms: 1421


here
240,1557849363679,aa
241,1557849364679,aa
242,1557849365679,aa
243,1557849366679,aa
244,1557849367679,aa
245,1557849368679,aa
Curr Log Value 245--Offset in ms: 1417


here
241,1557849364679,aa
242,1557849365679,aa
243,1557849366679,aa
244,1557849367679,aa
245,1557849368679,aa
246,1557849369679,aa
Curr Log Value 246--Offset in ms: 1344


here
242,1557849365679,aa
243,1557849366679,aa
244,1557849367679,aa
245,1557849368679,aa
246,1557849369679,aa
247,1557849370679,aa
Curr Log Value 247--Offset in ms: 1349


here
243,1557849366679,aa
244,1557849367679,aa
245,1557849368679,aa
246,1557849369679,aa
247,1557849370679,aa
248,1557849371679,aa
Curr Log Value 248--Offset in ms: 1351


here
244,1557849367679,aa
245,1557849368679,aa
246,1557849369679,aa
247,1557849370679,aa
248,1557849371679,aa
249,1557849372679,aa
Curr Log Value 249--Offset in ms: 1336


here
245,1557849368679,aa
246,1557849369679,aa
247,1557849370679,aa
248,1557849371679,aa
249,1557849372679,aa
250,1557849373679,aa
Curr Log Value 250--Offset in ms: 1475


here
246,1557849369679,aa
247,1557849370679,aa
248,1557849371679,aa
249,1557849372679,aa
250,1557849373679,aa
251,1557849374679,aa
Curr Log Value 251--Offset in ms: 1429


here
247,1557849370679,aa
248,1557849371679,aa
249,1557849372679,aa
250,1557849373679,aa
251,1557849374679,aa
252,1557849375679,aa
Curr Log Value 252--Offset in ms: 1430


here
248,1557849371679,aa
249,1557849372679,aa
250,1557849373679,aa
251,1557849374679,aa
252,1557849375679,aa
253,1557849376679,aa
Curr Log Value 253--Offset in ms: 1429


here
249,1557849372679,aa
250,1557849373679,aa
251,1557849374679,aa
252,1557849375679,aa
253,1557849376679,aa
254,1557849377679,aa
Curr Log Value 254--Offset in ms: 1682


here
250,1557849373679,aa
251,1557849374679,aa
252,1557849375679,aa
253,1557849376679,aa
254,1557849377679,aa
255,1557849378679,aa
Curr Log Value 255--Offset in ms: 1666


here
251,1557849374679,aa
252,1557849375679,aa
253,1557849376679,aa
254,1557849377679,aa
255,1557849378679,aa
256,1557849379679,aa
Curr Log Value 256--Offset in ms: 1570


here
252,1557849375679,aa
253,1557849376679,aa
254,1557849377679,aa
255,1557849378679,aa
256,1557849379679,aa
257,1557849380680,aa
Curr Log Value 257--Offset in ms: 1730


here
253,1557849376679,aa
254,1557849377679,aa
255,1557849378679,aa
256,1557849379679,aa
257,1557849380680,aa
258,1557849381680,aa
Curr Log Value 258--Offset in ms: 1809


here
254,1557849377679,aa
255,1557849378679,aa
256,1557849379679,aa
257,1557849380680,aa
258,1557849381680,aa
259,1557849382679,aa
Curr Log Value 259--Offset in ms: 1818


here
255,1557849378679,aa
256,1557849379679,aa
257,1557849380680,aa
258,1557849381680,aa
259,1557849382679,aa
260,1557849383679,aa
Curr Log Value 260--Offset in ms: 1724


here
256,1557849379679,aa
257,1557849380680,aa
258,1557849381680,aa
259,1557849382679,aa
260,1557849383679,aa
261,1557849384679,aa
Curr Log Value 261--Offset in ms: 1643


here
257,1557849380680,aa
258,1557849381680,aa
259,1557849382679,aa
260,1557849383679,aa
261,1557849384679,aa
262,1557849385679,aa
Curr Log Value 262--Offset in ms: 1640


here
258,1557849381680,aa
259,1557849382679,aa
260,1557849383679,aa
261,1557849384679,aa
262,1557849385679,aa
263,1557849386680,aa
Curr Log Value 263--Offset in ms: 1660


here
259,1557849382679,aa
260,1557849383679,aa
261,1557849384679,aa
262,1557849385679,aa
263,1557849386680,aa
264,1557849387679,aa
Curr Log Value 264--Offset in ms: 1638


here
260,1557849383679,aa
261,1557849384679,aa
262,1557849385679,aa
263,1557849386680,aa
264,1557849387679,aa
265,1557849388679,aa
Curr Log Value 265--Offset in ms: 1807


here
261,1557849384679,aa
262,1557849385679,aa
263,1557849386680,aa
264,1557849387679,aa
265,1557849388679,aa
266,1557849389680,aa
Curr Log Value 266--Offset in ms: 1800


here
262,1557849385679,aa
263,1557849386680,aa
264,1557849387679,aa
265,1557849388679,aa
266,1557849389680,aa
267,1557849390679,aa
Curr Log Value 267--Offset in ms: 1693


here
263,1557849386680,aa
264,1557849387679,aa
265,1557849388679,aa
266,1557849389680,aa
267,1557849390679,aa
268,1557849391679,aa
Curr Log Value 268--Offset in ms: 1889


here
264,1557849387679,aa
265,1557849388679,aa
266,1557849389680,aa
267,1557849390679,aa
268,1557849391679,aa
269,1557849392679,aa
Curr Log Value 269--Offset in ms: 1960


here
265,1557849388679,aa
266,1557849389680,aa
267,1557849390679,aa
268,1557849391679,aa
269,1557849392679,aa
271,1557849394679,aa
Curr Log Value 271--Offset in ms: 1015


MISSED DATABLOCK
here
266,1557849389680,aa
267,1557849390679,aa
268,1557849391679,aa
269,1557849392679,aa
271,1557849394679,aa
272,1557849395679,aa
Curr Log Value 272--Offset in ms: 1062


here
267,1557849390679,aa
268,1557849391679,aa
269,1557849392679,aa
271,1557849394679,aa
272,1557849395679,aa
273,1557849396679,aa
Curr Log Value 273--Offset in ms: 1049


here
268,1557849391679,aa
269,1557849392679,aa
271,1557849394679,aa
272,1557849395679,aa
273,1557849396679,aa
274,1557849397679,aa
Curr Log Value 274--Offset in ms: 1021


here
269,1557849392679,aa
271,1557849394679,aa
272,1557849395679,aa
273,1557849396679,aa
274,1557849397679,aa
275,1557849398679,aa
Curr Log Value 275--Offset in ms: 926


Client exception: java.rmi.UnmarshalException: Error unmarshaling return header; nested exception is: 
	java.io.EOFException
FATAL ERROR: Master Failure To Respond
misssed 19 out of 171
MISSRATE = 0
