java(32246): Operation not permitted
java(32501): Operation not permitted
java: no process found
rm -f *.class
javac Node.java
javac Server.java
Server ready
Requesting Join
Join Accepted By Master, Provider Set To: 54.233.223.52
here
67,1557849190679,aaa
Curr Log Value 67--Offset in ms: 4726


here
67,1557849190679,aaa
69,1557849192680,aaa
Curr Log Value 69--Offset in ms: 3844


MISSED DATABLOCK
here
67,1557849190679,aaa
69,1557849192680,aaa
70,1557849193679,aaa
Curr Log Value 70--Offset in ms: 3517


here
67,1557849190679,aaa
69,1557849192680,aaa
70,1557849193679,aaa
71,1557849194679,aaa
Curr Log Value 71--Offset in ms: 3186


here
67,1557849190679,aaa
69,1557849192680,aaa
70,1557849193679,aaa
71,1557849194679,aaa
72,1557849195679,aaa
Curr Log Value 72--Offset in ms: 2853


here
67,1557849190679,aaa
69,1557849192680,aaa
70,1557849193679,aaa
71,1557849194679,aaa
72,1557849195679,aaa
72,1557849195679,aaa
Curr Log Value 72--Offset in ms: 3520


MISSED DATABLOCK
here
69,1557849192680,aaa
70,1557849193679,aaa
71,1557849194679,aaa
72,1557849195679,aaa
72,1557849195679,aaa
73,1557849196679,aaa
Curr Log Value 73--Offset in ms: 3398


here
70,1557849193679,aaa
71,1557849194679,aaa
72,1557849195679,aaa
72,1557849195679,aaa
73,1557849196679,aaa
74,1557849197679,aaa
Curr Log Value 74--Offset in ms: 3071


here
71,1557849194679,aaa
72,1557849195679,aaa
72,1557849195679,aaa
73,1557849196679,aaa
74,1557849197679,aaa
74,1557849197679,aaa
Curr Log Value 74--Offset in ms: 3777


MISSED DATABLOCK
here
72,1557849195679,aaa
72,1557849195679,aaa
73,1557849196679,aaa
74,1557849197679,aaa
74,1557849197679,aaa
76,1557849199679,aaa
Curr Log Value 76--Offset in ms: 2983


MISSED DATABLOCK
here
72,1557849195679,aaa
73,1557849196679,aaa
74,1557849197679,aaa
74,1557849197679,aaa
76,1557849199679,aaa
76,1557849199679,aaa
Curr Log Value 76--Offset in ms: 3781


MISSED DATABLOCK
here
73,1557849196679,aaa
74,1557849197679,aaa
74,1557849197679,aaa
76,1557849199679,aaa
76,1557849199679,aaa
78,1557849201679,aaa
Curr Log Value 78--Offset in ms: 2993


MISSED DATABLOCK
here
74,1557849197679,aaa
74,1557849197679,aaa
76,1557849199679,aaa
76,1557849199679,aaa
78,1557849201679,aaa
78,1557849201679,aaa
Curr Log Value 78--Offset in ms: 3984


MISSED DATABLOCK
here
74,1557849197679,aaa
76,1557849199679,aaa
76,1557849199679,aaa
78,1557849201679,aaa
78,1557849201679,aaa
80,1557849203679,aaa
Curr Log Value 80--Offset in ms: 2982


MISSED DATABLOCK
here
76,1557849199679,aaa
76,1557849199679,aaa
78,1557849201679,aaa
78,1557849201679,aaa
80,1557849203679,aaa
80,1557849203679,aaa
Curr Log Value 80--Offset in ms: 3784


MISSED DATABLOCK
here
76,1557849199679,aaa
78,1557849201679,aaa
78,1557849201679,aaa
80,1557849203679,aaa
80,1557849203679,aaa
82,1557849205679,aaa
Curr Log Value 82--Offset in ms: 3004


MISSED DATABLOCK
here
78,1557849201679,aaa
78,1557849201679,aaa
80,1557849203679,aaa
80,1557849203679,aaa
82,1557849205679,aaa
82,1557849205679,aaa
Curr Log Value 82--Offset in ms: 3785


MISSED DATABLOCK
here
78,1557849201679,aaa
80,1557849203679,aaa
80,1557849203679,aaa
82,1557849205679,aaa
82,1557849205679,aaa
84,1557849207680,aaa
Curr Log Value 84--Offset in ms: 2995


MISSED DATABLOCK
here
80,1557849203679,aaa
80,1557849203679,aaa
82,1557849205679,aaa
82,1557849205679,aaa
84,1557849207680,aaa
84,1557849207680,aaa
Curr Log Value 84--Offset in ms: 3794


MISSED DATABLOCK
here
80,1557849203679,aaa
82,1557849205679,aaa
82,1557849205679,aaa
84,1557849207680,aaa
84,1557849207680,aaa
86,1557849209679,aaa
Curr Log Value 86--Offset in ms: 2990


MISSED DATABLOCK
here
82,1557849205679,aaa
82,1557849205679,aaa
84,1557849207680,aaa
84,1557849207680,aaa
86,1557849209679,aaa
86,1557849209679,aaa
Curr Log Value 86--Offset in ms: 3790


MISSED DATABLOCK
here
82,1557849205679,aaa
84,1557849207680,aaa
84,1557849207680,aaa
86,1557849209679,aaa
86,1557849209679,aaa
88,1557849211679,aaa
Curr Log Value 88--Offset in ms: 3001


MISSED DATABLOCK
here
84,1557849207680,aaa
84,1557849207680,aaa
86,1557849209679,aaa
86,1557849209679,aaa
88,1557849211679,aaa
88,1557849211679,aaa
Curr Log Value 88--Offset in ms: 3777


MISSED DATABLOCK
here
84,1557849207680,aaa
86,1557849209679,aaa
86,1557849209679,aaa
88,1557849211679,aaa
88,1557849211679,aaa
90,1557849213679,aaa
Curr Log Value 90--Offset in ms: 2988


MISSED DATABLOCK
here
86,1557849209679,aaa
86,1557849209679,aaa
88,1557849211679,aaa
88,1557849211679,aaa
90,1557849213679,aaa
90,1557849213679,aaa
Curr Log Value 90--Offset in ms: 3792


MISSED DATABLOCK
here
86,1557849209679,aaa
88,1557849211679,aaa
88,1557849211679,aaa
90,1557849213679,aaa
90,1557849213679,aaa
92,1557849215680,aaa
Curr Log Value 92--Offset in ms: 2990


MISSED DATABLOCK
here
88,1557849211679,aaa
88,1557849211679,aaa
90,1557849213679,aaa
90,1557849213679,aaa
92,1557849215680,aaa
92,1557849215680,aaa
Curr Log Value 92--Offset in ms: 3777


MISSED DATABLOCK
here
88,1557849211679,aaa
90,1557849213679,aaa
90,1557849213679,aaa
92,1557849215680,aaa
92,1557849215680,aaa
94,1557849217679,aaa
Curr Log Value 94--Offset in ms: 3002


MISSED DATABLOCK
here
90,1557849213679,aaa
90,1557849213679,aaa
92,1557849215680,aaa
92,1557849215680,aaa
94,1557849217679,aaa
94,1557849217679,aaa
Curr Log Value 94--Offset in ms: 3791


MISSED DATABLOCK
here
90,1557849213679,aaa
92,1557849215680,aaa
92,1557849215680,aaa
94,1557849217679,aaa
94,1557849217679,aaa
96,1557849219679,aaa
Curr Log Value 96--Offset in ms: 2994


MISSED DATABLOCK
here
92,1557849215680,aaa
92,1557849215680,aaa
94,1557849217679,aaa
94,1557849217679,aaa
96,1557849219679,aaa
96,1557849219679,aaa
Curr Log Value 96--Offset in ms: 3792


MISSED DATABLOCK
here
92,1557849215680,aaa
94,1557849217679,aaa
94,1557849217679,aaa
96,1557849219679,aaa
96,1557849219679,aaa
98,1557849221679,aaa
Curr Log Value 98--Offset in ms: 2987


MISSED DATABLOCK
here
94,1557849217679,aaa
94,1557849217679,aaa
96,1557849219679,aaa
96,1557849219679,aaa
98,1557849221679,aaa
98,1557849221679,aaa
Curr Log Value 98--Offset in ms: 3781


MISSED DATABLOCK
here
94,1557849217679,aaa
96,1557849219679,aaa
96,1557849219679,aaa
98,1557849221679,aaa
98,1557849221679,aaa
100,1557849223679,aa
Curr Log Value 100--Offset in ms: 3005


MISSED DATABLOCK
here
96,1557849219679,aaa
96,1557849219679,aaa
98,1557849221679,aaa
98,1557849221679,aaa
100,1557849223679,aa
100,1557849223679,aa
Curr Log Value 100--Offset in ms: 3785


MISSED DATABLOCK
here
96,1557849219679,aaa
98,1557849221679,aaa
98,1557849221679,aaa
100,1557849223679,aa
100,1557849223679,aa
102,1557849225679,aa
Curr Log Value 102--Offset in ms: 2991


MISSED DATABLOCK
here
98,1557849221679,aaa
98,1557849221679,aaa
100,1557849223679,aa
100,1557849223679,aa
102,1557849225679,aa
102,1557849225679,aa
Curr Log Value 102--Offset in ms: 3789


MISSED DATABLOCK
here
98,1557849221679,aaa
100,1557849223679,aa
100,1557849223679,aa
102,1557849225679,aa
102,1557849225679,aa
104,1557849227679,aa
Curr Log Value 104--Offset in ms: 2986


MISSED DATABLOCK
here
100,1557849223679,aa
100,1557849223679,aa
102,1557849225679,aa
102,1557849225679,aa
104,1557849227679,aa
104,1557849227679,aa
Curr Log Value 104--Offset in ms: 3781


MISSED DATABLOCK
here
100,1557849223679,aa
102,1557849225679,aa
102,1557849225679,aa
104,1557849227679,aa
104,1557849227679,aa
106,1557849229679,aa
Curr Log Value 106--Offset in ms: 3002


MISSED DATABLOCK
here
102,1557849225679,aa
102,1557849225679,aa
104,1557849227679,aa
104,1557849227679,aa
106,1557849229679,aa
106,1557849229679,aa
Curr Log Value 106--Offset in ms: 3785


MISSED DATABLOCK
here
102,1557849225679,aa
104,1557849227679,aa
104,1557849227679,aa
106,1557849229679,aa
106,1557849229679,aa
108,1557849231679,aa
Curr Log Value 108--Offset in ms: 2989


MISSED DATABLOCK
here
104,1557849227679,aa
104,1557849227679,aa
106,1557849229679,aa
106,1557849229679,aa
108,1557849231679,aa
108,1557849231679,aa
Curr Log Value 108--Offset in ms: 3796


MISSED DATABLOCK
here
104,1557849227679,aa
106,1557849229679,aa
106,1557849229679,aa
108,1557849231679,aa
108,1557849231679,aa
109,1557849232679,aa
Curr Log Value 109--Offset in ms: 3990


here
106,1557849229679,aa
106,1557849229679,aa
108,1557849231679,aa
108,1557849231679,aa
109,1557849232679,aa
111,1557849234679,aa
Curr Log Value 111--Offset in ms: 2780


MISSED DATABLOCK
here
106,1557849229679,aa
108,1557849231679,aa
108,1557849231679,aa
109,1557849232679,aa
111,1557849234679,aa
111,1557849234679,aa
Curr Log Value 111--Offset in ms: 3997


MISSED DATABLOCK
here
108,1557849231679,aa
108,1557849231679,aa
109,1557849232679,aa
111,1557849234679,aa
111,1557849234679,aa
113,1557849236680,aa
Curr Log Value 113--Offset in ms: 2784


MISSED DATABLOCK
here
108,1557849231679,aa
109,1557849232679,aa
111,1557849234679,aa
111,1557849234679,aa
113,1557849236680,aa
113,1557849236680,aa
Curr Log Value 113--Offset in ms: 3984


MISSED DATABLOCK
here
109,1557849232679,aa
111,1557849234679,aa
111,1557849234679,aa
113,1557849236680,aa
113,1557849236680,aa
115,1557849238679,aa
Curr Log Value 115--Offset in ms: 2792


MISSED DATABLOCK
here
111,1557849234679,aa
111,1557849234679,aa
113,1557849236680,aa
113,1557849236680,aa
115,1557849238679,aa
115,1557849238679,aa
Curr Log Value 115--Offset in ms: 3996


MISSED DATABLOCK
here
111,1557849234679,aa
113,1557849236680,aa
113,1557849236680,aa
115,1557849238679,aa
115,1557849238679,aa
116,1557849239679,aa
Curr Log Value 116--Offset in ms: 3789


here
113,1557849236680,aa
113,1557849236680,aa
115,1557849238679,aa
115,1557849238679,aa
116,1557849239679,aa
116,1557849239679,aa
Curr Log Value 116--Offset in ms: 5006


MISSED DATABLOCK
HELLO 1
here
113,1557849236680,aa
115,1557849238679,aa
115,1557849238679,aa
116,1557849239679,aa
116,1557849239679,aa
119,1557849242680,aa
Curr Log Value 119--Offset in ms: 3445


MISSED DATABLOCK
here
115,1557849238679,aa
115,1557849238679,aa
116,1557849239679,aa
116,1557849239679,aa
119,1557849242680,aa
120,1557849243679,aa
Curr Log Value 120--Offset in ms: 2543


here
115,1557849238679,aa
116,1557849239679,aa
116,1557849239679,aa
119,1557849242680,aa
120,1557849243679,aa
120,1557849243679,aa
Curr Log Value 120--Offset in ms: 3245


MISSED DATABLOCK
here
116,1557849239679,aa
116,1557849239679,aa
119,1557849242680,aa
120,1557849243679,aa
120,1557849243679,aa
121,1557849244679,aa
Curr Log Value 121--Offset in ms: 3276


here
116,1557849239679,aa
119,1557849242680,aa
120,1557849243679,aa
120,1557849243679,aa
121,1557849244679,aa
122,1557849245679,aa
Curr Log Value 122--Offset in ms: 3262


here
119,1557849242680,aa
120,1557849243679,aa
120,1557849243679,aa
121,1557849244679,aa
122,1557849245679,aa
123,1557849246679,aa
Curr Log Value 123--Offset in ms: 3271


here
120,1557849243679,aa
120,1557849243679,aa
121,1557849244679,aa
122,1557849245679,aa
123,1557849246679,aa
124,1557849247679,aa
Curr Log Value 124--Offset in ms: 3260


here
120,1557849243679,aa
121,1557849244679,aa
122,1557849245679,aa
123,1557849246679,aa
124,1557849247679,aa
125,1557849248679,aa
Curr Log Value 125--Offset in ms: 3274


here
121,1557849244679,aa
122,1557849245679,aa
123,1557849246679,aa
124,1557849247679,aa
125,1557849248679,aa
126,1557849249679,aa
Curr Log Value 126--Offset in ms: 3270


here
122,1557849245679,aa
123,1557849246679,aa
124,1557849247679,aa
125,1557849248679,aa
126,1557849249679,aa
127,1557849250679,aa
Curr Log Value 127--Offset in ms: 3258


here
123,1557849246679,aa
124,1557849247679,aa
125,1557849248679,aa
126,1557849249679,aa
127,1557849250679,aa
128,1557849251680,aa
Curr Log Value 128--Offset in ms: 3257


here
124,1557849247679,aa
125,1557849248679,aa
126,1557849249679,aa
127,1557849250679,aa
128,1557849251680,aa
129,1557849252680,aa
Curr Log Value 129--Offset in ms: 3267


here
125,1557849248679,aa
126,1557849249679,aa
127,1557849250679,aa
128,1557849251680,aa
129,1557849252680,aa
130,1557849253680,aa
Curr Log Value 130--Offset in ms: 3257


here
126,1557849249679,aa
127,1557849250679,aa
128,1557849251680,aa
129,1557849252680,aa
130,1557849253680,aa
131,1557849254679,aa
Curr Log Value 131--Offset in ms: 3273


here
127,1557849250679,aa
128,1557849251680,aa
129,1557849252680,aa
130,1557849253680,aa
131,1557849254679,aa
132,1557849255679,aa
Curr Log Value 132--Offset in ms: 3269


here
128,1557849251680,aa
129,1557849252680,aa
130,1557849253680,aa
131,1557849254679,aa
132,1557849255679,aa
133,1557849256679,aa
Curr Log Value 133--Offset in ms: 3272


here
129,1557849252680,aa
130,1557849253680,aa
131,1557849254679,aa
132,1557849255679,aa
133,1557849256679,aa
134,1557849257680,aa
Curr Log Value 134--Offset in ms: 3259


here
130,1557849253680,aa
131,1557849254679,aa
132,1557849255679,aa
133,1557849256679,aa
134,1557849257680,aa
135,1557849258679,aa
Curr Log Value 135--Offset in ms: 3283


here
131,1557849254679,aa
132,1557849255679,aa
133,1557849256679,aa
134,1557849257680,aa
135,1557849258679,aa
136,1557849259679,aa
Curr Log Value 136--Offset in ms: 3256


here
132,1557849255679,aa
133,1557849256679,aa
134,1557849257680,aa
135,1557849258679,aa
136,1557849259679,aa
137,1557849260679,aa
Curr Log Value 137--Offset in ms: 3266


here
133,1557849256679,aa
134,1557849257680,aa
135,1557849258679,aa
136,1557849259679,aa
137,1557849260679,aa
138,1557849261679,aa
Curr Log Value 138--Offset in ms: 3262


here
134,1557849257680,aa
135,1557849258679,aa
136,1557849259679,aa
137,1557849260679,aa
138,1557849261679,aa
139,1557849262679,aa
Curr Log Value 139--Offset in ms: 3263


here
135,1557849258679,aa
136,1557849259679,aa
137,1557849260679,aa
138,1557849261679,aa
139,1557849262679,aa
140,1557849263679,aa
Curr Log Value 140--Offset in ms: 3267


here
136,1557849259679,aa
137,1557849260679,aa
138,1557849261679,aa
139,1557849262679,aa
140,1557849263679,aa
141,1557849264679,aa
Curr Log Value 141--Offset in ms: 3259


here
137,1557849260679,aa
138,1557849261679,aa
139,1557849262679,aa
140,1557849263679,aa
141,1557849264679,aa
142,1557849265679,aa
Curr Log Value 142--Offset in ms: 3248


here
138,1557849261679,aa
139,1557849262679,aa
140,1557849263679,aa
141,1557849264679,aa
142,1557849265679,aa
143,1557849266679,aa
Curr Log Value 143--Offset in ms: 3257


here
139,1557849262679,aa
140,1557849263679,aa
141,1557849264679,aa
142,1557849265679,aa
143,1557849266679,aa
144,1557849267680,aa
Curr Log Value 144--Offset in ms: 3259


here
140,1557849263679,aa
141,1557849264679,aa
142,1557849265679,aa
143,1557849266679,aa
144,1557849267680,aa
145,1557849268680,aa
Curr Log Value 145--Offset in ms: 3266


here
141,1557849264679,aa
142,1557849265679,aa
143,1557849266679,aa
144,1557849267680,aa
145,1557849268680,aa
146,1557849269679,aa
Curr Log Value 146--Offset in ms: 3267


here
142,1557849265679,aa
143,1557849266679,aa
144,1557849267680,aa
145,1557849268680,aa
146,1557849269679,aa
147,1557849270679,aa
Curr Log Value 147--Offset in ms: 3260


here
143,1557849266679,aa
144,1557849267680,aa
145,1557849268680,aa
146,1557849269679,aa
147,1557849270679,aa
148,1557849271679,aa
Curr Log Value 148--Offset in ms: 3252


here
144,1557849267680,aa
145,1557849268680,aa
146,1557849269679,aa
147,1557849270679,aa
148,1557849271679,aa
149,1557849272679,aa
Curr Log Value 149--Offset in ms: 3264


here
145,1557849268680,aa
146,1557849269679,aa
147,1557849270679,aa
148,1557849271679,aa
149,1557849272679,aa
150,1557849273679,aa
Curr Log Value 150--Offset in ms: 3260


here
146,1557849269679,aa
147,1557849270679,aa
148,1557849271679,aa
149,1557849272679,aa
150,1557849273679,aa
151,1557849274679,aa
Curr Log Value 151--Offset in ms: 3266


here
147,1557849270679,aa
148,1557849271679,aa
149,1557849272679,aa
150,1557849273679,aa
151,1557849274679,aa
152,1557849275679,aa
Curr Log Value 152--Offset in ms: 3263


here
148,1557849271679,aa
149,1557849272679,aa
150,1557849273679,aa
151,1557849274679,aa
152,1557849275679,aa
153,1557849276679,aa
Curr Log Value 153--Offset in ms: 3258


here
149,1557849272679,aa
150,1557849273679,aa
151,1557849274679,aa
152,1557849275679,aa
153,1557849276679,aa
154,1557849277679,aa
Curr Log Value 154--Offset in ms: 3263


here
150,1557849273679,aa
151,1557849274679,aa
152,1557849275679,aa
153,1557849276679,aa
154,1557849277679,aa
155,1557849278679,aa
Curr Log Value 155--Offset in ms: 3251


here
151,1557849274679,aa
152,1557849275679,aa
153,1557849276679,aa
154,1557849277679,aa
155,1557849278679,aa
156,1557849279679,aa
Curr Log Value 156--Offset in ms: 3277


here
152,1557849275679,aa
153,1557849276679,aa
154,1557849277679,aa
155,1557849278679,aa
156,1557849279679,aa
157,1557849280679,aa
Curr Log Value 157--Offset in ms: 3266


here
153,1557849276679,aa
154,1557849277679,aa
155,1557849278679,aa
156,1557849279679,aa
157,1557849280679,aa
158,1557849281679,aa
Curr Log Value 158--Offset in ms: 3264


here
154,1557849277679,aa
155,1557849278679,aa
156,1557849279679,aa
157,1557849280679,aa
158,1557849281679,aa
159,1557849282679,aa
Curr Log Value 159--Offset in ms: 3273


here
155,1557849278679,aa
156,1557849279679,aa
157,1557849280679,aa
158,1557849281679,aa
159,1557849282679,aa
160,1557849283679,aa
Curr Log Value 160--Offset in ms: 3247


here
156,1557849279679,aa
157,1557849280679,aa
158,1557849281679,aa
159,1557849282679,aa
160,1557849283679,aa
161,1557849284680,aa
Curr Log Value 161--Offset in ms: 3263


here
157,1557849280679,aa
158,1557849281679,aa
159,1557849282679,aa
160,1557849283679,aa
161,1557849284680,aa
162,1557849285679,aa
Curr Log Value 162--Offset in ms: 3258


here
158,1557849281679,aa
159,1557849282679,aa
160,1557849283679,aa
161,1557849284680,aa
162,1557849285679,aa
163,1557849286679,aa
Curr Log Value 163--Offset in ms: 3264


here
159,1557849282679,aa
160,1557849283679,aa
161,1557849284680,aa
162,1557849285679,aa
163,1557849286679,aa
164,1557849287679,aa
Curr Log Value 164--Offset in ms: 3249


here
160,1557849283679,aa
161,1557849284680,aa
162,1557849285679,aa
163,1557849286679,aa
164,1557849287679,aa
165,1557849288679,aa
Curr Log Value 165--Offset in ms: 3273


here
161,1557849284680,aa
162,1557849285679,aa
163,1557849286679,aa
164,1557849287679,aa
165,1557849288679,aa
165,1557849288679,aa
Curr Log Value 165--Offset in ms: 4264


MISSED DATABLOCK
here
162,1557849285679,aa
163,1557849286679,aa
164,1557849287679,aa
165,1557849288679,aa
165,1557849288679,aa
166,1557849289679,aa
Curr Log Value 166--Offset in ms: 4248


here
163,1557849286679,aa
164,1557849287679,aa
165,1557849288679,aa
165,1557849288679,aa
166,1557849289679,aa
167,1557849290679,aa
Curr Log Value 167--Offset in ms: 4274


here
164,1557849287679,aa
165,1557849288679,aa
165,1557849288679,aa
166,1557849289679,aa
167,1557849290679,aa
168,1557849291679,aa
Curr Log Value 168--Offset in ms: 4247


here
165,1557849288679,aa
165,1557849288679,aa
166,1557849289679,aa
167,1557849290679,aa
168,1557849291679,aa
170,1557849293679,aa
Curr Log Value 170--Offset in ms: 3247


MISSED DATABLOCK
here
165,1557849288679,aa
166,1557849289679,aa
167,1557849290679,aa
168,1557849291679,aa
170,1557849293679,aa
171,1557849294679,aa
Curr Log Value 171--Offset in ms: 3274


here
166,1557849289679,aa
167,1557849290679,aa
168,1557849291679,aa
170,1557849293679,aa
171,1557849294679,aa
172,1557849295679,aa
Curr Log Value 172--Offset in ms: 3249


here
167,1557849290679,aa
168,1557849291679,aa
170,1557849293679,aa
171,1557849294679,aa
172,1557849295679,aa
173,1557849296679,aa
Curr Log Value 173--Offset in ms: 3263


here
168,1557849291679,aa
170,1557849293679,aa
171,1557849294679,aa
172,1557849295679,aa
173,1557849296679,aa
174,1557849297679,aa
Curr Log Value 174--Offset in ms: 3273


here
170,1557849293679,aa
171,1557849294679,aa
172,1557849295679,aa
173,1557849296679,aa
174,1557849297679,aa
175,1557849298679,aa
Curr Log Value 175--Offset in ms: 3254


here
171,1557849294679,aa
172,1557849295679,aa
173,1557849296679,aa
174,1557849297679,aa
175,1557849298679,aa
176,1557849299680,aa
Curr Log Value 176--Offset in ms: 3265


here
172,1557849295679,aa
173,1557849296679,aa
174,1557849297679,aa
175,1557849298679,aa
176,1557849299680,aa
176,1557849299680,aa
Curr Log Value 176--Offset in ms: 4263


MISSED DATABLOCK
here
173,1557849296679,aa
174,1557849297679,aa
175,1557849298679,aa
176,1557849299680,aa
176,1557849299680,aa
177,1557849300679,aa
Curr Log Value 177--Offset in ms: 4249


here
174,1557849297679,aa
175,1557849298679,aa
176,1557849299680,aa
176,1557849299680,aa
177,1557849300679,aa
178,1557849301679,aa
Curr Log Value 178--Offset in ms: 4250


here
175,1557849298679,aa
176,1557849299680,aa
176,1557849299680,aa
177,1557849300679,aa
178,1557849301679,aa
179,1557849302679,aa
Curr Log Value 179--Offset in ms: 4275


here
176,1557849299680,aa
176,1557849299680,aa
177,1557849300679,aa
178,1557849301679,aa
179,1557849302679,aa
180,1557849303680,aa
Curr Log Value 180--Offset in ms: 4246


here
176,1557849299680,aa
177,1557849300679,aa
178,1557849301679,aa
179,1557849302679,aa
180,1557849303680,aa
181,1557849304679,aa
Curr Log Value 181--Offset in ms: 4263


here
177,1557849300679,aa
178,1557849301679,aa
179,1557849302679,aa
180,1557849303680,aa
181,1557849304679,aa
182,1557849305679,aa
Curr Log Value 182--Offset in ms: 4283


here
178,1557849301679,aa
179,1557849302679,aa
180,1557849303680,aa
181,1557849304679,aa
182,1557849305679,aa
183,1557849306679,aa
Curr Log Value 183--Offset in ms: 4273


here
179,1557849302679,aa
180,1557849303680,aa
181,1557849304679,aa
182,1557849305679,aa
183,1557849306679,aa
185,1557849308679,aa
Curr Log Value 185--Offset in ms: 3273


MISSED DATABLOCK
here
180,1557849303680,aa
181,1557849304679,aa
182,1557849305679,aa
183,1557849306679,aa
185,1557849308679,aa
186,1557849309679,aa
Curr Log Value 186--Offset in ms: 3276


here
181,1557849304679,aa
182,1557849305679,aa
183,1557849306679,aa
185,1557849308679,aa
186,1557849309679,aa
187,1557849310679,aa
Curr Log Value 187--Offset in ms: 3279


here
182,1557849305679,aa
183,1557849306679,aa
185,1557849308679,aa
186,1557849309679,aa
187,1557849310679,aa
188,1557849311679,aa
Curr Log Value 188--Offset in ms: 3269


here
183,1557849306679,aa
185,1557849308679,aa
186,1557849309679,aa
187,1557849310679,aa
188,1557849311679,aa
189,1557849312680,aa
Curr Log Value 189--Offset in ms: 3280


here
185,1557849308679,aa
186,1557849309679,aa
187,1557849310679,aa
188,1557849311679,aa
189,1557849312680,aa
190,1557849313679,aa
Curr Log Value 190--Offset in ms: 3261


here
186,1557849309679,aa
187,1557849310679,aa
188,1557849311679,aa
189,1557849312680,aa
190,1557849313679,aa
191,1557849314679,aa
Curr Log Value 191--Offset in ms: 3263


here
187,1557849310679,aa
188,1557849311679,aa
189,1557849312680,aa
190,1557849313679,aa
191,1557849314679,aa
192,1557849315679,aa
Curr Log Value 192--Offset in ms: 3275


here
188,1557849311679,aa
189,1557849312680,aa
190,1557849313679,aa
191,1557849314679,aa
192,1557849315679,aa
193,1557849316680,aa
Curr Log Value 193--Offset in ms: 3260


here
189,1557849312680,aa
190,1557849313679,aa
191,1557849314679,aa
192,1557849315679,aa
193,1557849316680,aa
194,1557849317679,aa
Curr Log Value 194--Offset in ms: 3266


here
190,1557849313679,aa
191,1557849314679,aa
192,1557849315679,aa
193,1557849316680,aa
194,1557849317679,aa
195,1557849318679,aa
Curr Log Value 195--Offset in ms: 3290


here
191,1557849314679,aa
192,1557849315679,aa
193,1557849316680,aa
194,1557849317679,aa
195,1557849318679,aa
196,1557849319680,aa
Curr Log Value 196--Offset in ms: 3261


here
192,1557849315679,aa
193,1557849316680,aa
194,1557849317679,aa
195,1557849318679,aa
196,1557849319680,aa
197,1557849320680,aa
Curr Log Value 197--Offset in ms: 3276


here
193,1557849316680,aa
194,1557849317679,aa
195,1557849318679,aa
196,1557849319680,aa
197,1557849320680,aa
198,1557849321679,aa
Curr Log Value 198--Offset in ms: 3273


here
194,1557849317679,aa
195,1557849318679,aa
196,1557849319680,aa
197,1557849320680,aa
198,1557849321679,aa
199,1557849322679,aa
Curr Log Value 199--Offset in ms: 3260


here
195,1557849318679,aa
196,1557849319680,aa
197,1557849320680,aa
198,1557849321679,aa
199,1557849322679,aa
200,1557849323680,aa
Curr Log Value 200--Offset in ms: 3274


here
196,1557849319680,aa
197,1557849320680,aa
198,1557849321679,aa
199,1557849322679,aa
200,1557849323680,aa
201,1557849324679,aa
Curr Log Value 201--Offset in ms: 3273


here
197,1557849320680,aa
198,1557849321679,aa
199,1557849322679,aa
200,1557849323680,aa
201,1557849324679,aa
202,1557849325679,aa
Curr Log Value 202--Offset in ms: 3260


here
198,1557849321679,aa
199,1557849322679,aa
200,1557849323680,aa
201,1557849324679,aa
202,1557849325679,aa
203,1557849326679,aa
Curr Log Value 203--Offset in ms: 3261


here
199,1557849322679,aa
200,1557849323680,aa
201,1557849324679,aa
202,1557849325679,aa
203,1557849326679,aa
204,1557849327679,aa
Curr Log Value 204--Offset in ms: 3286


here
200,1557849323680,aa
201,1557849324679,aa
202,1557849325679,aa
203,1557849326679,aa
204,1557849327679,aa
205,1557849328679,aa
Curr Log Value 205--Offset in ms: 3259


here
201,1557849324679,aa
202,1557849325679,aa
203,1557849326679,aa
204,1557849327679,aa
205,1557849328679,aa
206,1557849329680,aa
Curr Log Value 206--Offset in ms: 3275


here
202,1557849325679,aa
203,1557849326679,aa
204,1557849327679,aa
205,1557849328679,aa
206,1557849329680,aa
207,1557849330679,aa
Curr Log Value 207--Offset in ms: 3272


here
203,1557849326679,aa
204,1557849327679,aa
205,1557849328679,aa
206,1557849329680,aa
207,1557849330679,aa
208,1557849331679,aa
Curr Log Value 208--Offset in ms: 3261


here
204,1557849327679,aa
205,1557849328679,aa
206,1557849329680,aa
207,1557849330679,aa
208,1557849331679,aa
209,1557849332679,aa
Curr Log Value 209--Offset in ms: 3277


here
205,1557849328679,aa
206,1557849329680,aa
207,1557849330679,aa
208,1557849331679,aa
209,1557849332679,aa
210,1557849333679,aa
Curr Log Value 210--Offset in ms: 3297


here
206,1557849329680,aa
207,1557849330679,aa
208,1557849331679,aa
209,1557849332679,aa
210,1557849333679,aa
211,1557849334679,aa
Curr Log Value 211--Offset in ms: 3276


here
207,1557849330679,aa
208,1557849331679,aa
209,1557849332679,aa
210,1557849333679,aa
211,1557849334679,aa
212,1557849335679,aa
Curr Log Value 212--Offset in ms: 3287


here
208,1557849331679,aa
209,1557849332679,aa
210,1557849333679,aa
211,1557849334679,aa
212,1557849335679,aa
213,1557849336679,aa
Curr Log Value 213--Offset in ms: 3289


here
209,1557849332679,aa
210,1557849333679,aa
211,1557849334679,aa
212,1557849335679,aa
213,1557849336679,aa
214,1557849337679,aa
Curr Log Value 214--Offset in ms: 3276


here
210,1557849333679,aa
211,1557849334679,aa
212,1557849335679,aa
213,1557849336679,aa
214,1557849337679,aa
215,1557849338679,aa
Curr Log Value 215--Offset in ms: 3278


here
211,1557849334679,aa
212,1557849335679,aa
213,1557849336679,aa
214,1557849337679,aa
215,1557849338679,aa
216,1557849339679,aa
Curr Log Value 216--Offset in ms: 3289


here
212,1557849335679,aa
213,1557849336679,aa
214,1557849337679,aa
215,1557849338679,aa
216,1557849339679,aa
217,1557849340679,aa
Curr Log Value 217--Offset in ms: 3276


here
213,1557849336679,aa
214,1557849337679,aa
215,1557849338679,aa
216,1557849339679,aa
217,1557849340679,aa
218,1557849341679,aa
Curr Log Value 218--Offset in ms: 3288


here
214,1557849337679,aa
215,1557849338679,aa
216,1557849339679,aa
217,1557849340679,aa
218,1557849341679,aa
219,1557849342679,aa
Curr Log Value 219--Offset in ms: 3287


here
215,1557849338679,aa
216,1557849339679,aa
217,1557849340679,aa
218,1557849341679,aa
219,1557849342679,aa
220,1557849343680,aa
Curr Log Value 220--Offset in ms: 3275


here
216,1557849339679,aa
217,1557849340679,aa
218,1557849341679,aa
219,1557849342679,aa
220,1557849343680,aa
221,1557849344679,aa
Curr Log Value 221--Offset in ms: 3276


here
217,1557849340679,aa
218,1557849341679,aa
219,1557849342679,aa
220,1557849343680,aa
221,1557849344679,aa
222,1557849345679,aa
Curr Log Value 222--Offset in ms: 3287


here
218,1557849341679,aa
219,1557849342679,aa
220,1557849343680,aa
221,1557849344679,aa
222,1557849345679,aa
223,1557849346679,aa
Curr Log Value 223--Offset in ms: 3276


here
219,1557849342679,aa
220,1557849343680,aa
221,1557849344679,aa
222,1557849345679,aa
223,1557849346679,aa
224,1557849347679,aa
Curr Log Value 224--Offset in ms: 3274


here
220,1557849343680,aa
221,1557849344679,aa
222,1557849345679,aa
223,1557849346679,aa
224,1557849347679,aa
225,1557849348679,aa
Curr Log Value 225--Offset in ms: 3285


here
221,1557849344679,aa
222,1557849345679,aa
223,1557849346679,aa
224,1557849347679,aa
225,1557849348679,aa
226,1557849349679,aa
Curr Log Value 226--Offset in ms: 3274


here
222,1557849345679,aa
223,1557849346679,aa
224,1557849347679,aa
225,1557849348679,aa
226,1557849349679,aa
227,1557849350679,aa
Curr Log Value 227--Offset in ms: 3275


here
223,1557849346679,aa
224,1557849347679,aa
225,1557849348679,aa
226,1557849349679,aa
227,1557849350679,aa
228,1557849351679,aa
Curr Log Value 228--Offset in ms: 3285


here
224,1557849347679,aa
225,1557849348679,aa
226,1557849349679,aa
227,1557849350679,aa
228,1557849351679,aa
229,1557849352679,aa
Curr Log Value 229--Offset in ms: 3277


here
225,1557849348679,aa
226,1557849349679,aa
227,1557849350679,aa
228,1557849351679,aa
229,1557849352679,aa
230,1557849353679,aa
Curr Log Value 230--Offset in ms: 3274


here
226,1557849349679,aa
227,1557849350679,aa
228,1557849351679,aa
229,1557849352679,aa
230,1557849353679,aa
231,1557849354679,aa
Curr Log Value 231--Offset in ms: 3285


here
227,1557849350679,aa
228,1557849351679,aa
229,1557849352679,aa
230,1557849353679,aa
231,1557849354679,aa
232,1557849355680,aa
Curr Log Value 232--Offset in ms: 3272


here
228,1557849351679,aa
229,1557849352679,aa
230,1557849353679,aa
231,1557849354679,aa
232,1557849355680,aa
233,1557849356680,aa
Curr Log Value 233--Offset in ms: 3273


here
229,1557849352679,aa
230,1557849353679,aa
231,1557849354679,aa
232,1557849355680,aa
233,1557849356680,aa
234,1557849357679,aa
Curr Log Value 234--Offset in ms: 3285


here
230,1557849353679,aa
231,1557849354679,aa
232,1557849355680,aa
233,1557849356680,aa
234,1557849357679,aa
235,1557849358680,aa
Curr Log Value 235--Offset in ms: 3277


here
231,1557849354679,aa
232,1557849355680,aa
233,1557849356680,aa
234,1557849357679,aa
235,1557849358680,aa
236,1557849359679,aa
Curr Log Value 236--Offset in ms: 3273


here
232,1557849355680,aa
233,1557849356680,aa
234,1557849357679,aa
235,1557849358680,aa
236,1557849359679,aa
237,1557849360679,aa
Curr Log Value 237--Offset in ms: 3288


here
233,1557849356680,aa
234,1557849357679,aa
235,1557849358680,aa
236,1557849359679,aa
237,1557849360679,aa
238,1557849361680,aa
Curr Log Value 238--Offset in ms: 3263


here
234,1557849357679,aa
235,1557849358680,aa
236,1557849359679,aa
237,1557849360679,aa
238,1557849361680,aa
239,1557849362680,aa
Curr Log Value 239--Offset in ms: 3275


here
235,1557849358680,aa
236,1557849359679,aa
237,1557849360679,aa
238,1557849361680,aa
239,1557849362680,aa
240,1557849363679,aa
Curr Log Value 240--Offset in ms: 3272


here
236,1557849359679,aa
237,1557849360679,aa
238,1557849361680,aa
239,1557849362680,aa
240,1557849363679,aa
241,1557849364679,aa
Curr Log Value 241--Offset in ms: 3262


here
237,1557849360679,aa
238,1557849361680,aa
239,1557849362680,aa
240,1557849363679,aa
241,1557849364679,aa
242,1557849365679,aa
Curr Log Value 242--Offset in ms: 3278


here
238,1557849361680,aa
239,1557849362680,aa
240,1557849363679,aa
241,1557849364679,aa
242,1557849365679,aa
243,1557849366679,aa
Curr Log Value 243--Offset in ms: 3273


here
239,1557849362680,aa
240,1557849363679,aa
241,1557849364679,aa
242,1557849365679,aa
243,1557849366679,aa
244,1557849367679,aa
Curr Log Value 244--Offset in ms: 3277


here
240,1557849363679,aa
241,1557849364679,aa
242,1557849365679,aa
243,1557849366679,aa
244,1557849367679,aa
245,1557849368679,aa
Curr Log Value 245--Offset in ms: 3265


here
241,1557849364679,aa
242,1557849365679,aa
243,1557849366679,aa
244,1557849367679,aa
245,1557849368679,aa
246,1557849369679,aa
Curr Log Value 246--Offset in ms: 3277


here
242,1557849365679,aa
243,1557849366679,aa
244,1557849367679,aa
245,1557849368679,aa
246,1557849369679,aa
247,1557849370679,aa
Curr Log Value 247--Offset in ms: 3263


here
243,1557849366679,aa
244,1557849367679,aa
245,1557849368679,aa
246,1557849369679,aa
247,1557849370679,aa
248,1557849371679,aa
Curr Log Value 248--Offset in ms: 3262


here
244,1557849367679,aa
245,1557849368679,aa
246,1557849369679,aa
247,1557849370679,aa
248,1557849371679,aa
249,1557849372679,aa
Curr Log Value 249--Offset in ms: 3273


here
245,1557849368679,aa
246,1557849369679,aa
247,1557849370679,aa
248,1557849371679,aa
249,1557849372679,aa
250,1557849373679,aa
Curr Log Value 250--Offset in ms: 3268


here
246,1557849369679,aa
247,1557849370679,aa
248,1557849371679,aa
249,1557849372679,aa
250,1557849373679,aa
251,1557849374679,aa
Curr Log Value 251--Offset in ms: 3267


here
247,1557849370679,aa
248,1557849371679,aa
249,1557849372679,aa
250,1557849373679,aa
251,1557849374679,aa
252,1557849375679,aa
Curr Log Value 252--Offset in ms: 3295


here
248,1557849371679,aa
249,1557849372679,aa
250,1557849373679,aa
251,1557849374679,aa
252,1557849375679,aa
253,1557849376679,aa
Curr Log Value 253--Offset in ms: 3265


here
249,1557849372679,aa
250,1557849373679,aa
251,1557849374679,aa
252,1557849375679,aa
253,1557849376679,aa
254,1557849377679,aa
Curr Log Value 254--Offset in ms: 3264


here
250,1557849373679,aa
251,1557849374679,aa
252,1557849375679,aa
253,1557849376679,aa
254,1557849377679,aa
255,1557849378679,aa
Curr Log Value 255--Offset in ms: 3276


here
251,1557849374679,aa
252,1557849375679,aa
253,1557849376679,aa
254,1557849377679,aa
255,1557849378679,aa
256,1557849379679,aa
Curr Log Value 256--Offset in ms: 3276


here
252,1557849375679,aa
253,1557849376679,aa
254,1557849377679,aa
255,1557849378679,aa
256,1557849379679,aa
257,1557849380680,aa
Curr Log Value 257--Offset in ms: 3256


here
253,1557849376679,aa
254,1557849377679,aa
255,1557849378679,aa
256,1557849379679,aa
257,1557849380680,aa
257,1557849380680,aa
Curr Log Value 257--Offset in ms: 4273


MISSED DATABLOCK
here
254,1557849377679,aa
255,1557849378679,aa
256,1557849379679,aa
257,1557849380680,aa
257,1557849380680,aa
258,1557849381680,aa
Curr Log Value 258--Offset in ms: 4266


here
255,1557849378679,aa
256,1557849379679,aa
257,1557849380680,aa
257,1557849380680,aa
258,1557849381680,aa
259,1557849382679,aa
Curr Log Value 259--Offset in ms: 4266


here
256,1557849379679,aa
257,1557849380680,aa
257,1557849380680,aa
258,1557849381680,aa
259,1557849382679,aa
259,1557849382679,aa
Curr Log Value 259--Offset in ms: 5266


MISSED DATABLOCK
HELLO 2
here
HELLO 3
257,1557849380680,aa
257,1557849380680,aa
258,1557849381680,aa
259,1557849382679,aa
259,1557849382679,aa
259,1557849382679,aa
Curr Log Value 259--Offset in ms: 7869


MISSED DATABLOCK
HELLO 4
here
257,1557849380680,aa
258,1557849381680,aa
259,1557849382679,aa
259,1557849382679,aa
259,1557849382679,aa
266,1557849389680,aa
Curr Log Value 266--Offset in ms: 2999


MISSED DATABLOCK
here
258,1557849381680,aa
259,1557849382679,aa
259,1557849382679,aa
259,1557849382679,aa
266,1557849389680,aa
267,1557849390679,aa
Curr Log Value 267--Offset in ms: 2465


here
259,1557849382679,aa
259,1557849382679,aa
259,1557849382679,aa
266,1557849389680,aa
267,1557849390679,aa
267,1557849390679,aa
Curr Log Value 267--Offset in ms: 2841


MISSED DATABLOCK
here
259,1557849382679,aa
259,1557849382679,aa
266,1557849389680,aa
267,1557849390679,aa
267,1557849390679,aa
268,1557849391679,aa
Curr Log Value 268--Offset in ms: 2295


here
259,1557849382679,aa
266,1557849389680,aa
267,1557849390679,aa
267,1557849390679,aa
268,1557849391679,aa
268,1557849391679,aa
Curr Log Value 268--Offset in ms: 2677


MISSED DATABLOCK
here
266,1557849389680,aa
267,1557849390679,aa
267,1557849390679,aa
268,1557849391679,aa
268,1557849391679,aa
269,1557849392679,aa
Curr Log Value 269--Offset in ms: 2656


here
267,1557849390679,aa
267,1557849390679,aa
268,1557849391679,aa
268,1557849391679,aa
269,1557849392679,aa
270,1557849393679,aa
Curr Log Value 270--Offset in ms: 2656


here
267,1557849390679,aa
268,1557849391679,aa
268,1557849391679,aa
269,1557849392679,aa
270,1557849393679,aa
271,1557849394679,aa
Curr Log Value 271--Offset in ms: 2592


here
268,1557849391679,aa
268,1557849391679,aa
269,1557849392679,aa
270,1557849393679,aa
271,1557849394679,aa
272,1557849395679,aa
Curr Log Value 272--Offset in ms: 2664


here
268,1557849391679,aa
269,1557849392679,aa
270,1557849393679,aa
271,1557849394679,aa
272,1557849395679,aa
273,1557849396679,aa
Curr Log Value 273--Offset in ms: 2582


here
269,1557849392679,aa
270,1557849393679,aa
271,1557849394679,aa
272,1557849395679,aa
273,1557849396679,aa
274,1557849397679,aa
Curr Log Value 274--Offset in ms: 2674


Client exception: java.rmi.ConnectException: Connection refused to host: 35.182.195.196; nested exception is: 
	java.net.ConnectException: Connection refused (Connection refused)
request Data failed, requesting new Provider
Requesting new Provider other than 35.182.195.196
FATAL ERROR: Master Failure To Respond
misssed 56 out of 207
MISSRATE = 0
