java(11147): Operation not permitted
java(11227): Operation not permitted
java(11280): Operation not permitted
java(11324): Operation not permitted
java(11353): Operation not permitted
java(11436): Operation not permitted
java(11546): Operation not permitted
java(11644): Operation not permitted
java(28228): Operation not permitted
java: no process found
rm -f *.class
javac Node.java
javac Server.java
Server ready
Requesting Join
Join Accepted By Master, Provider Set To: 100.26.104.102
here
in herrrrrr
33,1557758765422,aaa
Curr Log Value 33 -- Offset in milleseconds: 1712



here
in herrrrrr
33,1557758765422,aaa
34,1557758766421,aaa
Curr Log Value 34 -- Offset in milleseconds: 1693



here
in herrrrrr
33,1557758765422,aaa
34,1557758766421,aaa
35,1557758767422,aaa
Curr Log Value 35 -- Offset in milleseconds: 1679



here
in herrrrrr
33,1557758765422,aaa
34,1557758766421,aaa
35,1557758767422,aaa
36,1557758768421,aaa
Curr Log Value 36 -- Offset in milleseconds: 1669



here
in herrrrrr
33,1557758765422,aaa
34,1557758766421,aaa
35,1557758767422,aaa
36,1557758768421,aaa
37,1557758769421,aaa
Curr Log Value 37 -- Offset in milleseconds: 1663



here
in herrrrrr
33,1557758765422,aaa
34,1557758766421,aaa
35,1557758767422,aaa
36,1557758768421,aaa
37,1557758769421,aaa
38,1557758770421,aaa
Curr Log Value 38 -- Offset in milleseconds: 1664



here
in herrrrrr
34,1557758766421,aaa
35,1557758767422,aaa
36,1557758768421,aaa
37,1557758769421,aaa
38,1557758770421,aaa
39,1557758771421,aaa
Curr Log Value 39 -- Offset in milleseconds: 1658



here
in herrrrrr
35,1557758767422,aaa
36,1557758768421,aaa
37,1557758769421,aaa
38,1557758770421,aaa
39,1557758771421,aaa
40,1557758772421,aaa
Curr Log Value 40 -- Offset in milleseconds: 1667



here
in herrrrrr
36,1557758768421,aaa
37,1557758769421,aaa
38,1557758770421,aaa
39,1557758771421,aaa
40,1557758772421,aaa
41,1557758773422,aaa
Curr Log Value 41 -- Offset in milleseconds: 1661



here
in herrrrrr
37,1557758769421,aaa
38,1557758770421,aaa
39,1557758771421,aaa
40,1557758772421,aaa
41,1557758773422,aaa
42,1557758774422,aaa
Curr Log Value 42 -- Offset in milleseconds: 1663



here
in herrrrrr
38,1557758770421,aaa
39,1557758771421,aaa
40,1557758772421,aaa
41,1557758773422,aaa
42,1557758774422,aaa
43,1557758775421,aaa
Curr Log Value 43 -- Offset in milleseconds: 1676



here
in herrrrrr
39,1557758771421,aaa
40,1557758772421,aaa
41,1557758773422,aaa
42,1557758774422,aaa
43,1557758775421,aaa
44,1557758776421,aaa
Curr Log Value 44 -- Offset in milleseconds: 1662



here
in herrrrrr
40,1557758772421,aaa
41,1557758773422,aaa
42,1557758774422,aaa
43,1557758775421,aaa
44,1557758776421,aaa
45,1557758777421,aaa
Curr Log Value 45 -- Offset in milleseconds: 1665



here
in herrrrrr
41,1557758773422,aaa
42,1557758774422,aaa
43,1557758775421,aaa
44,1557758776421,aaa
45,1557758777421,aaa
46,1557758778421,aaa
Curr Log Value 46 -- Offset in milleseconds: 1678



here
in herrrrrr
42,1557758774422,aaa
43,1557758775421,aaa
44,1557758776421,aaa
45,1557758777421,aaa
46,1557758778421,aaa
47,1557758779421,aaa
Curr Log Value 47 -- Offset in milleseconds: 1665



here
in herrrrrr
43,1557758775421,aaa
44,1557758776421,aaa
45,1557758777421,aaa
46,1557758778421,aaa
47,1557758779421,aaa
48,1557758780421,aaa
Curr Log Value 48 -- Offset in milleseconds: 1663



here
in herrrrrr
44,1557758776421,aaa
45,1557758777421,aaa
46,1557758778421,aaa
47,1557758779421,aaa
48,1557758780421,aaa
49,1557758781421,aaa
Curr Log Value 49 -- Offset in milleseconds: 1668



here
in herrrrrr
45,1557758777421,aaa
46,1557758778421,aaa
47,1557758779421,aaa
48,1557758780421,aaa
49,1557758781421,aaa
50,1557758782421,aaa
Curr Log Value 50 -- Offset in milleseconds: 1658



here
in herrrrrr
46,1557758778421,aaa
47,1557758779421,aaa
48,1557758780421,aaa
49,1557758781421,aaa
50,1557758782421,aaa
51,1557758783421,aaa
Curr Log Value 51 -- Offset in milleseconds: 1662



here
in herrrrrr
47,1557758779421,aaa
48,1557758780421,aaa
49,1557758781421,aaa
50,1557758782421,aaa
51,1557758783421,aaa
52,1557758784421,aaa
Curr Log Value 52 -- Offset in milleseconds: 1672



here
in herrrrrr
48,1557758780421,aaa
49,1557758781421,aaa
50,1557758782421,aaa
51,1557758783421,aaa
52,1557758784421,aaa
53,1557758785421,aaa
Curr Log Value 53 -- Offset in milleseconds: 1662



here
in herrrrrr
49,1557758781421,aaa
50,1557758782421,aaa
51,1557758783421,aaa
52,1557758784421,aaa
53,1557758785421,aaa
54,1557758786421,aaa
Curr Log Value 54 -- Offset in milleseconds: 1661



here
in herrrrrr
50,1557758782421,aaa
51,1557758783421,aaa
52,1557758784421,aaa
53,1557758785421,aaa
54,1557758786421,aaa
55,1557758787421,aaa
Curr Log Value 55 -- Offset in milleseconds: 1672



here
in herrrrrr
51,1557758783421,aaa
52,1557758784421,aaa
53,1557758785421,aaa
54,1557758786421,aaa
55,1557758787421,aaa
56,1557758788421,aaa
Curr Log Value 56 -- Offset in milleseconds: 1660



here
in herrrrrr
52,1557758784421,aaa
53,1557758785421,aaa
54,1557758786421,aaa
55,1557758787421,aaa
56,1557758788421,aaa
57,1557758789421,aaa
Curr Log Value 57 -- Offset in milleseconds: 1665



here
in herrrrrr
53,1557758785421,aaa
54,1557758786421,aaa
55,1557758787421,aaa
56,1557758788421,aaa
57,1557758789421,aaa
58,1557758790421,aaa
Curr Log Value 58 -- Offset in milleseconds: 1677



here
in herrrrrr
54,1557758786421,aaa
55,1557758787421,aaa
56,1557758788421,aaa
57,1557758789421,aaa
58,1557758790421,aaa
59,1557758791422,aaa
Curr Log Value 59 -- Offset in milleseconds: 1657



here
in herrrrrr
55,1557758787421,aaa
56,1557758788421,aaa
57,1557758789421,aaa
58,1557758790421,aaa
59,1557758791422,aaa
60,1557758792421,aaa
Curr Log Value 60 -- Offset in milleseconds: 1659



here
in herrrrrr
56,1557758788421,aaa
57,1557758789421,aaa
58,1557758790421,aaa
59,1557758791422,aaa
60,1557758792421,aaa
61,1557758793421,aaa
Curr Log Value 61 -- Offset in milleseconds: 1679



here
in herrrrrr
57,1557758789421,aaa
58,1557758790421,aaa
59,1557758791422,aaa
60,1557758792421,aaa
61,1557758793421,aaa
62,1557758794421,aaa
Curr Log Value 62 -- Offset in milleseconds: 1668



here
in herrrrrr
58,1557758790421,aaa
59,1557758791422,aaa
60,1557758792421,aaa
61,1557758793421,aaa
62,1557758794421,aaa
63,1557758795421,aaa
Curr Log Value 63 -- Offset in milleseconds: 1662



here
in herrrrrr
59,1557758791422,aaa
60,1557758792421,aaa
61,1557758793421,aaa
62,1557758794421,aaa
63,1557758795421,aaa
64,1557758796421,aaa
Curr Log Value 64 -- Offset in milleseconds: 1668



here
in herrrrrr
60,1557758792421,aaa
61,1557758793421,aaa
62,1557758794421,aaa
63,1557758795421,aaa
64,1557758796421,aaa
65,1557758797422,aaa
Curr Log Value 65 -- Offset in milleseconds: 1656



here
in herrrrrr
61,1557758793421,aaa
62,1557758794421,aaa
63,1557758795421,aaa
64,1557758796421,aaa
65,1557758797422,aaa
66,1557758798421,aaa
Curr Log Value 66 -- Offset in milleseconds: 1663



here
in herrrrrr
62,1557758794421,aaa
63,1557758795421,aaa
64,1557758796421,aaa
65,1557758797422,aaa
66,1557758798421,aaa
67,1557758799421,aaa
Curr Log Value 67 -- Offset in milleseconds: 1670



here
in herrrrrr
63,1557758795421,aaa
64,1557758796421,aaa
65,1557758797422,aaa
66,1557758798421,aaa
67,1557758799421,aaa
68,1557758800421,aaa
Curr Log Value 68 -- Offset in milleseconds: 1661



here
in herrrrrr
64,1557758796421,aaa
65,1557758797422,aaa
66,1557758798421,aaa
67,1557758799421,aaa
68,1557758800421,aaa
69,1557758801422,aaa
Curr Log Value 69 -- Offset in milleseconds: 1664



here
in herrrrrr
65,1557758797422,aaa
66,1557758798421,aaa
67,1557758799421,aaa
68,1557758800421,aaa
69,1557758801422,aaa
70,1557758802421,aaa
Curr Log Value 70 -- Offset in milleseconds: 1671



here
in herrrrrr
66,1557758798421,aaa
67,1557758799421,aaa
68,1557758800421,aaa
69,1557758801422,aaa
70,1557758802421,aaa
71,1557758803421,aaa
Curr Log Value 71 -- Offset in milleseconds: 1658



here
in herrrrrr
67,1557758799421,aaa
68,1557758800421,aaa
69,1557758801422,aaa
70,1557758802421,aaa
71,1557758803421,aaa
72,1557758804422,aaa
Curr Log Value 72 -- Offset in milleseconds: 1669



here
in herrrrrr
68,1557758800421,aaa
69,1557758801422,aaa
70,1557758802421,aaa
71,1557758803421,aaa
72,1557758804422,aaa
73,1557758805421,aaa
Curr Log Value 73 -- Offset in milleseconds: 1681



here
in herrrrrr
69,1557758801422,aaa
70,1557758802421,aaa
71,1557758803421,aaa
72,1557758804422,aaa
73,1557758805421,aaa
74,1557758806421,aaa
Curr Log Value 74 -- Offset in milleseconds: 1662



here
in herrrrrr
70,1557758802421,aaa
71,1557758803421,aaa
72,1557758804422,aaa
73,1557758805421,aaa
74,1557758806421,aaa
75,1557758807421,aaa
Curr Log Value 75 -- Offset in milleseconds: 1657



here
in herrrrrr
71,1557758803421,aaa
72,1557758804422,aaa
73,1557758805421,aaa
74,1557758806421,aaa
75,1557758807421,aaa
76,1557758808422,aaa
Curr Log Value 76 -- Offset in milleseconds: 1666



here
in herrrrrr
72,1557758804422,aaa
73,1557758805421,aaa
74,1557758806421,aaa
75,1557758807421,aaa
76,1557758808422,aaa
77,1557758809421,aaa
Curr Log Value 77 -- Offset in milleseconds: 1659



here
in herrrrrr
73,1557758805421,aaa
74,1557758806421,aaa
75,1557758807421,aaa
76,1557758808422,aaa
77,1557758809421,aaa
78,1557758810421,aaa
Curr Log Value 78 -- Offset in milleseconds: 1657



here
in herrrrrr
74,1557758806421,aaa
75,1557758807421,aaa
76,1557758808422,aaa
77,1557758809421,aaa
78,1557758810421,aaa
79,1557758811421,aaa
Curr Log Value 79 -- Offset in milleseconds: 1672



here
in herrrrrr
75,1557758807421,aaa
76,1557758808422,aaa
77,1557758809421,aaa
78,1557758810421,aaa
79,1557758811421,aaa
80,1557758812421,aaa
Curr Log Value 80 -- Offset in milleseconds: 1667



here
in herrrrrr
76,1557758808422,aaa
77,1557758809421,aaa
78,1557758810421,aaa
79,1557758811421,aaa
80,1557758812421,aaa
81,1557758813421,aaa
Curr Log Value 81 -- Offset in milleseconds: 1662



here
in herrrrrr
77,1557758809421,aaa
78,1557758810421,aaa
79,1557758811421,aaa
80,1557758812421,aaa
81,1557758813421,aaa
82,1557758814422,aaa
Curr Log Value 82 -- Offset in milleseconds: 1672



here
in herrrrrr
78,1557758810421,aaa
79,1557758811421,aaa
80,1557758812421,aaa
81,1557758813421,aaa
82,1557758814422,aaa
83,1557758815422,aaa
Curr Log Value 83 -- Offset in milleseconds: 1672



here
in herrrrrr
79,1557758811421,aaa
80,1557758812421,aaa
81,1557758813421,aaa
82,1557758814422,aaa
83,1557758815422,aaa
84,1557758816422,aaa
Curr Log Value 84 -- Offset in milleseconds: 1661



here
in herrrrrr
80,1557758812421,aaa
81,1557758813421,aaa
82,1557758814422,aaa
83,1557758815422,aaa
84,1557758816422,aaa
85,1557758817421,aaa
Curr Log Value 85 -- Offset in milleseconds: 1681



here
in herrrrrr
81,1557758813421,aaa
82,1557758814422,aaa
83,1557758815422,aaa
84,1557758816422,aaa
85,1557758817421,aaa
86,1557758818421,aaa
Curr Log Value 86 -- Offset in milleseconds: 1657



here
in herrrrrr
82,1557758814422,aaa
83,1557758815422,aaa
84,1557758816422,aaa
85,1557758817421,aaa
86,1557758818421,aaa
87,1557758819421,aaa
Curr Log Value 87 -- Offset in milleseconds: 1662



here
in herrrrrr
83,1557758815422,aaa
84,1557758816422,aaa
85,1557758817421,aaa
86,1557758818421,aaa
87,1557758819421,aaa
88,1557758820421,aaa
Curr Log Value 88 -- Offset in milleseconds: 1680



here
in herrrrrr
84,1557758816422,aaa
85,1557758817421,aaa
86,1557758818421,aaa
87,1557758819421,aaa
88,1557758820421,aaa
89,1557758821421,aaa
Curr Log Value 89 -- Offset in milleseconds: 1668



here
in herrrrrr
85,1557758817421,aaa
86,1557758818421,aaa
87,1557758819421,aaa
88,1557758820421,aaa
89,1557758821421,aaa
90,1557758822421,aaa
Curr Log Value 90 -- Offset in milleseconds: 1658



here
in herrrrrr
86,1557758818421,aaa
87,1557758819421,aaa
88,1557758820421,aaa
89,1557758821421,aaa
90,1557758822421,aaa
91,1557758823421,aaa
Curr Log Value 91 -- Offset in milleseconds: 1670



here
in herrrrrr
87,1557758819421,aaa
88,1557758820421,aaa
89,1557758821421,aaa
90,1557758822421,aaa
91,1557758823421,aaa
92,1557758824421,aaa
Curr Log Value 92 -- Offset in milleseconds: 1672



here
in herrrrrr
88,1557758820421,aaa
89,1557758821421,aaa
90,1557758822421,aaa
91,1557758823421,aaa
92,1557758824421,aaa
93,1557758825421,aaa
Curr Log Value 93 -- Offset in milleseconds: 1674



here
in herrrrrr
89,1557758821421,aaa
90,1557758822421,aaa
91,1557758823421,aaa
92,1557758824421,aaa
93,1557758825421,aaa
94,1557758826422,aaa
Curr Log Value 94 -- Offset in milleseconds: 1686



here
in herrrrrr
90,1557758822421,aaa
91,1557758823421,aaa
92,1557758824421,aaa
93,1557758825421,aaa
94,1557758826422,aaa
95,1557758827421,aaa
Curr Log Value 95 -- Offset in milleseconds: 1670



here
in herrrrrr
91,1557758823421,aaa
92,1557758824421,aaa
93,1557758825421,aaa
94,1557758826422,aaa
95,1557758827421,aaa
96,1557758828421,aaa
Curr Log Value 96 -- Offset in milleseconds: 1673



here
in herrrrrr
92,1557758824421,aaa
93,1557758825421,aaa
94,1557758826422,aaa
95,1557758827421,aaa
96,1557758828421,aaa
97,1557758829421,aaa
Curr Log Value 97 -- Offset in milleseconds: 1682



here
in herrrrrr
93,1557758825421,aaa
94,1557758826422,aaa
95,1557758827421,aaa
96,1557758828421,aaa
97,1557758829421,aaa
98,1557758830421,aaa
Curr Log Value 98 -- Offset in milleseconds: 1670



here
in herrrrrr
94,1557758826422,aaa
95,1557758827421,aaa
96,1557758828421,aaa
97,1557758829421,aaa
98,1557758830421,aaa
99,1557758831421,aaa
Curr Log Value 99 -- Offset in milleseconds: 1666



here
in herrrrrr
95,1557758827421,aaa
96,1557758828421,aaa
97,1557758829421,aaa
98,1557758830421,aaa
99,1557758831421,aaa
100,1557758832422,aa
Curr Log Value 100 -- Offset in milleseconds: 1671



here
in herrrrrr
96,1557758828421,aaa
97,1557758829421,aaa
98,1557758830421,aaa
99,1557758831421,aaa
100,1557758832422,aa
101,1557758833421,aa
Curr Log Value 101 -- Offset in milleseconds: 1665



here
in herrrrrr
97,1557758829421,aaa
98,1557758830421,aaa
99,1557758831421,aaa
100,1557758832422,aa
101,1557758833421,aa
102,1557758834421,aa
Curr Log Value 102 -- Offset in milleseconds: 1678



here
in herrrrrr
98,1557758830421,aaa
99,1557758831421,aaa
100,1557758832422,aa
101,1557758833421,aa
102,1557758834421,aa
103,1557758835421,aa
Curr Log Value 103 -- Offset in milleseconds: 1672



here
in herrrrrr
99,1557758831421,aaa
100,1557758832422,aa
101,1557758833421,aa
102,1557758834421,aa
103,1557758835421,aa
104,1557758836421,aa
Curr Log Value 104 -- Offset in milleseconds: 1659



here
in herrrrrr
100,1557758832422,aa
101,1557758833421,aa
102,1557758834421,aa
103,1557758835421,aa
104,1557758836421,aa
105,1557758837421,aa
Curr Log Value 105 -- Offset in milleseconds: 1667



here
in herrrrrr
101,1557758833421,aa
102,1557758834421,aa
103,1557758835421,aa
104,1557758836421,aa
105,1557758837421,aa
106,1557758838422,aa
Curr Log Value 106 -- Offset in milleseconds: 1672



here
in herrrrrr
102,1557758834421,aa
103,1557758835421,aa
104,1557758836421,aa
105,1557758837421,aa
106,1557758838422,aa
107,1557758839421,aa
Curr Log Value 107 -- Offset in milleseconds: 1671



Client exception: java.rmi.ConnectException: Connection refused to host: 100.26.104.102; nested exception is: 
	java.net.ConnectException: Connection refused (Connection refused)
request Data failed, requesting new Provider
Requesting new Provider other than 100.26.104.102
FATAL ERROR: Master Failure To Respond
misssed 0 out of 74
MISSRATE = 0
