java(25893): Operation not permitted
java: no process found
rm -f *.class
javac Node.java
javac Server.java
Server ready
Requesting Join
Join Accepted By Master, Provider Set To: 52.24.143.203
here
in herrrrrr
79,1557758811421,aaa
Curr Log Value 79 -- Offset in milleseconds: 3509



here
in herrrrrr
79,1557758811421,aaa
80,1557758812421,aaa
Curr Log Value 80 -- Offset in milleseconds: 3469



here
in herrrrrr
79,1557758811421,aaa
80,1557758812421,aaa
81,1557758813421,aaa
Curr Log Value 81 -- Offset in milleseconds: 3467



here
in herrrrrr
79,1557758811421,aaa
80,1557758812421,aaa
81,1557758813421,aaa
82,1557758814422,aaa
Curr Log Value 82 -- Offset in milleseconds: 3454



here
in herrrrrr
79,1557758811421,aaa
80,1557758812421,aaa
81,1557758813421,aaa
82,1557758814422,aaa
83,1557758815422,aaa
Curr Log Value 83 -- Offset in milleseconds: 3447



here
in herrrrrr
79,1557758811421,aaa
80,1557758812421,aaa
81,1557758813421,aaa
82,1557758814422,aaa
83,1557758815422,aaa
84,1557758816422,aaa
Curr Log Value 84 -- Offset in milleseconds: 3445



here
in herrrrrr
80,1557758812421,aaa
81,1557758813421,aaa
82,1557758814422,aaa
83,1557758815422,aaa
84,1557758816422,aaa
85,1557758817421,aaa
Curr Log Value 85 -- Offset in milleseconds: 3457



here
in herrrrrr
81,1557758813421,aaa
82,1557758814422,aaa
83,1557758815422,aaa
84,1557758816422,aaa
85,1557758817421,aaa
86,1557758818421,aaa
Curr Log Value 86 -- Offset in milleseconds: 3455



here
in herrrrrr
82,1557758814422,aaa
83,1557758815422,aaa
84,1557758816422,aaa
85,1557758817421,aaa
86,1557758818421,aaa
87,1557758819421,aaa
Curr Log Value 87 -- Offset in milleseconds: 3448



here
in herrrrrr
83,1557758815422,aaa
84,1557758816422,aaa
85,1557758817421,aaa
86,1557758818421,aaa
87,1557758819421,aaa
88,1557758820421,aaa
Curr Log Value 88 -- Offset in milleseconds: 3447



here
in herrrrrr
84,1557758816422,aaa
85,1557758817421,aaa
86,1557758818421,aaa
87,1557758819421,aaa
88,1557758820421,aaa
89,1557758821421,aaa
Curr Log Value 89 -- Offset in milleseconds: 3446



here
in herrrrrr
85,1557758817421,aaa
86,1557758818421,aaa
87,1557758819421,aaa
88,1557758820421,aaa
89,1557758821421,aaa
90,1557758822421,aaa
Curr Log Value 90 -- Offset in milleseconds: 3454



here
in herrrrrr
86,1557758818421,aaa
87,1557758819421,aaa
88,1557758820421,aaa
89,1557758821421,aaa
90,1557758822421,aaa
91,1557758823421,aaa
Curr Log Value 91 -- Offset in milleseconds: 3443



here
in herrrrrr
87,1557758819421,aaa
88,1557758820421,aaa
89,1557758821421,aaa
90,1557758822421,aaa
91,1557758823421,aaa
92,1557758824421,aaa
Curr Log Value 92 -- Offset in milleseconds: 3444



here
in herrrrrr
88,1557758820421,aaa
89,1557758821421,aaa
90,1557758822421,aaa
91,1557758823421,aaa
92,1557758824421,aaa
93,1557758825421,aaa
Curr Log Value 93 -- Offset in milleseconds: 3447



here
in herrrrrr
89,1557758821421,aaa
90,1557758822421,aaa
91,1557758823421,aaa
92,1557758824421,aaa
93,1557758825421,aaa
94,1557758826422,aaa
Curr Log Value 94 -- Offset in milleseconds: 3456



here
in herrrrrr
90,1557758822421,aaa
91,1557758823421,aaa
92,1557758824421,aaa
93,1557758825421,aaa
94,1557758826422,aaa
95,1557758827421,aaa
Curr Log Value 95 -- Offset in milleseconds: 3453



here
in herrrrrr
91,1557758823421,aaa
92,1557758824421,aaa
93,1557758825421,aaa
94,1557758826422,aaa
95,1557758827421,aaa
96,1557758828421,aaa
Curr Log Value 96 -- Offset in milleseconds: 3450



here
in herrrrrr
92,1557758824421,aaa
93,1557758825421,aaa
94,1557758826422,aaa
95,1557758827421,aaa
96,1557758828421,aaa
97,1557758829421,aaa
Curr Log Value 97 -- Offset in milleseconds: 3442



here
in herrrrrr
93,1557758825421,aaa
94,1557758826422,aaa
95,1557758827421,aaa
96,1557758828421,aaa
97,1557758829421,aaa
98,1557758830421,aaa
Curr Log Value 98 -- Offset in milleseconds: 3454



here
in herrrrrr
94,1557758826422,aaa
95,1557758827421,aaa
96,1557758828421,aaa
97,1557758829421,aaa
98,1557758830421,aaa
99,1557758831421,aaa
Curr Log Value 99 -- Offset in milleseconds: 3446



here
in herrrrrr
95,1557758827421,aaa
96,1557758828421,aaa
97,1557758829421,aaa
98,1557758830421,aaa
99,1557758831421,aaa
100,1557758832422,aa
Curr Log Value 100 -- Offset in milleseconds: 3443



here
in herrrrrr
96,1557758828421,aaa
97,1557758829421,aaa
98,1557758830421,aaa
99,1557758831421,aaa
100,1557758832422,aa
101,1557758833421,aa
Curr Log Value 101 -- Offset in milleseconds: 3443



here
in herrrrrr
97,1557758829421,aaa
98,1557758830421,aaa
99,1557758831421,aaa
100,1557758832422,aa
101,1557758833421,aa
102,1557758834421,aa
Curr Log Value 102 -- Offset in milleseconds: 3451



here
in herrrrrr
98,1557758830421,aaa
99,1557758831421,aaa
100,1557758832422,aa
101,1557758833421,aa
102,1557758834421,aa
103,1557758835421,aa
Curr Log Value 103 -- Offset in milleseconds: 3446



here
in herrrrrr
99,1557758831421,aaa
100,1557758832422,aa
101,1557758833421,aa
102,1557758834421,aa
103,1557758835421,aa
104,1557758836421,aa
Curr Log Value 104 -- Offset in milleseconds: 3442



here
in herrrrrr
100,1557758832422,aa
101,1557758833421,aa
102,1557758834421,aa
103,1557758835421,aa
104,1557758836421,aa
105,1557758837421,aa
Curr Log Value 105 -- Offset in milleseconds: 3445



here
in herrrrrr
101,1557758833421,aa
102,1557758834421,aa
103,1557758835421,aa
104,1557758836421,aa
105,1557758837421,aa
106,1557758838422,aa
Curr Log Value 106 -- Offset in milleseconds: 3452



here
in herrrrrr
102,1557758834421,aa
103,1557758835421,aa
104,1557758836421,aa
105,1557758837421,aa
106,1557758838422,aa
107,1557758839421,aa
Curr Log Value 107 -- Offset in milleseconds: 3445



Client exception: java.rmi.ConnectException: Connection refused to host: 52.24.143.203; nested exception is: 
	java.net.ConnectException: Connection refused (Connection refused)
request Data failed, requesting new Provider
Requesting new Provider other than 52.24.143.203
FATAL ERROR: Master Failure To Respond
misssed 0 out of 28
MISSRATE = 0
