java(32690): Operation not permitted
java: no process found
rm -f *.class
javac Node.java
javac Server.java
Server ready
Requesting Join
Join Accepted By Master, Provider Set To: 34.221.171.231
here
in herrrrrr
86,1557758818421,aaa
Curr Log Value 86 -- Offset in milleseconds: 4200



here
in herrrrrr
86,1557758818421,aaa
87,1557758819421,aaa
Curr Log Value 87 -- Offset in milleseconds: 3828



here
in herrrrrr
86,1557758818421,aaa
87,1557758819421,aaa
88,1557758820421,aaa
Curr Log Value 88 -- Offset in milleseconds: 3884



here
in herrrrrr
86,1557758818421,aaa
87,1557758819421,aaa
88,1557758820421,aaa
89,1557758821421,aaa
Curr Log Value 89 -- Offset in milleseconds: 3953



here
in herrrrrr
86,1557758818421,aaa
87,1557758819421,aaa
88,1557758820421,aaa
89,1557758821421,aaa
90,1557758822421,aaa
Curr Log Value 90 -- Offset in milleseconds: 3951



here
in herrrrrr
86,1557758818421,aaa
87,1557758819421,aaa
88,1557758820421,aaa
89,1557758821421,aaa
90,1557758822421,aaa
91,1557758823421,aaa
Curr Log Value 91 -- Offset in milleseconds: 3944



here
in herrrrrr
87,1557758819421,aaa
88,1557758820421,aaa
89,1557758821421,aaa
90,1557758822421,aaa
91,1557758823421,aaa
92,1557758824421,aaa
Curr Log Value 92 -- Offset in milleseconds: 3918



here
in herrrrrr
88,1557758820421,aaa
89,1557758821421,aaa
90,1557758822421,aaa
91,1557758823421,aaa
92,1557758824421,aaa
93,1557758825421,aaa
Curr Log Value 93 -- Offset in milleseconds: 3890



here
in herrrrrr
89,1557758821421,aaa
90,1557758822421,aaa
91,1557758823421,aaa
92,1557758824421,aaa
93,1557758825421,aaa
94,1557758826422,aaa
Curr Log Value 94 -- Offset in milleseconds: 3878



here
in herrrrrr
90,1557758822421,aaa
91,1557758823421,aaa
92,1557758824421,aaa
93,1557758825421,aaa
94,1557758826422,aaa
95,1557758827421,aaa
Curr Log Value 95 -- Offset in milleseconds: 3878



here
in herrrrrr
91,1557758823421,aaa
92,1557758824421,aaa
93,1557758825421,aaa
94,1557758826422,aaa
95,1557758827421,aaa
96,1557758828421,aaa
Curr Log Value 96 -- Offset in milleseconds: 3881



here
in herrrrrr
92,1557758824421,aaa
93,1557758825421,aaa
94,1557758826422,aaa
95,1557758827421,aaa
96,1557758828421,aaa
97,1557758829421,aaa
Curr Log Value 97 -- Offset in milleseconds: 3901



here
in herrrrrr
93,1557758825421,aaa
94,1557758826422,aaa
95,1557758827421,aaa
96,1557758828421,aaa
97,1557758829421,aaa
98,1557758830421,aaa
Curr Log Value 98 -- Offset in milleseconds: 3889



here
in herrrrrr
94,1557758826422,aaa
95,1557758827421,aaa
96,1557758828421,aaa
97,1557758829421,aaa
98,1557758830421,aaa
99,1557758831421,aaa
Curr Log Value 99 -- Offset in milleseconds: 3883



here
in herrrrrr
95,1557758827421,aaa
96,1557758828421,aaa
97,1557758829421,aaa
98,1557758830421,aaa
99,1557758831421,aaa
100,1557758832422,aa
Curr Log Value 100 -- Offset in milleseconds: 3875



here
in herrrrrr
96,1557758828421,aaa
97,1557758829421,aaa
98,1557758830421,aaa
99,1557758831421,aaa
100,1557758832422,aa
101,1557758833421,aa
Curr Log Value 101 -- Offset in milleseconds: 3888



here
in herrrrrr
97,1557758829421,aaa
98,1557758830421,aaa
99,1557758831421,aaa
100,1557758832422,aa
101,1557758833421,aa
102,1557758834421,aa
Curr Log Value 102 -- Offset in milleseconds: 3886



here
in herrrrrr
98,1557758830421,aaa
99,1557758831421,aaa
100,1557758832422,aa
101,1557758833421,aa
102,1557758834421,aa
103,1557758835421,aa
Curr Log Value 103 -- Offset in milleseconds: 3883



here
in herrrrrr
99,1557758831421,aaa
100,1557758832422,aa
101,1557758833421,aa
102,1557758834421,aa
103,1557758835421,aa
104,1557758836421,aa
Curr Log Value 104 -- Offset in milleseconds: 3877



here
in herrrrrr
100,1557758832422,aa
101,1557758833421,aa
102,1557758834421,aa
103,1557758835421,aa
104,1557758836421,aa
105,1557758837421,aa
Curr Log Value 105 -- Offset in milleseconds: 3888



here
in herrrrrr
101,1557758833421,aa
102,1557758834421,aa
103,1557758835421,aa
104,1557758836421,aa
105,1557758837421,aa
106,1557758838422,aa
Curr Log Value 106 -- Offset in milleseconds: 3876



here
in herrrrrr
102,1557758834421,aa
103,1557758835421,aa
104,1557758836421,aa
105,1557758837421,aa
106,1557758838422,aa
107,1557758839421,aa
Curr Log Value 107 -- Offset in milleseconds: 3879



here
Client exception: java.rmi.UnmarshalException: error unmarshalling return; nested exception is: 
	java.io.EOFException
request Data failed, requesting new Provider
Requesting new Provider other than 34.221.171.231
FATAL ERROR: Master Failure To Respond
misssed 0 out of 21
MISSRATE = 0
