java(23208): Operation not permitted
java: no process found
rm -f *.class
javac Node.java
javac Server.java
Server ready
Requesting Join
Join Accepted By Master, Provider Set To: 54.193.125.205
here
in herrrrrr
69,1557758801422,aaa
Curr Log Value 69 -- Offset in milleseconds: 3303



here
in herrrrrr
69,1557758801422,aaa
70,1557758802421,aaa
Curr Log Value 70 -- Offset in milleseconds: 3178



here
in herrrrrr
69,1557758801422,aaa
70,1557758802421,aaa
71,1557758803421,aaa
Curr Log Value 71 -- Offset in milleseconds: 3168



here
in herrrrrr
69,1557758801422,aaa
70,1557758802421,aaa
71,1557758803421,aaa
72,1557758804422,aaa
Curr Log Value 72 -- Offset in milleseconds: 3163



here
in herrrrrr
69,1557758801422,aaa
70,1557758802421,aaa
71,1557758803421,aaa
72,1557758804422,aaa
73,1557758805421,aaa
Curr Log Value 73 -- Offset in milleseconds: 3162



here
in herrrrrr
69,1557758801422,aaa
70,1557758802421,aaa
71,1557758803421,aaa
72,1557758804422,aaa
73,1557758805421,aaa
74,1557758806421,aaa
Curr Log Value 74 -- Offset in milleseconds: 3158



here
in herrrrrr
70,1557758802421,aaa
71,1557758803421,aaa
72,1557758804422,aaa
73,1557758805421,aaa
74,1557758806421,aaa
75,1557758807421,aaa
Curr Log Value 75 -- Offset in milleseconds: 3161



here
in herrrrrr
71,1557758803421,aaa
72,1557758804422,aaa
73,1557758805421,aaa
74,1557758806421,aaa
75,1557758807421,aaa
76,1557758808422,aaa
Curr Log Value 76 -- Offset in milleseconds: 3166



here
in herrrrrr
72,1557758804422,aaa
73,1557758805421,aaa
74,1557758806421,aaa
75,1557758807421,aaa
76,1557758808422,aaa
77,1557758809421,aaa
Curr Log Value 77 -- Offset in milleseconds: 3158



here
in herrrrrr
73,1557758805421,aaa
74,1557758806421,aaa
75,1557758807421,aaa
76,1557758808422,aaa
77,1557758809421,aaa
78,1557758810421,aaa
Curr Log Value 78 -- Offset in milleseconds: 3157



here
in herrrrrr
74,1557758806421,aaa
75,1557758807421,aaa
76,1557758808422,aaa
77,1557758809421,aaa
78,1557758810421,aaa
79,1557758811421,aaa
Curr Log Value 79 -- Offset in milleseconds: 3157



here
in herrrrrr
75,1557758807421,aaa
76,1557758808422,aaa
77,1557758809421,aaa
78,1557758810421,aaa
79,1557758811421,aaa
80,1557758812421,aaa
Curr Log Value 80 -- Offset in milleseconds: 3164



here
in herrrrrr
76,1557758808422,aaa
77,1557758809421,aaa
78,1557758810421,aaa
79,1557758811421,aaa
80,1557758812421,aaa
81,1557758813421,aaa
Curr Log Value 81 -- Offset in milleseconds: 3182



here
in herrrrrr
77,1557758809421,aaa
78,1557758810421,aaa
79,1557758811421,aaa
80,1557758812421,aaa
81,1557758813421,aaa
82,1557758814422,aaa
Curr Log Value 82 -- Offset in milleseconds: 3180



here
in herrrrrr
78,1557758810421,aaa
79,1557758811421,aaa
80,1557758812421,aaa
81,1557758813421,aaa
82,1557758814422,aaa
83,1557758815422,aaa
Curr Log Value 83 -- Offset in milleseconds: 3192



here
in herrrrrr
79,1557758811421,aaa
80,1557758812421,aaa
81,1557758813421,aaa
82,1557758814422,aaa
83,1557758815422,aaa
84,1557758816422,aaa
Curr Log Value 84 -- Offset in milleseconds: 3179



here
in herrrrrr
80,1557758812421,aaa
81,1557758813421,aaa
82,1557758814422,aaa
83,1557758815422,aaa
84,1557758816422,aaa
85,1557758817421,aaa
Curr Log Value 85 -- Offset in milleseconds: 3178



here
in herrrrrr
81,1557758813421,aaa
82,1557758814422,aaa
83,1557758815422,aaa
84,1557758816422,aaa
85,1557758817421,aaa
86,1557758818421,aaa
Curr Log Value 86 -- Offset in milleseconds: 3191



here
in herrrrrr
82,1557758814422,aaa
83,1557758815422,aaa
84,1557758816422,aaa
85,1557758817421,aaa
86,1557758818421,aaa
87,1557758819421,aaa
Curr Log Value 87 -- Offset in milleseconds: 3176



here
in herrrrrr
83,1557758815422,aaa
84,1557758816422,aaa
85,1557758817421,aaa
86,1557758818421,aaa
87,1557758819421,aaa
88,1557758820421,aaa
Curr Log Value 88 -- Offset in milleseconds: 3177



here
in herrrrrr
84,1557758816422,aaa
85,1557758817421,aaa
86,1557758818421,aaa
87,1557758819421,aaa
88,1557758820421,aaa
89,1557758821421,aaa
Curr Log Value 89 -- Offset in milleseconds: 3188



here
in herrrrrr
85,1557758817421,aaa
86,1557758818421,aaa
87,1557758819421,aaa
88,1557758820421,aaa
89,1557758821421,aaa
90,1557758822421,aaa
Curr Log Value 90 -- Offset in milleseconds: 3176



here
in herrrrrr
86,1557758818421,aaa
87,1557758819421,aaa
88,1557758820421,aaa
89,1557758821421,aaa
90,1557758822421,aaa
91,1557758823421,aaa
Curr Log Value 91 -- Offset in milleseconds: 3175



here
in herrrrrr
87,1557758819421,aaa
88,1557758820421,aaa
89,1557758821421,aaa
90,1557758822421,aaa
91,1557758823421,aaa
92,1557758824421,aaa
Curr Log Value 92 -- Offset in milleseconds: 3187



here
in herrrrrr
88,1557758820421,aaa
89,1557758821421,aaa
90,1557758822421,aaa
91,1557758823421,aaa
92,1557758824421,aaa
93,1557758825421,aaa
Curr Log Value 93 -- Offset in milleseconds: 3177



here
in herrrrrr
89,1557758821421,aaa
90,1557758822421,aaa
91,1557758823421,aaa
92,1557758824421,aaa
93,1557758825421,aaa
94,1557758826422,aaa
Curr Log Value 94 -- Offset in milleseconds: 3176



here
in herrrrrr
90,1557758822421,aaa
91,1557758823421,aaa
92,1557758824421,aaa
93,1557758825421,aaa
94,1557758826422,aaa
95,1557758827421,aaa
Curr Log Value 95 -- Offset in milleseconds: 3189



here
in herrrrrr
91,1557758823421,aaa
92,1557758824421,aaa
93,1557758825421,aaa
94,1557758826422,aaa
95,1557758827421,aaa
96,1557758828421,aaa
Curr Log Value 96 -- Offset in milleseconds: 3177



here
in herrrrrr
92,1557758824421,aaa
93,1557758825421,aaa
94,1557758826422,aaa
95,1557758827421,aaa
96,1557758828421,aaa
97,1557758829421,aaa
Curr Log Value 97 -- Offset in milleseconds: 3179



here
in herrrrrr
93,1557758825421,aaa
94,1557758826422,aaa
95,1557758827421,aaa
96,1557758828421,aaa
97,1557758829421,aaa
98,1557758830421,aaa
Curr Log Value 98 -- Offset in milleseconds: 3192



here
in herrrrrr
94,1557758826422,aaa
95,1557758827421,aaa
96,1557758828421,aaa
97,1557758829421,aaa
98,1557758830421,aaa
99,1557758831421,aaa
Curr Log Value 99 -- Offset in milleseconds: 3177



here
in herrrrrr
95,1557758827421,aaa
96,1557758828421,aaa
97,1557758829421,aaa
98,1557758830421,aaa
99,1557758831421,aaa
100,1557758832422,aa
Curr Log Value 100 -- Offset in milleseconds: 3180



here
in herrrrrr
96,1557758828421,aaa
97,1557758829421,aaa
98,1557758830421,aaa
99,1557758831421,aaa
100,1557758832422,aa
101,1557758833421,aa
Curr Log Value 101 -- Offset in milleseconds: 3186



here
in herrrrrr
97,1557758829421,aaa
98,1557758830421,aaa
99,1557758831421,aaa
100,1557758832422,aa
101,1557758833421,aa
102,1557758834421,aa
Curr Log Value 102 -- Offset in milleseconds: 3176



here
in herrrrrr
98,1557758830421,aaa
99,1557758831421,aaa
100,1557758832422,aa
101,1557758833421,aa
102,1557758834421,aa
103,1557758835421,aa
Curr Log Value 103 -- Offset in milleseconds: 3176



here
in herrrrrr
99,1557758831421,aaa
100,1557758832422,aa
101,1557758833421,aa
102,1557758834421,aa
103,1557758835421,aa
104,1557758836421,aa
Curr Log Value 104 -- Offset in milleseconds: 3186



here
in herrrrrr
100,1557758832422,aa
101,1557758833421,aa
102,1557758834421,aa
103,1557758835421,aa
104,1557758836421,aa
105,1557758837421,aa
Curr Log Value 105 -- Offset in milleseconds: 3179



here
in herrrrrr
101,1557758833421,aa
102,1557758834421,aa
103,1557758835421,aa
104,1557758836421,aa
105,1557758837421,aa
106,1557758838422,aa
Curr Log Value 106 -- Offset in milleseconds: 3176



here
in herrrrrr
102,1557758834421,aa
103,1557758835421,aa
104,1557758836421,aa
105,1557758837421,aa
106,1557758838422,aa
107,1557758839421,aa
Curr Log Value 107 -- Offset in milleseconds: 3186



Client exception: java.rmi.ConnectException: Connection refused to host: 54.193.125.205; nested exception is: 
	java.net.ConnectException: Connection refused (Connection refused)
request Data failed, requesting new Provider
Requesting new Provider other than 54.193.125.205
FATAL ERROR: Master Failure To Respond
misssed 0 out of 38
MISSRATE = 0
